<test-run id="2" testcasecount="110" result="Passed" start-time="2023-03-01 15:47:06.378489" end-time="2023-03-01 15:47:23.046506" duration="16" total="110" passed="98" failed="12" inconclusive="0" skipped="0" asserts="0" clr-version="3.8.10 (default, Mar 15 2022, 12:22:08) &#10;[GCC 9.4.0]" engine-version="3.6.2"><command-line>/home/timadmin/code/nafigator/.venv/bin/pytest tests/</command-line><filter><test re="0">tests/</test></filter><test-suite id="tests/test_utils.py::TestUtils" name="tests/test_utils.py::TestUtils" fullname="tests/test_utils.py::TestUtils" methodname="" classname="" runstate="Runnable" type="Assembly" testcasecount="23" result="Passed" label="The basic class that inherits unittest.TestCase" start-time="2023-03-01 15:47:22.976111" end-time="2023-03-01 15:47:23.046021" duration="0.06991" asserts="0" total="23" passed="23" failed="0" warnings="0" inconclusive="0" skipped="0"><properties><property name="python_version" value="3.8.10 (default, Mar 15 2022, 12:22:08) &#10;[GCC 9.4.0]" /></properties><test-case id="187" name="tests/test_utils.py::TestUtils::test_dataframe2naf" fullname="tests/test_utils.py::TestUtils::test_dataframe2naf" methodname="test_dataframe2naf" classname="TestUtils" runstate="Runnable" seed="1" result="Passed" label="This function evaluates metadata and reruns files with naf error.&#10;        Input:&#10;            df_meta: the dataframe containing the meta data for the NAF files.&#10;            overwrite_existing_naf: if True then existing NAF files are overwritten (default = False)&#10;            rerun_files_with_naf_errors: if True then documents that produced NAF errors are run again (default = False)&#10;            engine: name of the NLP processor to be used (default = None)&#10;            naf_version: NAF version to be used&#10;            dtd_validation: perform validation of each NAF file (default = False)&#10;            params: additional parameters for NAF conversion&#10;        Level: 0&#10;        Scenarios:&#10;            missing dc:language&#10;            missing dc:source&#10;            rerun_files_with_naf_errors True&#10;            overwrite_existing_naf True" start-time="2023-03-01 15:47:22.976111" end-time="2023-03-01 15:47:22.977047" duration="0.000936" asserts="0"><properties><property name="python-version" value="3.8.10 (default, Mar 15 2022, 12:22:08) &#10;[GCC 9.4.0]" /><property name="fspath" value="tests/test_utils.py" /></properties><environment framework-version="3.6.2" clr-version="3.8.10 (default, Mar 15 2022, 12:22:08) &#10;[GCC 9.4.0]" os-version="5.15.79.1-microsoft-standard-WSL2" platform="Linux" cwd="/home/timadmin/code/nafigator" machine-name="x86_64" user="" user-domain="" culture="en_US" uiculture="en_US" os-architecture="64bit" /><failure><message><![CDATA[]]></message><stack-trace><![CDATA[None]]></stack-trace></failure><reason><message><![CDATA[]]></message></reason><output><![CDATA[]]></output></test-case><test-case id="188" name="tests/test_utils.py::TestUtils::test_evaluate_sentence" fullname="tests/test_utils.py::TestUtils::test_evaluate_sentence" methodname="test_evaluate_sentence" classname="TestUtils" runstate="Runnable" seed="1" result="Passed" label="OUTDATED - CHECK TO REMOVE&#10;        This function evaluates a sentence on occurrence of mandatory terms and non occurrence of&#10;        term to avoid&#10;        Input:&#10;        Level: &#10;        Scenarios:" start-time="2023-03-01 15:47:22.977716" end-time="2023-03-01 15:47:22.980524" duration="0.002808" asserts="0"><properties><property name="python-version" value="3.8.10 (default, Mar 15 2022, 12:22:08) &#10;[GCC 9.4.0]" /><property name="fspath" value="tests/test_utils.py" /></properties><environment framework-version="3.6.2" clr-version="3.8.10 (default, Mar 15 2022, 12:22:08) &#10;[GCC 9.4.0]" os-version="5.15.79.1-microsoft-standard-WSL2" platform="Linux" cwd="/home/timadmin/code/nafigator" machine-name="x86_64" user="" user-domain="" culture="en_US" uiculture="en_US" os-architecture="64bit" /><failure><message><![CDATA[]]></message><stack-trace><![CDATA[None]]></stack-trace></failure><reason><message><![CDATA[]]></message></reason><output><![CDATA[]]></output></test-case><test-case id="189" name="tests/test_utils.py::TestUtils::test_get_context_rows" fullname="tests/test_utils.py::TestUtils::test_get_context_rows" methodname="test_get_context_rows" classname="TestUtils" runstate="Runnable" seed="1" result="Passed" label="This function retrieves the line where word has been found with option to also retreive sentences/paragraphs&#10;            before and after&#10;        Input:&#10;            ref_text: a sentence or paragraph from the sentences or paragraphs layer as a dictionary to retrieve extra&#10;                context for&#10;            naf: a NafDocument.sentences or NafDocument.paragaphs (can be rewritten with search_level as extra input)&#10;            context_range: amount of context lines around ref_text&#10;        Level: 0&#10;        Scenarios:&#10;            context range = 0&#10;            context range = 2&#10;            sentence&#10;            paragraph" start-time="2023-03-01 15:47:22.981107" end-time="2023-03-01 15:47:22.981898" duration="0.000791" asserts="0"><properties><property name="python-version" value="3.8.10 (default, Mar 15 2022, 12:22:08) &#10;[GCC 9.4.0]" /><property name="fspath" value="tests/test_utils.py" /></properties><environment framework-version="3.6.2" clr-version="3.8.10 (default, Mar 15 2022, 12:22:08) &#10;[GCC 9.4.0]" os-version="5.15.79.1-microsoft-standard-WSL2" platform="Linux" cwd="/home/timadmin/code/nafigator" machine-name="x86_64" user="" user-domain="" culture="en_US" uiculture="en_US" os-architecture="64bit" /><failure><message><![CDATA[]]></message><stack-trace><![CDATA[None]]></stack-trace></failure><reason><message><![CDATA[]]></message></reason><output><![CDATA[]]></output></test-case><test-case id="190" name="tests/test_utils.py::TestUtils::test_get_textlines" fullname="tests/test_utils.py::TestUtils::test_get_textlines" methodname="test_get_textlines" classname="TestUtils" runstate="Runnable" seed="1" result="Passed" label="test already written above. Move below to follow seem order as in utils.py&#10;        This function&#10;        Input:&#10;        Level:&#10;        Scenarios:" start-time="2023-03-01 15:47:22.982981" end-time="2023-03-01 15:47:22.984142" duration="0.001161" asserts="0"><properties><property name="python-version" value="3.8.10 (default, Mar 15 2022, 12:22:08) &#10;[GCC 9.4.0]" /><property name="fspath" value="tests/test_utils.py" /></properties><environment framework-version="3.6.2" clr-version="3.8.10 (default, Mar 15 2022, 12:22:08) &#10;[GCC 9.4.0]" os-version="5.15.79.1-microsoft-standard-WSL2" platform="Linux" cwd="/home/timadmin/code/nafigator" machine-name="x86_64" user="" user-domain="" culture="en_US" uiculture="en_US" os-architecture="64bit" /><failure><message><![CDATA[]]></message><stack-trace><![CDATA[None]]></stack-trace></failure><reason><message><![CDATA[]]></message></reason><output><![CDATA[]]></output></test-case><test-case id="191" name="tests/test_utils.py::TestUtils::test_get_textlines_0_sentence_in_fist_textline" fullname="tests/test_utils.py::TestUtils::test_get_textlines_0_sentence_in_fist_textline" methodname="test_get_textlines_0_sentence_in_fist_textline" classname="TestUtils" runstate="Runnable" seed="1" result="Passed" label="" start-time="2023-03-01 15:47:22.984712" end-time="2023-03-01 15:47:22.985592" duration="0.00088" asserts="0"><properties><property name="python-version" value="3.8.10 (default, Mar 15 2022, 12:22:08) &#10;[GCC 9.4.0]" /><property name="fspath" value="tests/test_utils.py" /></properties><environment framework-version="3.6.2" clr-version="3.8.10 (default, Mar 15 2022, 12:22:08) &#10;[GCC 9.4.0]" os-version="5.15.79.1-microsoft-standard-WSL2" platform="Linux" cwd="/home/timadmin/code/nafigator" machine-name="x86_64" user="" user-domain="" culture="en_US" uiculture="en_US" os-architecture="64bit" /><failure><message><![CDATA[]]></message><stack-trace><![CDATA[None]]></stack-trace></failure><reason><message><![CDATA[]]></message></reason><output><![CDATA[]]></output></test-case><test-case id="192" name="tests/test_utils.py::TestUtils::test_get_textlines_1_sentence_in_one_textline" fullname="tests/test_utils.py::TestUtils::test_get_textlines_1_sentence_in_one_textline" methodname="test_get_textlines_1_sentence_in_one_textline" classname="TestUtils" runstate="Runnable" seed="1" result="Passed" label="" start-time="2023-03-01 15:47:22.987330" end-time="2023-03-01 15:47:22.988069" duration="0.000739" asserts="0"><properties><property name="python-version" value="3.8.10 (default, Mar 15 2022, 12:22:08) &#10;[GCC 9.4.0]" /><property name="fspath" value="tests/test_utils.py" /></properties><environment framework-version="3.6.2" clr-version="3.8.10 (default, Mar 15 2022, 12:22:08) &#10;[GCC 9.4.0]" os-version="5.15.79.1-microsoft-standard-WSL2" platform="Linux" cwd="/home/timadmin/code/nafigator" machine-name="x86_64" user="" user-domain="" culture="en_US" uiculture="en_US" os-architecture="64bit" /><failure><message><![CDATA[]]></message><stack-trace><![CDATA[None]]></stack-trace></failure><reason><message><![CDATA[]]></message></reason><output><![CDATA[]]></output></test-case><test-case id="193" name="tests/test_utils.py::TestUtils::test_get_textlines_2_sentence_split_over_two_lines" fullname="tests/test_utils.py::TestUtils::test_get_textlines_2_sentence_split_over_two_lines" methodname="test_get_textlines_2_sentence_split_over_two_lines" classname="TestUtils" runstate="Runnable" seed="1" result="Passed" label="" start-time="2023-03-01 15:47:22.988845" end-time="2023-03-01 15:47:22.990227" duration="0.001382" asserts="0"><properties><property name="python-version" value="3.8.10 (default, Mar 15 2022, 12:22:08) &#10;[GCC 9.4.0]" /><property name="fspath" value="tests/test_utils.py" /></properties><environment framework-version="3.6.2" clr-version="3.8.10 (default, Mar 15 2022, 12:22:08) &#10;[GCC 9.4.0]" os-version="5.15.79.1-microsoft-standard-WSL2" platform="Linux" cwd="/home/timadmin/code/nafigator" machine-name="x86_64" user="" user-domain="" culture="en_US" uiculture="en_US" os-architecture="64bit" /><failure><message><![CDATA[]]></message><stack-trace><![CDATA[None]]></stack-trace></failure><reason><message><![CDATA[]]></message></reason><output><![CDATA[]]></output></test-case><test-case id="194" name="tests/test_utils.py::TestUtils::test_get_textlines_3_sentence_in_last_textlines" fullname="tests/test_utils.py::TestUtils::test_get_textlines_3_sentence_in_last_textlines" methodname="test_get_textlines_3_sentence_in_last_textlines" classname="TestUtils" runstate="Runnable" seed="1" result="Passed" label="" start-time="2023-03-01 15:47:22.991263" end-time="2023-03-01 15:47:22.992901" duration="0.001638" asserts="0"><properties><property name="python-version" value="3.8.10 (default, Mar 15 2022, 12:22:08) &#10;[GCC 9.4.0]" /><property name="fspath" value="tests/test_utils.py" /></properties><environment framework-version="3.6.2" clr-version="3.8.10 (default, Mar 15 2022, 12:22:08) &#10;[GCC 9.4.0]" os-version="5.15.79.1-microsoft-standard-WSL2" platform="Linux" cwd="/home/timadmin/code/nafigator" machine-name="x86_64" user="" user-domain="" culture="en_US" uiculture="en_US" os-architecture="64bit" /><failure><message><![CDATA[]]></message><stack-trace><![CDATA[None]]></stack-trace></failure><reason><message><![CDATA[]]></message></reason><output><![CDATA[]]></output></test-case><test-case id="195" name="tests/test_utils.py::TestUtils::test_glue_sentences_separated_by_colons" fullname="tests/test_utils.py::TestUtils::test_glue_sentences_separated_by_colons" methodname="test_glue_sentences_separated_by_colons" classname="TestUtils" runstate="Runnable" seed="1" result="Passed" label="NOT BEING USED IN NAFIGATOR - CHECK USAGE OTHER PACKAGES&#10;        This function glues sentences that are separated by colons&#10;        Input:&#10;            doc: the NafDocument&#10;            language: language used for lemmatization&#10;            nlp: dictionary of nlp processors    &#10;        Level: 0&#10;        Scenarios:&#10;            NafDocument with colons" start-time="2023-03-01 15:47:22.993387" end-time="2023-03-01 15:47:22.994151" duration="0.000764" asserts="0"><properties><property name="python-version" value="3.8.10 (default, Mar 15 2022, 12:22:08) &#10;[GCC 9.4.0]" /><property name="fspath" value="tests/test_utils.py" /></properties><environment framework-version="3.6.2" clr-version="3.8.10 (default, Mar 15 2022, 12:22:08) &#10;[GCC 9.4.0]" os-version="5.15.79.1-microsoft-standard-WSL2" platform="Linux" cwd="/home/timadmin/code/nafigator" machine-name="x86_64" user="" user-domain="" culture="en_US" uiculture="en_US" os-architecture="64bit" /><failure><message><![CDATA[]]></message><stack-trace><![CDATA[None]]></stack-trace></failure><reason><message><![CDATA[]]></message></reason><output><![CDATA[]]></output></test-case><test-case id="196" name="tests/test_utils.py::TestUtils::test_glue_terms_separated_by_hard_hyphens" fullname="tests/test_utils.py::TestUtils::test_glue_terms_separated_by_hard_hyphens" methodname="test_glue_terms_separated_by_hard_hyphens" classname="TestUtils" runstate="Runnable" seed="1" result="Passed" label="NOT BEING USED IN NAFIGATOR - CHECK USAGE OTHER PACKAGES&#10;        This function glues terms that are separated by hard hyphens&#10;        Input:&#10;            doc: the NafDocument&#10;            language: language used for lemmatization&#10;            nlp: dictionary of nlp processors&#10;        Level: 0&#10;        Scenarios:&#10;            NafDocument with hard hyphens" start-time="2023-03-01 15:47:22.995028" end-time="2023-03-01 15:47:22.996170" duration="0.001142" asserts="0"><properties><property name="python-version" value="3.8.10 (default, Mar 15 2022, 12:22:08) &#10;[GCC 9.4.0]" /><property name="fspath" value="tests/test_utils.py" /></properties><environment framework-version="3.6.2" clr-version="3.8.10 (default, Mar 15 2022, 12:22:08) &#10;[GCC 9.4.0]" os-version="5.15.79.1-microsoft-standard-WSL2" platform="Linux" cwd="/home/timadmin/code/nafigator" machine-name="x86_64" user="" user-domain="" culture="en_US" uiculture="en_US" os-architecture="64bit" /><failure><message><![CDATA[]]></message><stack-trace><![CDATA[None]]></stack-trace></failure><reason><message><![CDATA[]]></message></reason><output><![CDATA[]]></output></test-case><test-case id="197" name="tests/test_utils.py::TestUtils::test_glue_terms_separated_by_soft_hyphens" fullname="tests/test_utils.py::TestUtils::test_glue_terms_separated_by_soft_hyphens" methodname="test_glue_terms_separated_by_soft_hyphens" classname="TestUtils" runstate="Runnable" seed="1" result="Passed" label="NOT BEING USED IN NAFIGATOR - CHECK USAGE OTHER PACKAGES&#10;        This function glues terms that are separated by soft hyphens&#10;        Input:&#10;            doc: the NafDocument&#10;            language: language used for lemmatization&#10;            nlp: dictionary of nlp processors&#10;        Level: 0&#10;        Scenarios:&#10;            NafDocument with soft hyphens" start-time="2023-03-01 15:47:22.996644" end-time="2023-03-01 15:47:22.998016" duration="0.001372" asserts="0"><properties><property name="python-version" value="3.8.10 (default, Mar 15 2022, 12:22:08) &#10;[GCC 9.4.0]" /><property name="fspath" value="tests/test_utils.py" /></properties><environment framework-version="3.6.2" clr-version="3.8.10 (default, Mar 15 2022, 12:22:08) &#10;[GCC 9.4.0]" os-version="5.15.79.1-microsoft-standard-WSL2" platform="Linux" cwd="/home/timadmin/code/nafigator" machine-name="x86_64" user="" user-domain="" culture="en_US" uiculture="en_US" os-architecture="64bit" /><failure><message><![CDATA[]]></message><stack-trace><![CDATA[None]]></stack-trace></failure><reason><message><![CDATA[]]></message></reason><output><![CDATA[]]></output></test-case><test-case id="198" name="tests/test_utils.py::TestUtils::test_lemmatize" fullname="tests/test_utils.py::TestUtils::test_lemmatize" methodname="test_lemmatize" classname="TestUtils" runstate="Runnable" seed="1" result="Passed" label="OUTDATED - CHECK TO REMOVE&#10;        This function lemmatizes text in onject&#10;        Input:&#10;            o: the object with text to be lemmatized&#10;            language: language used for lemmatization&#10;            nlp: dictionary of nlp processors&#10;        Level: 0&#10;        Scenarios:&#10;            string&#10;            list&#10;            dict&#10;            series&#10;            dataframe" start-time="2023-03-01 15:47:22.999343" end-time="2023-03-01 15:47:23.000805" duration="0.001462" asserts="0"><properties><property name="python-version" value="3.8.10 (default, Mar 15 2022, 12:22:08) &#10;[GCC 9.4.0]" /><property name="fspath" value="tests/test_utils.py" /></properties><environment framework-version="3.6.2" clr-version="3.8.10 (default, Mar 15 2022, 12:22:08) &#10;[GCC 9.4.0]" os-version="5.15.79.1-microsoft-standard-WSL2" platform="Linux" cwd="/home/timadmin/code/nafigator" machine-name="x86_64" user="" user-domain="" culture="en_US" uiculture="en_US" os-architecture="64bit" /><failure><message><![CDATA[]]></message><stack-trace><![CDATA[None]]></stack-trace></failure><reason><message><![CDATA[]]></message></reason><output><![CDATA[]]></output></test-case><test-case id="199" name="tests/test_utils.py::TestUtils::test_lemmatize_sentence" fullname="tests/test_utils.py::TestUtils::test_lemmatize_sentence" methodname="test_lemmatize_sentence" classname="TestUtils" runstate="Runnable" seed="1" result="Passed" label="OUTDATED - CHECK TO REMOVE&#10;        This function lemmatizes a naf sentence&#10;        Input:&#10;            sentence: dict of sentence (naf)&#10;            terms: list of terms dict (naf)&#10;        Level: 0&#10;        Scenarios:&#10;            sentence to be lemmatized" start-time="2023-03-01 15:47:23.001304" end-time="2023-03-01 15:47:23.002125" duration="0.000821" asserts="0"><properties><property name="python-version" value="3.8.10 (default, Mar 15 2022, 12:22:08) &#10;[GCC 9.4.0]" /><property name="fspath" value="tests/test_utils.py" /></properties><environment framework-version="3.6.2" clr-version="3.8.10 (default, Mar 15 2022, 12:22:08) &#10;[GCC 9.4.0]" os-version="5.15.79.1-microsoft-standard-WSL2" platform="Linux" cwd="/home/timadmin/code/nafigator" machine-name="x86_64" user="" user-domain="" culture="en_US" uiculture="en_US" os-architecture="64bit" /><failure><message><![CDATA[]]></message><stack-trace><![CDATA[None]]></stack-trace></failure><reason><message><![CDATA[]]></message></reason><output><![CDATA[]]></output></test-case><test-case id="200" name="tests/test_utils.py::TestUtils::test_load_dtd" fullname="tests/test_utils.py::TestUtils::test_load_dtd" methodname="test_load_dtd" classname="TestUtils" runstate="Runnable" seed="1" result="Passed" label="This function loads dtd&#10;        Input:&#10;            dtd_url: the location of the dtd file&#10;        Level: 0&#10;        Scenarios:&#10;            check if dtd has been loaded" start-time="2023-03-01 15:47:23.002821" end-time="2023-03-01 15:47:23.003536" duration="0.000715" asserts="0"><properties><property name="python-version" value="3.8.10 (default, Mar 15 2022, 12:22:08) &#10;[GCC 9.4.0]" /><property name="fspath" value="tests/test_utils.py" /></properties><environment framework-version="3.6.2" clr-version="3.8.10 (default, Mar 15 2022, 12:22:08) &#10;[GCC 9.4.0]" os-version="5.15.79.1-microsoft-standard-WSL2" platform="Linux" cwd="/home/timadmin/code/nafigator" machine-name="x86_64" user="" user-domain="" culture="en_US" uiculture="en_US" os-architecture="64bit" /><failure><message><![CDATA[]]></message><stack-trace><![CDATA[None]]></stack-trace></failure><reason><message><![CDATA[]]></message></reason><output><![CDATA[]]></output></test-case><test-case id="201" name="tests/test_utils.py::TestUtils::test_lowercase" fullname="tests/test_utils.py::TestUtils::test_lowercase" methodname="test_lowercase" classname="TestUtils" runstate="Runnable" seed="1" result="Passed" label="OUTDATED - CHECK TO REMOVE&#10;        This function&#10;        Input:&#10;        Level:&#10;        Scenarios:" start-time="2023-03-01 15:47:23.004108" end-time="2023-03-01 15:47:23.004898" duration="0.00079" asserts="0"><properties><property name="python-version" value="3.8.10 (default, Mar 15 2022, 12:22:08) &#10;[GCC 9.4.0]" /><property name="fspath" value="tests/test_utils.py" /></properties><environment framework-version="3.6.2" clr-version="3.8.10 (default, Mar 15 2022, 12:22:08) &#10;[GCC 9.4.0]" os-version="5.15.79.1-microsoft-standard-WSL2" platform="Linux" cwd="/home/timadmin/code/nafigator" machine-name="x86_64" user="" user-domain="" culture="en_US" uiculture="en_US" os-architecture="64bit" /><failure><message><![CDATA[]]></message><stack-trace><![CDATA[None]]></stack-trace></failure><reason><message><![CDATA[]]></message></reason><output><![CDATA[]]></output></test-case><test-case id="202" name="tests/test_utils.py::TestUtils::test_normalize_token_orth" fullname="tests/test_utils.py::TestUtils::test_normalize_token_orth" methodname="test_normalize_token_orth" classname="TestUtils" runstate="Runnable" seed="1" result="Passed" label="This function normalizes the token text&#10;        Input:&#10;            orth: the token text to be normalized&#10;        Level: 1&#10;        Scenarios:&#10;            orth with &#10;&#10;            orth wihout" start-time="2023-03-01 15:47:23.005574" end-time="2023-03-01 15:47:23.007590" duration="0.002016" asserts="0"><properties><property name="python-version" value="3.8.10 (default, Mar 15 2022, 12:22:08) &#10;[GCC 9.4.0]" /><property name="fspath" value="tests/test_utils.py" /></properties><environment framework-version="3.6.2" clr-version="3.8.10 (default, Mar 15 2022, 12:22:08) &#10;[GCC 9.4.0]" os-version="5.15.79.1-microsoft-standard-WSL2" platform="Linux" cwd="/home/timadmin/code/nafigator" machine-name="x86_64" user="" user-domain="" culture="en_US" uiculture="en_US" os-architecture="64bit" /><failure><message><![CDATA[]]></message><stack-trace><![CDATA[None]]></stack-trace></failure><reason><message><![CDATA[]]></message></reason><output><![CDATA[]]></output></test-case><test-case id="203" name="tests/test_utils.py::TestUtils::test_prepare_comment_text" fullname="tests/test_utils.py::TestUtils::test_prepare_comment_text" methodname="test_prepare_comment_text" classname="TestUtils" runstate="Runnable" seed="1" result="Passed" label="This function prepares comment text for xml&#10;        Input:&#10;            text: comment to be converted to xml comment&#10;        Level: 0&#10;        Scenarios:&#10;            text with --&#10;            text ending with -&#10;            text without -- or -" start-time="2023-03-01 15:47:23.008129" end-time="2023-03-01 15:47:23.013383" duration="0.005254" asserts="0"><properties><property name="python-version" value="3.8.10 (default, Mar 15 2022, 12:22:08) &#10;[GCC 9.4.0]" /><property name="fspath" value="tests/test_utils.py" /></properties><environment framework-version="3.6.2" clr-version="3.8.10 (default, Mar 15 2022, 12:22:08) &#10;[GCC 9.4.0]" os-version="5.15.79.1-microsoft-standard-WSL2" platform="Linux" cwd="/home/timadmin/code/nafigator" machine-name="x86_64" user="" user-domain="" culture="en_US" uiculture="en_US" os-architecture="64bit" /><failure><message><![CDATA[]]></message><stack-trace><![CDATA[None]]></stack-trace></failure><reason><message><![CDATA[]]></message></reason><output><![CDATA[]]></output></test-case><test-case id="204" name="tests/test_utils.py::TestUtils::test_remove_control_characters" fullname="tests/test_utils.py::TestUtils::test_remove_control_characters" methodname="test_remove_control_characters" classname="TestUtils" runstate="Runnable" seed="1" result="Passed" label="This function strips invalid XML characters that `lxml` cannot parse.&#10;        Input:&#10;            html: text from which control characters need to be removed&#10;        Level: 1&#10;        Scenarios:&#10;            text with a non-ascii character, such as an emoji" start-time="2023-03-01 15:47:23.013937" end-time="2023-03-01 15:47:23.014675" duration="0.000738" asserts="0"><properties><property name="python-version" value="3.8.10 (default, Mar 15 2022, 12:22:08) &#10;[GCC 9.4.0]" /><property name="fspath" value="tests/test_utils.py" /></properties><environment framework-version="3.6.2" clr-version="3.8.10 (default, Mar 15 2022, 12:22:08) &#10;[GCC 9.4.0]" os-version="5.15.79.1-microsoft-standard-WSL2" platform="Linux" cwd="/home/timadmin/code/nafigator" machine-name="x86_64" user="" user-domain="" culture="en_US" uiculture="en_US" os-architecture="64bit" /><failure><message><![CDATA[]]></message><stack-trace><![CDATA[None]]></stack-trace></failure><reason><message><![CDATA[]]></message></reason><output><![CDATA[]]></output></test-case><test-case id="205" name="tests/test_utils.py::TestUtils::test_remove_illegal_chars" fullname="tests/test_utils.py::TestUtils::test_remove_illegal_chars" methodname="test_remove_illegal_chars" classname="TestUtils" runstate="Runnable" seed="1" result="Passed" label="This function removes illegal characters in text&#10;        Input:&#10;            text: string from which illegal characters need to be removed&#10;        Level: 0&#10;        Scenarios:&#10;            text is None&#10;            text contains an illegal character" start-time="2023-03-01 15:47:23.015219" end-time="2023-03-01 15:47:23.015871" duration="0.000652" asserts="0"><properties><property name="python-version" value="3.8.10 (default, Mar 15 2022, 12:22:08) &#10;[GCC 9.4.0]" /><property name="fspath" value="tests/test_utils.py" /></properties><environment framework-version="3.6.2" clr-version="3.8.10 (default, Mar 15 2022, 12:22:08) &#10;[GCC 9.4.0]" os-version="5.15.79.1-microsoft-standard-WSL2" platform="Linux" cwd="/home/timadmin/code/nafigator" machine-name="x86_64" user="" user-domain="" culture="en_US" uiculture="en_US" os-architecture="64bit" /><failure><message><![CDATA[]]></message><stack-trace><![CDATA[None]]></stack-trace></failure><reason><message><![CDATA[]]></message></reason><output><![CDATA[]]></output></test-case><test-case id="206" name="tests/test_utils.py::TestUtils::test_remove_sublists" fullname="tests/test_utils.py::TestUtils::test_remove_sublists" methodname="test_remove_sublists" classname="TestUtils" runstate="Runnable" seed="1" result="Passed" label="OUTDATED - CHECK TO REMOVE&#10;        This function returns a list where all sublists are removed&#10;        Input:&#10;            lst: list with lists&#10;        Level: 0&#10;        Scenarios:&#10;            see examples in function" start-time="2023-03-01 15:47:23.016340" end-time="2023-03-01 15:47:23.016989" duration="0.000649" asserts="0"><properties><property name="python-version" value="3.8.10 (default, Mar 15 2022, 12:22:08) &#10;[GCC 9.4.0]" /><property name="fspath" value="tests/test_utils.py" /></properties><environment framework-version="3.6.2" clr-version="3.8.10 (default, Mar 15 2022, 12:22:08) &#10;[GCC 9.4.0]" os-version="5.15.79.1-microsoft-standard-WSL2" platform="Linux" cwd="/home/timadmin/code/nafigator" machine-name="x86_64" user="" user-domain="" culture="en_US" uiculture="en_US" os-architecture="64bit" /><failure><message><![CDATA[]]></message><stack-trace><![CDATA[None]]></stack-trace></failure><reason><message><![CDATA[]]></message></reason><output><![CDATA[]]></output></test-case><test-case id="207" name="tests/test_utils.py::TestUtils::test_strip_illegal_xml_characters" fullname="tests/test_utils.py::TestUtils::test_strip_illegal_xml_characters" methodname="test_strip_illegal_xml_characters" classname="TestUtils" runstate="Runnable" seed="1" result="Passed" label="This function compares the &quot;invalid XML character range&quot; numerically&#10;        (needs to be unembedded - out of scope)&#10;        Input:&#10;            s&#10;            def test_ult&#10;            base&#10;        Level: 0&#10;        Scenarios:&#10;            n containing an invalid XML character range&#10;            n not containing an invalid XML character range" start-time="2023-03-01 15:47:23.023036" end-time="2023-03-01 15:47:23.032277" duration="0.009241" asserts="0"><properties><property name="python-version" value="3.8.10 (default, Mar 15 2022, 12:22:08) &#10;[GCC 9.4.0]" /><property name="fspath" value="tests/test_utils.py" /></properties><environment framework-version="3.6.2" clr-version="3.8.10 (default, Mar 15 2022, 12:22:08) &#10;[GCC 9.4.0]" os-version="5.15.79.1-microsoft-standard-WSL2" platform="Linux" cwd="/home/timadmin/code/nafigator" machine-name="x86_64" user="" user-domain="" culture="en_US" uiculture="en_US" os-architecture="64bit" /><failure><message><![CDATA[]]></message><stack-trace><![CDATA[None]]></stack-trace></failure><reason><message><![CDATA[]]></message></reason><output><![CDATA[]]></output></test-case><test-case id="208" name="tests/test_utils.py::TestUtils::test_sublist_indices" fullname="tests/test_utils.py::TestUtils::test_sublist_indices" methodname="test_sublist_indices" classname="TestUtils" runstate="Runnable" seed="1" result="Passed" label="This function returns a list of indices of the full list that contain the sub list&#10;        Input:&#10;            sub: list of words to search in the full list&#10;            full: list of words in which the words of sublist are searched&#10;        Level: 0&#10;        Scenarios:&#10;            sub list with 2 different words&#10;            sub list with 1 word being found twice&#10;            sub list in which words of sublist do not occur" start-time="2023-03-01 15:47:23.039615" end-time="2023-03-01 15:47:23.040801" duration="0.001186" asserts="0"><properties><property name="python-version" value="3.8.10 (default, Mar 15 2022, 12:22:08) &#10;[GCC 9.4.0]" /><property name="fspath" value="tests/test_utils.py" /></properties><environment framework-version="3.6.2" clr-version="3.8.10 (default, Mar 15 2022, 12:22:08) &#10;[GCC 9.4.0]" os-version="5.15.79.1-microsoft-standard-WSL2" platform="Linux" cwd="/home/timadmin/code/nafigator" machine-name="x86_64" user="" user-domain="" culture="en_US" uiculture="en_US" os-architecture="64bit" /><failure><message><![CDATA[]]></message><stack-trace><![CDATA[None]]></stack-trace></failure><reason><message><![CDATA[]]></message></reason><output><![CDATA[]]></output></test-case><test-case id="209" name="tests/test_utils.py::TestUtils::test_time_in_correct_format" fullname="tests/test_utils.py::TestUtils::test_time_in_correct_format" methodname="test_time_in_correct_format" classname="TestUtils" runstate="Runnable" seed="1" result="Passed" label="This function returns the current time (UTC) as a string&#10;        Input:&#10;            datetime_obj: the input to be converted&#10;        Level: 0&#10;        Scenarios:&#10;            check if conversion is correctly done" start-time="2023-03-01 15:47:23.041476" end-time="2023-03-01 15:47:23.046021" duration="0.004545" asserts="0"><properties><property name="python-version" value="3.8.10 (default, Mar 15 2022, 12:22:08) &#10;[GCC 9.4.0]" /><property name="fspath" value="tests/test_utils.py" /></properties><environment framework-version="3.6.2" clr-version="3.8.10 (default, Mar 15 2022, 12:22:08) &#10;[GCC 9.4.0]" os-version="5.15.79.1-microsoft-standard-WSL2" platform="Linux" cwd="/home/timadmin/code/nafigator" machine-name="x86_64" user="" user-domain="" culture="en_US" uiculture="en_US" os-architecture="64bit" /><failure><message><![CDATA[]]></message><stack-trace><![CDATA[None]]></stack-trace></failure><reason><message><![CDATA[]]></message></reason><output><![CDATA[]]></output></test-case><environment framework-version="3.6.2" clr-version="3.8.10 (default, Mar 15 2022, 12:22:08) &#10;[GCC 9.4.0]" os-version="5.15.79.1-microsoft-standard-WSL2" platform="Linux" cwd="/home/timadmin/code/nafigator" machine-name="x86_64" user="" user-domain="" culture="en_US" uiculture="en_US" os-architecture="64bit" /></test-suite><test-suite id="tests/test_nafigator.py::TestNafigator_pdf" name="tests/test_nafigator.py::TestNafigator_pdf" fullname="tests/test_nafigator.py::TestNafigator_pdf" methodname="" classname="" runstate="Runnable" type="Assembly" testcasecount="13" result="Passed" label="Tests for `nafigator` package." start-time="2023-03-01 15:47:07.871221" end-time="2023-03-01 15:47:08.384317" duration="0.513096" asserts="0" total="13" passed="9" failed="4" warnings="0" inconclusive="0" skipped="0"><properties><property name="python_version" value="3.8.10 (default, Mar 15 2022, 12:22:08) &#10;[GCC 9.4.0]" /></properties><test-case id="133" name="tests/test_nafigator.py::TestNafigator_pdf::test_10_pdf_multiwords" fullname="tests/test_nafigator.py::TestNafigator_pdf::test_10_pdf_multiwords" methodname="test_10_pdf_multiwords" classname="TestNafigator_pdf" runstate="Runnable" seed="1" result="Passed" label="" start-time="2023-03-01 15:47:07.871221" end-time="2023-03-01 15:47:07.872897" duration="0.001676" asserts="0"><properties><property name="python-version" value="3.8.10 (default, Mar 15 2022, 12:22:08) &#10;[GCC 9.4.0]" /><property name="fspath" value="tests/test_nafigator.py" /></properties><environment framework-version="3.6.2" clr-version="3.8.10 (default, Mar 15 2022, 12:22:08) &#10;[GCC 9.4.0]" os-version="5.15.79.1-microsoft-standard-WSL2" platform="Linux" cwd="/home/timadmin/code/nafigator" machine-name="x86_64" user="" user-domain="" culture="en_US" uiculture="en_US" os-architecture="64bit" /><failure><message><![CDATA[]]></message><stack-trace><![CDATA[None]]></stack-trace></failure><reason><message><![CDATA[&#x1b;[31m&#x1b;[1mERROR   &#x1b;[0m root:parse2naf.py:70 stanza not installed]]></message></reason><output><![CDATA[&#x1b;[31m&#x1b;[1mERROR   &#x1b;[0m root:parse2naf.py:70 stanza not installed]]></output></test-case><test-case id="134" name="tests/test_nafigator.py::TestNafigator_pdf::test_11_raw" fullname="tests/test_nafigator.py::TestNafigator_pdf::test_11_raw" methodname="test_11_raw" classname="TestNafigator_pdf" runstate="Runnable" seed="1" result="Passed" label="" start-time="2023-03-01 15:47:07.880016" end-time="2023-03-01 15:47:07.890198" duration="0.010182" asserts="0"><properties><property name="python-version" value="3.8.10 (default, Mar 15 2022, 12:22:08) &#10;[GCC 9.4.0]" /><property name="fspath" value="tests/test_nafigator.py" /></properties><environment framework-version="3.6.2" clr-version="3.8.10 (default, Mar 15 2022, 12:22:08) &#10;[GCC 9.4.0]" os-version="5.15.79.1-microsoft-standard-WSL2" platform="Linux" cwd="/home/timadmin/code/nafigator" machine-name="x86_64" user="" user-domain="" culture="en_US" uiculture="en_US" os-architecture="64bit" /><failure><message><![CDATA[]]></message><stack-trace><![CDATA[None]]></stack-trace></failure><reason><message><![CDATA[&#x1b;[31m&#x1b;[1mERROR   &#x1b;[0m root:parse2naf.py:70 stanza not installed]]></message></reason><output><![CDATA[&#x1b;[31m&#x1b;[1mERROR   &#x1b;[0m root:parse2naf.py:70 stanza not installed]]></output></test-case><test-case id="135" name="tests/test_nafigator.py::TestNafigator_pdf::test_12_tables" fullname="tests/test_nafigator.py::TestNafigator_pdf::test_12_tables" methodname="test_12_tables" classname="TestNafigator_pdf" runstate="Runnable" seed="1" result="Failed" label="" start-time="2023-03-01 15:47:07.890940" end-time="2023-03-01 15:47:07.980343" duration="0.089403" asserts="0"><properties><property name="python-version" value="3.8.10 (default, Mar 15 2022, 12:22:08) &#10;[GCC 9.4.0]" /><property name="fspath" value="tests/test_nafigator.py" /></properties><environment framework-version="3.6.2" clr-version="3.8.10 (default, Mar 15 2022, 12:22:08) &#10;[GCC 9.4.0]" os-version="5.15.79.1-microsoft-standard-WSL2" platform="Linux" cwd="/home/timadmin/code/nafigator" machine-name="x86_64" user="" user-domain="" culture="en_US" uiculture="en_US" os-architecture="64bit" /><failure><message><![CDATA[self = &lt;tests.test_nafigator.TestNafigator_pdf testMethod=test_12_tables&gt;

    def test_12_tables(self):
        doc = parse2naf.generate_naf(
            input="tests" + os.sep + "tests" + os.sep + "example_tables.pdf",
            engine="stanza",
            language="en",
            naf_version="v3.1",
            dtd_validation=False,
            params={"parse_tables_with_camelot": True},
            nlp=None,
        )
&gt;       doc.write(
            "tests" + os.sep + "tests" + os.sep + "example_tables.naf.xml"
        ) == None
E       AttributeError: 'NoneType' object has no attribute 'write'

tests/test_nafigator.py:1191: AttributeError]]></message><stack-trace><![CDATA[/home/timadmin/code/nafigator/tests/test_nafigator.py:1191: AttributeError: 'NoneType' object has no attribute 'write']]></stack-trace></failure><reason><message><![CDATA[&#x1b;[31m&#x1b;[1mERROR   &#x1b;[0m root:parse2naf.py:70 stanza not installed
&#x1b;[31m&#x1b;[1mERROR   &#x1b;[0m root:parse2naf.py:70 stanza not installed]]></message></reason><output><![CDATA[&#x1b;[31m&#x1b;[1mERROR   &#x1b;[0m root:parse2naf.py:70 stanza not installed
&#x1b;[31m&#x1b;[1mERROR   &#x1b;[0m root:parse2naf.py:70 stanza not installed]]></output></test-case><test-case id="136" name="tests/test_nafigator.py::TestNafigator_pdf::test_13_formats_copy" fullname="tests/test_nafigator.py::TestNafigator_pdf::test_13_formats_copy" methodname="test_13_formats_copy" classname="TestNafigator_pdf" runstate="Runnable" seed="1" result="Failed" label="" start-time="2023-03-01 15:47:07.981172" end-time="2023-03-01 15:47:08.042339" duration="0.061167" asserts="0"><properties><property name="python-version" value="3.8.10 (default, Mar 15 2022, 12:22:08) &#10;[GCC 9.4.0]" /><property name="fspath" value="tests/test_nafigator.py" /></properties><environment framework-version="3.6.2" clr-version="3.8.10 (default, Mar 15 2022, 12:22:08) &#10;[GCC 9.4.0]" os-version="5.15.79.1-microsoft-standard-WSL2" platform="Linux" cwd="/home/timadmin/code/nafigator" machine-name="x86_64" user="" user-domain="" culture="en_US" uiculture="en_US" os-architecture="64bit" /><failure><message><![CDATA[self = &lt;tests.test_nafigator.TestNafigator_pdf testMethod=test_13_formats_copy&gt;

    def test_13_formats_copy(self):
        # @TODO: naf wordt nu meerdere keren de testen opgeroepen. Deze kan vooraf gedefinieerd worden.
        pdf_naf_copy_formats = parse2naf.generate_naf(
            input="tests" + os.sep + "tests" + os.sep + "example.pdf",
            engine="stanza",
            language="en",
            naf_version="v3.1",
            dtd_validation=False,
            params={'include pdf xml': True},
            nlp=None,
        )
&gt;       actual = pdf_naf_copy_formats.formats_copy
E       AttributeError: 'NoneType' object has no attribute 'formats_copy'

tests/test_nafigator.py:1321: AttributeError]]></message><stack-trace><![CDATA[/home/timadmin/code/nafigator/tests/test_nafigator.py:1321: AttributeError: 'NoneType' object has no attribute 'formats_copy']]></stack-trace></failure><reason><message><![CDATA[&#x1b;[31m&#x1b;[1mERROR   &#x1b;[0m root:parse2naf.py:70 stanza not installed
&#x1b;[31m&#x1b;[1mERROR   &#x1b;[0m root:parse2naf.py:70 stanza not installed]]></message></reason><output><![CDATA[&#x1b;[31m&#x1b;[1mERROR   &#x1b;[0m root:parse2naf.py:70 stanza not installed
&#x1b;[31m&#x1b;[1mERROR   &#x1b;[0m root:parse2naf.py:70 stanza not installed]]></output></test-case><test-case id="137" name="tests/test_nafigator.py::TestNafigator_pdf::test_1_pdf_generate_naf" fullname="tests/test_nafigator.py::TestNafigator_pdf::test_1_pdf_generate_naf" methodname="test_1_pdf_generate_naf" classname="TestNafigator_pdf" runstate="Runnable" seed="1" result="Failed" label="" start-time="2023-03-01 15:47:08.043309" end-time="2023-03-01 15:47:08.096328" duration="0.053019" asserts="0"><properties><property name="python-version" value="3.8.10 (default, Mar 15 2022, 12:22:08) &#10;[GCC 9.4.0]" /><property name="fspath" value="tests/test_nafigator.py" /></properties><environment framework-version="3.6.2" clr-version="3.8.10 (default, Mar 15 2022, 12:22:08) &#10;[GCC 9.4.0]" os-version="5.15.79.1-microsoft-standard-WSL2" platform="Linux" cwd="/home/timadmin/code/nafigator" machine-name="x86_64" user="" user-domain="" culture="en_US" uiculture="en_US" os-architecture="64bit" /><failure><message><![CDATA[self = &lt;tests.test_nafigator.TestNafigator_pdf testMethod=test_1_pdf_generate_naf&gt;

    def test_1_pdf_generate_naf(self):
        """ """
        tree = parse2naf.generate_naf(
            input="tests" + os.sep + "tests" + os.sep + "example.pdf",
            engine="stanza",
            language="en",
            naf_version="v3.1",
            dtd_validation=False,
            params={},
            nlp=None,
        )
&gt;       assert (
            tree.write("tests" + os.sep + "tests" + os.sep + "example.naf.xml") is None
        )
E       AttributeError: 'NoneType' object has no attribute 'write'

tests/test_nafigator.py:42: AttributeError]]></message><stack-trace><![CDATA[/home/timadmin/code/nafigator/tests/test_nafigator.py:42: AttributeError: 'NoneType' object has no attribute 'write']]></stack-trace></failure><reason><message><![CDATA[&#x1b;[31m&#x1b;[1mERROR   &#x1b;[0m root:parse2naf.py:70 stanza not installed
&#x1b;[31m&#x1b;[1mERROR   &#x1b;[0m root:parse2naf.py:70 stanza not installed]]></message></reason><output><![CDATA[&#x1b;[31m&#x1b;[1mERROR   &#x1b;[0m root:parse2naf.py:70 stanza not installed
&#x1b;[31m&#x1b;[1mERROR   &#x1b;[0m root:parse2naf.py:70 stanza not installed]]></output></test-case><test-case id="138" name="tests/test_nafigator.py::TestNafigator_pdf::test_1_split_pre_linguistic" fullname="tests/test_nafigator.py::TestNafigator_pdf::test_1_split_pre_linguistic" methodname="test_1_split_pre_linguistic" classname="TestNafigator_pdf" runstate="Runnable" seed="1" result="Failed" label="" start-time="2023-03-01 15:47:08.099184" end-time="2023-03-01 15:47:08.318380" duration="0.219196" asserts="0"><properties><property name="python-version" value="3.8.10 (default, Mar 15 2022, 12:22:08) &#10;[GCC 9.4.0]" /><property name="fspath" value="tests/test_nafigator.py" /></properties><environment framework-version="3.6.2" clr-version="3.8.10 (default, Mar 15 2022, 12:22:08) &#10;[GCC 9.4.0]" os-version="5.15.79.1-microsoft-standard-WSL2" platform="Linux" cwd="/home/timadmin/code/nafigator" machine-name="x86_64" user="" user-domain="" culture="en_US" uiculture="en_US" os-architecture="64bit" /><failure><message><![CDATA[self = &lt;tests.test_nafigator.TestNafigator_pdf testMethod=test_1_split_pre_linguistic&gt;

    def test_1_split_pre_linguistic(self):
        """ """
        # only save the preprocess steps
        tree = parse2naf.generate_naf(
            input=join("tests", "tests", "example.pdf"),
            engine="stanza",
            language="en",
            naf_version="v3.1",
            dtd_validation=False,
            params={"linguistic_layers": []},
            nlp=None,
        )
&gt;       tree.write(join("tests", "tests", "example_preprocess.naf.xml")) is None
E       AttributeError: 'NoneType' object has no attribute 'write'

tests/test_nafigator.py:58: AttributeError]]></message><stack-trace><![CDATA[/home/timadmin/code/nafigator/tests/test_nafigator.py:58: AttributeError: 'NoneType' object has no attribute 'write']]></stack-trace></failure><reason><message><![CDATA[&#x1b;[31m&#x1b;[1mERROR   &#x1b;[0m root:parse2naf.py:70 stanza not installed
&#x1b;[31m&#x1b;[1mERROR   &#x1b;[0m root:parse2naf.py:70 stanza not installed]]></message></reason><output><![CDATA[&#x1b;[31m&#x1b;[1mERROR   &#x1b;[0m root:parse2naf.py:70 stanza not installed
&#x1b;[31m&#x1b;[1mERROR   &#x1b;[0m root:parse2naf.py:70 stanza not installed]]></output></test-case><test-case id="139" name="tests/test_nafigator.py::TestNafigator_pdf::test_2_pdf_header_filedesc" fullname="tests/test_nafigator.py::TestNafigator_pdf::test_2_pdf_header_filedesc" methodname="test_2_pdf_header_filedesc" classname="TestNafigator_pdf" runstate="Runnable" seed="1" result="Passed" label="" start-time="2023-03-01 15:47:08.319133" end-time="2023-03-01 15:47:08.321037" duration="0.001904" asserts="0"><properties><property name="python-version" value="3.8.10 (default, Mar 15 2022, 12:22:08) &#10;[GCC 9.4.0]" /><property name="fspath" value="tests/test_nafigator.py" /></properties><environment framework-version="3.6.2" clr-version="3.8.10 (default, Mar 15 2022, 12:22:08) &#10;[GCC 9.4.0]" os-version="5.15.79.1-microsoft-standard-WSL2" platform="Linux" cwd="/home/timadmin/code/nafigator" machine-name="x86_64" user="" user-domain="" culture="en_US" uiculture="en_US" os-architecture="64bit" /><failure><message><![CDATA[]]></message><stack-trace><![CDATA[None]]></stack-trace></failure><reason><message><![CDATA[&#x1b;[31m&#x1b;[1mERROR   &#x1b;[0m root:parse2naf.py:70 stanza not installed]]></message></reason><output><![CDATA[&#x1b;[31m&#x1b;[1mERROR   &#x1b;[0m root:parse2naf.py:70 stanza not installed]]></output></test-case><test-case id="140" name="tests/test_nafigator.py::TestNafigator_pdf::test_3_pdf_header_public" fullname="tests/test_nafigator.py::TestNafigator_pdf::test_3_pdf_header_public" methodname="test_3_pdf_header_public" classname="TestNafigator_pdf" runstate="Runnable" seed="1" result="Passed" label="" start-time="2023-03-01 15:47:08.323773" end-time="2023-03-01 15:47:08.327164" duration="0.003391" asserts="0"><properties><property name="python-version" value="3.8.10 (default, Mar 15 2022, 12:22:08) &#10;[GCC 9.4.0]" /><property name="fspath" value="tests/test_nafigator.py" /></properties><environment framework-version="3.6.2" clr-version="3.8.10 (default, Mar 15 2022, 12:22:08) &#10;[GCC 9.4.0]" os-version="5.15.79.1-microsoft-standard-WSL2" platform="Linux" cwd="/home/timadmin/code/nafigator" machine-name="x86_64" user="" user-domain="" culture="en_US" uiculture="en_US" os-architecture="64bit" /><failure><message><![CDATA[]]></message><stack-trace><![CDATA[None]]></stack-trace></failure><reason><message><![CDATA[&#x1b;[31m&#x1b;[1mERROR   &#x1b;[0m root:parse2naf.py:70 stanza not installed]]></message></reason><output><![CDATA[&#x1b;[31m&#x1b;[1mERROR   &#x1b;[0m root:parse2naf.py:70 stanza not installed]]></output></test-case><test-case id="141" name="tests/test_nafigator.py::TestNafigator_pdf::test_5_pdf_formats" fullname="tests/test_nafigator.py::TestNafigator_pdf::test_5_pdf_formats" methodname="test_5_pdf_formats" classname="TestNafigator_pdf" runstate="Runnable" seed="1" result="Passed" label="" start-time="2023-03-01 15:47:08.327766" end-time="2023-03-01 15:47:08.332133" duration="0.004367" asserts="0"><properties><property name="python-version" value="3.8.10 (default, Mar 15 2022, 12:22:08) &#10;[GCC 9.4.0]" /><property name="fspath" value="tests/test_nafigator.py" /></properties><environment framework-version="3.6.2" clr-version="3.8.10 (default, Mar 15 2022, 12:22:08) &#10;[GCC 9.4.0]" os-version="5.15.79.1-microsoft-standard-WSL2" platform="Linux" cwd="/home/timadmin/code/nafigator" machine-name="x86_64" user="" user-domain="" culture="en_US" uiculture="en_US" os-architecture="64bit" /><failure><message><![CDATA[]]></message><stack-trace><![CDATA[None]]></stack-trace></failure><reason><message><![CDATA[&#x1b;[31m&#x1b;[1mERROR   &#x1b;[0m root:parse2naf.py:70 stanza not installed]]></message></reason><output><![CDATA[&#x1b;[31m&#x1b;[1mERROR   &#x1b;[0m root:parse2naf.py:70 stanza not installed]]></output></test-case><test-case id="142" name="tests/test_nafigator.py::TestNafigator_pdf::test_6_pdf_entities" fullname="tests/test_nafigator.py::TestNafigator_pdf::test_6_pdf_entities" methodname="test_6_pdf_entities" classname="TestNafigator_pdf" runstate="Runnable" seed="1" result="Passed" label="" start-time="2023-03-01 15:47:08.332750" end-time="2023-03-01 15:47:08.335581" duration="0.002831" asserts="0"><properties><property name="python-version" value="3.8.10 (default, Mar 15 2022, 12:22:08) &#10;[GCC 9.4.0]" /><property name="fspath" value="tests/test_nafigator.py" /></properties><environment framework-version="3.6.2" clr-version="3.8.10 (default, Mar 15 2022, 12:22:08) &#10;[GCC 9.4.0]" os-version="5.15.79.1-microsoft-standard-WSL2" platform="Linux" cwd="/home/timadmin/code/nafigator" machine-name="x86_64" user="" user-domain="" culture="en_US" uiculture="en_US" os-architecture="64bit" /><failure><message><![CDATA[]]></message><stack-trace><![CDATA[None]]></stack-trace></failure><reason><message><![CDATA[&#x1b;[31m&#x1b;[1mERROR   &#x1b;[0m root:parse2naf.py:70 stanza not installed]]></message></reason><output><![CDATA[&#x1b;[31m&#x1b;[1mERROR   &#x1b;[0m root:parse2naf.py:70 stanza not installed]]></output></test-case><test-case id="143" name="tests/test_nafigator.py::TestNafigator_pdf::test_7_pdf_text" fullname="tests/test_nafigator.py::TestNafigator_pdf::test_7_pdf_text" methodname="test_7_pdf_text" classname="TestNafigator_pdf" runstate="Runnable" seed="1" result="Passed" label="" start-time="2023-03-01 15:47:08.336266" end-time="2023-03-01 15:47:08.356437" duration="0.020171" asserts="0"><properties><property name="python-version" value="3.8.10 (default, Mar 15 2022, 12:22:08) &#10;[GCC 9.4.0]" /><property name="fspath" value="tests/test_nafigator.py" /></properties><environment framework-version="3.6.2" clr-version="3.8.10 (default, Mar 15 2022, 12:22:08) &#10;[GCC 9.4.0]" os-version="5.15.79.1-microsoft-standard-WSL2" platform="Linux" cwd="/home/timadmin/code/nafigator" machine-name="x86_64" user="" user-domain="" culture="en_US" uiculture="en_US" os-architecture="64bit" /><failure><message><![CDATA[]]></message><stack-trace><![CDATA[None]]></stack-trace></failure><reason><message><![CDATA[&#x1b;[31m&#x1b;[1mERROR   &#x1b;[0m root:parse2naf.py:70 stanza not installed]]></message></reason><output><![CDATA[&#x1b;[31m&#x1b;[1mERROR   &#x1b;[0m root:parse2naf.py:70 stanza not installed]]></output></test-case><test-case id="144" name="tests/test_nafigator.py::TestNafigator_pdf::test_8_pdf_terms" fullname="tests/test_nafigator.py::TestNafigator_pdf::test_8_pdf_terms" methodname="test_8_pdf_terms" classname="TestNafigator_pdf" runstate="Runnable" seed="1" result="Passed" label="" start-time="2023-03-01 15:47:08.357763" end-time="2023-03-01 15:47:08.368316" duration="0.010553" asserts="0"><properties><property name="python-version" value="3.8.10 (default, Mar 15 2022, 12:22:08) &#10;[GCC 9.4.0]" /><property name="fspath" value="tests/test_nafigator.py" /></properties><environment framework-version="3.6.2" clr-version="3.8.10 (default, Mar 15 2022, 12:22:08) &#10;[GCC 9.4.0]" os-version="5.15.79.1-microsoft-standard-WSL2" platform="Linux" cwd="/home/timadmin/code/nafigator" machine-name="x86_64" user="" user-domain="" culture="en_US" uiculture="en_US" os-architecture="64bit" /><failure><message><![CDATA[]]></message><stack-trace><![CDATA[None]]></stack-trace></failure><reason><message><![CDATA[&#x1b;[31m&#x1b;[1mERROR   &#x1b;[0m root:parse2naf.py:70 stanza not installed]]></message></reason><output><![CDATA[&#x1b;[31m&#x1b;[1mERROR   &#x1b;[0m root:parse2naf.py:70 stanza not installed]]></output></test-case><test-case id="145" name="tests/test_nafigator.py::TestNafigator_pdf::test_9_pdf_dependencies" fullname="tests/test_nafigator.py::TestNafigator_pdf::test_9_pdf_dependencies" methodname="test_9_pdf_dependencies" classname="TestNafigator_pdf" runstate="Runnable" seed="1" result="Passed" label="" start-time="2023-03-01 15:47:08.369034" end-time="2023-03-01 15:47:08.384317" duration="0.015283" asserts="0"><properties><property name="python-version" value="3.8.10 (default, Mar 15 2022, 12:22:08) &#10;[GCC 9.4.0]" /><property name="fspath" value="tests/test_nafigator.py" /></properties><environment framework-version="3.6.2" clr-version="3.8.10 (default, Mar 15 2022, 12:22:08) &#10;[GCC 9.4.0]" os-version="5.15.79.1-microsoft-standard-WSL2" platform="Linux" cwd="/home/timadmin/code/nafigator" machine-name="x86_64" user="" user-domain="" culture="en_US" uiculture="en_US" os-architecture="64bit" /><failure><message><![CDATA[]]></message><stack-trace><![CDATA[None]]></stack-trace></failure><reason><message><![CDATA[&#x1b;[31m&#x1b;[1mERROR   &#x1b;[0m root:parse2naf.py:70 stanza not installed]]></message></reason><output><![CDATA[&#x1b;[31m&#x1b;[1mERROR   &#x1b;[0m root:parse2naf.py:70 stanza not installed]]></output></test-case><environment framework-version="3.6.2" clr-version="3.8.10 (default, Mar 15 2022, 12:22:08) &#10;[GCC 9.4.0]" os-version="5.15.79.1-microsoft-standard-WSL2" platform="Linux" cwd="/home/timadmin/code/nafigator" machine-name="x86_64" user="" user-domain="" culture="en_US" uiculture="en_US" os-architecture="64bit" /></test-suite><test-suite id="tests/test_nafdocument.py::TestNafDocument" name="tests/test_nafdocument.py::TestNafDocument" fullname="tests/test_nafdocument.py::TestNafDocument" methodname="" classname="" runstate="Runnable" type="Assembly" testcasecount="29" result="Passed" label="" start-time="2023-03-01 15:47:07.594013" end-time="2023-03-01 15:47:07.870106" duration="0.276093" asserts="0" total="29" passed="29" failed="0" warnings="0" inconclusive="0" skipped="0"><properties><property name="python_version" value="3.8.10 (default, Mar 15 2022, 12:22:08) &#10;[GCC 9.4.0]" /></properties><test-case id="104" name="tests/test_nafdocument.py::TestNafDocument::test_generate[language_var]" fullname="tests/test_nafdocument.py::TestNafDocument::test_generate[language_var]" methodname="test_generate[language_var]" classname="TestNafDocument" runstate="Runnable" seed="1" result="Passed" label="This function tests whether the naf document initalization is done correctly&#10;        input: etree._ElementTree + dict&#10;        level: 2&#10;        scenarios: check added features vs input" start-time="2023-03-01 15:47:07.594013" end-time="2023-03-01 15:47:07.595301" duration="0.001288" asserts="0"><properties><property name="python-version" value="3.8.10 (default, Mar 15 2022, 12:22:08) &#10;[GCC 9.4.0]" /><property name="fspath" value="tests/test_nafdocument.py" /></properties><environment framework-version="3.6.2" clr-version="3.8.10 (default, Mar 15 2022, 12:22:08) &#10;[GCC 9.4.0]" os-version="5.15.79.1-microsoft-standard-WSL2" platform="Linux" cwd="/home/timadmin/code/nafigator" machine-name="x86_64" user="" user-domain="" culture="en_US" uiculture="en_US" os-architecture="64bit" /><failure><message><![CDATA[]]></message><stack-trace><![CDATA[None]]></stack-trace></failure><reason><message><![CDATA[]]></message></reason><output><![CDATA[]]></output></test-case><test-case id="105" name="tests/test_nafdocument.py::TestNafDocument::test_generate[None]" fullname="tests/test_nafdocument.py::TestNafDocument::test_generate[None]" methodname="test_generate[None]" classname="TestNafDocument" runstate="Runnable" seed="1" result="Passed" label="This function tests whether the naf document initalization is done correctly&#10;        input: etree._ElementTree + dict&#10;        level: 2&#10;        scenarios: check added features vs input" start-time="2023-03-01 15:47:07.596158" end-time="2023-03-01 15:47:07.597204" duration="0.001046" asserts="0"><properties><property name="python-version" value="3.8.10 (default, Mar 15 2022, 12:22:08) &#10;[GCC 9.4.0]" /><property name="fspath" value="tests/test_nafdocument.py" /></properties><environment framework-version="3.6.2" clr-version="3.8.10 (default, Mar 15 2022, 12:22:08) &#10;[GCC 9.4.0]" os-version="5.15.79.1-microsoft-standard-WSL2" platform="Linux" cwd="/home/timadmin/code/nafigator" machine-name="x86_64" user="" user-domain="" culture="en_US" uiculture="en_US" os-architecture="64bit" /><failure><message><![CDATA[]]></message><stack-trace><![CDATA[None]]></stack-trace></failure><reason><message><![CDATA[]]></message></reason><output><![CDATA[]]></output></test-case><test-case id="106" name="tests/test_nafdocument.py::TestNafDocument::test_open[tests/tests/example.naf.xml-True]" fullname="tests/test_nafdocument.py::TestNafDocument::test_open[tests/tests/example.naf.xml-True]" methodname="test_open[tests/tests/example.naf.xml-True]" classname="TestNafDocument" runstate="Runnable" seed="1" result="Passed" label="This function tests whether the naf document is opened correctly&#10;        input: filepath (str) or bytes&#10;        level: 2&#10;        scenarios: check open and set root functions are called" start-time="2023-03-01 15:47:07.598163" end-time="2023-03-01 15:47:07.608711" duration="0.010548" asserts="0"><properties><property name="python-version" value="3.8.10 (default, Mar 15 2022, 12:22:08) &#10;[GCC 9.4.0]" /><property name="fspath" value="tests/test_nafdocument.py" /></properties><environment framework-version="3.6.2" clr-version="3.8.10 (default, Mar 15 2022, 12:22:08) &#10;[GCC 9.4.0]" os-version="5.15.79.1-microsoft-standard-WSL2" platform="Linux" cwd="/home/timadmin/code/nafigator" machine-name="x86_64" user="" user-domain="" culture="en_US" uiculture="en_US" os-architecture="64bit" /><failure><message><![CDATA[]]></message><stack-trace><![CDATA[None]]></stack-trace></failure><reason><message><![CDATA[]]></message></reason><output><![CDATA[]]></output></test-case><test-case id="107" name="tests/test_nafdocument.py::TestNafDocument::test_open[content-False]" fullname="tests/test_nafdocument.py::TestNafDocument::test_open[content-False]" methodname="test_open[content-False]" classname="TestNafDocument" runstate="Runnable" seed="1" result="Passed" label="This function tests whether the naf document is opened correctly&#10;        input: filepath (str) or bytes&#10;        level: 2&#10;        scenarios: check open and set root functions are called" start-time="2023-03-01 15:47:07.609951" end-time="2023-03-01 15:47:07.646358" duration="0.036407" asserts="0"><properties><property name="python-version" value="3.8.10 (default, Mar 15 2022, 12:22:08) &#10;[GCC 9.4.0]" /><property name="fspath" value="tests/test_nafdocument.py" /></properties><environment framework-version="3.6.2" clr-version="3.8.10 (default, Mar 15 2022, 12:22:08) &#10;[GCC 9.4.0]" os-version="5.15.79.1-microsoft-standard-WSL2" platform="Linux" cwd="/home/timadmin/code/nafigator" machine-name="x86_64" user="" user-domain="" culture="en_US" uiculture="en_US" os-architecture="64bit" /><failure><message><![CDATA[]]></message><stack-trace><![CDATA[None]]></stack-trace></failure><reason><message><![CDATA[]]></message></reason><output><![CDATA[]]></output></test-case><test-case id="108" name="tests/test_nafdocument.py::TestNafDocument::test_open_error" fullname="tests/test_nafdocument.py::TestNafDocument::test_open_error" methodname="test_open_error" classname="TestNafDocument" runstate="Runnable" seed="1" result="Passed" label="This function tests whether an exception is raised when the wrong type is trying to be opened&#10;        input: int&#10;        level: 2&#10;        scenarios: check exception raised" start-time="2023-03-01 15:47:07.647291" end-time="2023-03-01 15:47:07.648646" duration="0.001355" asserts="0"><properties><property name="python-version" value="3.8.10 (default, Mar 15 2022, 12:22:08) &#10;[GCC 9.4.0]" /><property name="fspath" value="tests/test_nafdocument.py" /></properties><environment framework-version="3.6.2" clr-version="3.8.10 (default, Mar 15 2022, 12:22:08) &#10;[GCC 9.4.0]" os-version="5.15.79.1-microsoft-standard-WSL2" platform="Linux" cwd="/home/timadmin/code/nafigator" machine-name="x86_64" user="" user-domain="" culture="en_US" uiculture="en_US" os-architecture="64bit" /><failure><message><![CDATA[]]></message><stack-trace><![CDATA[None]]></stack-trace></failure><reason><message><![CDATA[]]></message></reason><output><![CDATA[]]></output></test-case><test-case id="109" name="tests/test_nafdocument.py::TestNafDocument::test_subelement[data0-attributes_to_ignore0]" fullname="tests/test_nafdocument.py::TestNafDocument::test_subelement[data0-attributes_to_ignore0]" methodname="test_subelement[data0-attributes_to_ignore0]" classname="TestNafDocument" runstate="Runnable" seed="1" result="Passed" label="This function tests whether subelement is added correctly&#10;        input: etree._ElementTree OPTIONAL: [etree._Element, tag-string, data-dict, ignore-list]&#10;        level: 0&#10;        scenarios: check element input and ignore list&#10;        #WARNING Does not override existing subelements" start-time="2023-03-01 15:47:07.654203" end-time="2023-03-01 15:47:07.655031" duration="0.000828" asserts="0"><properties><property name="python-version" value="3.8.10 (default, Mar 15 2022, 12:22:08) &#10;[GCC 9.4.0]" /><property name="fspath" value="tests/test_nafdocument.py" /></properties><environment framework-version="3.6.2" clr-version="3.8.10 (default, Mar 15 2022, 12:22:08) &#10;[GCC 9.4.0]" os-version="5.15.79.1-microsoft-standard-WSL2" platform="Linux" cwd="/home/timadmin/code/nafigator" machine-name="x86_64" user="" user-domain="" culture="en_US" uiculture="en_US" os-architecture="64bit" /><failure><message><![CDATA[]]></message><stack-trace><![CDATA[None]]></stack-trace></failure><reason><message><![CDATA[]]></message></reason><output><![CDATA[]]></output></test-case><test-case id="110" name="tests/test_nafdocument.py::TestNafDocument::test_subelement[data1-attributes_to_ignore1]" fullname="tests/test_nafdocument.py::TestNafDocument::test_subelement[data1-attributes_to_ignore1]" methodname="test_subelement[data1-attributes_to_ignore1]" classname="TestNafDocument" runstate="Runnable" seed="1" result="Passed" label="This function tests whether subelement is added correctly&#10;        input: etree._ElementTree OPTIONAL: [etree._Element, tag-string, data-dict, ignore-list]&#10;        level: 0&#10;        scenarios: check element input and ignore list&#10;        #WARNING Does not override existing subelements" start-time="2023-03-01 15:47:07.660912" end-time="2023-03-01 15:47:07.662471" duration="0.001559" asserts="0"><properties><property name="python-version" value="3.8.10 (default, Mar 15 2022, 12:22:08) &#10;[GCC 9.4.0]" /><property name="fspath" value="tests/test_nafdocument.py" /></properties><environment framework-version="3.6.2" clr-version="3.8.10 (default, Mar 15 2022, 12:22:08) &#10;[GCC 9.4.0]" os-version="5.15.79.1-microsoft-standard-WSL2" platform="Linux" cwd="/home/timadmin/code/nafigator" machine-name="x86_64" user="" user-domain="" culture="en_US" uiculture="en_US" os-architecture="64bit" /><failure><message><![CDATA[]]></message><stack-trace><![CDATA[None]]></stack-trace></failure><reason><message><![CDATA[]]></message></reason><output><![CDATA[]]></output></test-case><test-case id="111" name="tests/test_nafdocument.py::TestNafDocument::test_add_processor_Element" fullname="tests/test_nafdocument.py::TestNafDocument::test_add_processor_Element" methodname="test_add_processor_Element" classname="TestNafDocument" runstate="Runnable" seed="1" result="Passed" label="This function tests whether processor element is added correctly&#10;        input: etree._ElementTree + str + ProcessorElement&#10;        level: 1&#10;        scenarios: check element input and ignore list" start-time="2023-03-01 15:47:07.666812" end-time="2023-03-01 15:47:07.671767" duration="0.004955" asserts="0"><properties><property name="python-version" value="3.8.10 (default, Mar 15 2022, 12:22:08) &#10;[GCC 9.4.0]" /><property name="fspath" value="tests/test_nafdocument.py" /></properties><environment framework-version="3.6.2" clr-version="3.8.10 (default, Mar 15 2022, 12:22:08) &#10;[GCC 9.4.0]" os-version="5.15.79.1-microsoft-standard-WSL2" platform="Linux" cwd="/home/timadmin/code/nafigator" machine-name="x86_64" user="" user-domain="" culture="en_US" uiculture="en_US" os-architecture="64bit" /><failure><message><![CDATA[]]></message><stack-trace><![CDATA[None]]></stack-trace></failure><reason><message><![CDATA[]]></message></reason><output><![CDATA[]]></output></test-case><test-case id="112" name="tests/test_nafdocument.py::TestNafDocument::test_validate" fullname="tests/test_nafdocument.py::TestNafDocument::test_validate" methodname="test_validate" classname="TestNafDocument" runstate="Runnable" seed="1" result="Passed" label="test validate output&#10;        input:etree._ElementTree&#10;        level: 1 (uses utilsfunction load_dtd)&#10;        scenarios: check xml string&#10;        # TODO refactor nafigator code to support universal naf format. Also consider moving to integratin test" start-time="2023-03-01 15:47:07.673636" end-time="2023-03-01 15:47:07.705318" duration="0.031682" asserts="0"><properties><property name="python-version" value="3.8.10 (default, Mar 15 2022, 12:22:08) &#10;[GCC 9.4.0]" /><property name="fspath" value="tests/test_nafdocument.py" /></properties><environment framework-version="3.6.2" clr-version="3.8.10 (default, Mar 15 2022, 12:22:08) &#10;[GCC 9.4.0]" os-version="5.15.79.1-microsoft-standard-WSL2" platform="Linux" cwd="/home/timadmin/code/nafigator" machine-name="x86_64" user="" user-domain="" culture="en_US" uiculture="en_US" os-architecture="64bit" /><failure><message><![CDATA[]]></message><stack-trace><![CDATA[None]]></stack-trace></failure><reason><message><![CDATA[&#x1b;[31m&#x1b;[1mERROR   &#x1b;[0m root:nafdocument.py:584 DTD error log:
&#x1b;[31m&#x1b;[1mERROR   &#x1b;[0m root:nafdocument.py:586 /home/timadmin/code/nafigator/tests/tests/example.naf.xml:2:0:ERROR:VALID:DTD_CONTENT_MODEL: Element NAF content does not follow the DTD, expecting (nafHeader | raw | topics | text | terms | multiwords | deps | chunks | entities | coreferences | constituency | srl | opinions | timeExpressions | factualitylayer | tunits | locations | dates | temporalRelations | causalRelations | markables | attribution | factualities)*, got (nafHeader formats entities text terms deps multiwords raw )
&#x1b;[31m&#x1b;[1mERROR   &#x1b;[0m root:nafdocument.py:586 /home/timadmin/code/nafigator/tests/tests/example.naf.xml:2:0:ERROR:VALID:DTD_UNKNOWN_ATTRIBUTE: No declaration for attribute xmlns:dc of element NAF
&#x1b;[31m&#x1b;[1mERROR   &#x1b;[0m root:nafdocument.py:586 /home/timadmin/code/nafigator/tests/tests/example.naf.xml:5:0:ERROR:VALID:DTD_UNKNOWN_ATTRIBUTE: No declaration for attribute uri of element public
&#x1b;[31m&#x1b;[1mERROR   &#x1b;[0m root:nafdocument.py:586 /home/timadmin/code/nafigator/tests/tests/example.naf.xml:5:0:ERROR:VALID:DTD_UNKNOWN_ATTRIBUTE: No declaration for attribute format of element public
&#x1b;[31m&#x1b;[1mERROR   &#x1b;[0m root:nafdocument.py:586 /home/timadmin/code/nafigator/tests/tests/example.naf.xml:13:0:ERROR:VALID:DTD_UNKNOWN_ATTRIBUTE: No declaration for attribute model of element lp
&#x1b;[31m&#x1b;[1mERROR   &#x1b;[0m root:nafdocument.py:586 /home/timadmin/code/nafigator/tests/tests/example.naf.xml:16:0:ERROR:VALID:DTD_UNKNOWN_ATTRIBUTE: No declaration for attribute model of element lp
&#x1b;[31m&#x1b;[1mERROR   &#x1b;[0m root:nafdocument.py:586 /home/timadmin/code/nafigator/tests/tests/example.naf.xml:19:0:ERROR:VALID:DTD_UNKNOWN_ATTRIBUTE: No declaration for attribute model of element lp
&#x1b;[31m&#x1b;[1mERROR   &#x1b;[0m root:nafdocument.py:586 /home/timadmin/code/nafigator/tests/tests/example.naf.xml:22:0:ERROR:VALID:DTD_UNKNOWN_ATTRIBUTE: No declaration for attribute model of element lp
&#x1b;[31m&#x1b;[1mERROR   &#x1b;[0m root:nafdocument.py:586 /home/timadmin/code/nafigator/tests/tests/example.naf.xml:25:0:ERROR:VALID:DTD_UNKNOWN_ATTRIBUTE: No declaration for attribute model of element lp
&#x1b;[31m&#x1b;[1mERROR   &#x1b;[0m root:nafdocument.py:586 /home/timadmin/code/nafigator/tests/tests/example.naf.xml:28:0:ERROR:VALID:DTD_UNKNOWN_ELEM: No declaration for element formats
&#x1b;[31m&#x1b;[1mERROR   &#x1b;[0m root:nafdocument.py:586 /home/timadmin/code/nafigator/tests/tests/example.naf.xml:29:0:ERROR:VALID:DTD_UNKNOWN_ELEM: No declaration for element page
&#x1b;[31m&#x1b;[1mERROR   &#x1b;[0m root:nafdocument.py:586 /home/timadmin/code/nafigator/tests/tests/example.naf.xml:29:0:ERROR:VALID:DTD_UNKNOWN_ATTRIBUTE: No declaration for attribute length of element page
&#x1b;[31m&#x1b;[1mERROR   &#x1b;[0m root:nafdocument.py:586 /home/timadmin/code/nafigator/tests/tests/example.naf.xml:29:0:ERROR:VALID:DTD_UNKNOWN_ATTRIBUTE: No declaration for attribute offset of element page
&#x1b;[31m&#x1b;[1mERROR   &#x1b;[0m root:nafdocument.py:586 /home/timadmin/code/nafigator/tests/tests/example.naf.xml:30:0:ERROR:VALID:DTD_UNKNOWN_ELEM: No declaration for element textbox
&#x1b;[31m&#x1b;[1mERROR   &#x1b;[0m root:nafdocument.py:586 /home/timadmin/code/nafigator/tests/tests/example.naf.xml:31:0:ERROR:VALID:DTD_UNKNOWN_ELEM: No declaration for element textline
&#x1b;[31m&#x1b;[1mERROR   &#x1b;[0m root:nafdocument.py:586 /home/timadmin/code/nafigator/tests/tests/example.naf.xml:32:0:ERROR:VALID:DTD_CONTENT_MODEL: Element text content does not follow the DTD, expecting (wf)+, got (CDATA)
&#x1b;[31m&#x1b;[1mERROR   &#x1b;[0m root:nafdocument.py:586 /home/timadmin/code/nafigator/tests/tests/example.naf.xml:32:0:ERROR:VALID:DTD_UNKNOWN_ATTRIBUTE: No declaration for attribute font of element text
&#x1b;[31m&#x1b;[1mERROR   &#x1b;[0m root:nafdocument.py:586 /home/timadmin/code/nafigator/tests/tests/example.naf.xml:32:0:ERROR:VALID:DTD_UNKNOWN_ATTRIBUTE: No declaration for attribute size of element text
&#x1b;[31m&#x1b;[1mERROR   &#x1b;[0m root:nafdocument.py:586 /home/timadmin/code/nafigator/tests/tests/example.naf.xml:32:0:ERROR:VALID:DTD_UNKNOWN_ATTRIBUTE: No declaration for attribute length of element text
&#x1b;[31m&#x1b;[1mERROR   &#x1b;[0m root:nafdocument.py:586 /home/timadmin/code/nafigator/tests/tests/example.naf.xml:32:0:ERROR:VALID:DTD_UNKNOWN_ATTRIBUTE: No declaration for attribute offset of element text
&#x1b;[31m&#x1b;[1mERROR   &#x1b;[0m root:nafdocument.py:586 /home/timadmin/code/nafigator/tests/tests/example.naf.xml:34:0:ERROR:VALID:DTD_UNKNOWN_ELEM: No declaration for element textline
&#x1b;[31m&#x1b;[1mERROR   &#x1b;[0m root:nafdocument.py:586 /home/timadmin/code/nafigator/tests/tests/example.naf.xml:35:0:ERROR:VALID:DTD_CONTENT_MODEL: Element text content does not follow the DTD, expecting (wf)+, got (CDATA)
&#x1b;[31m&#x1b;[1mERROR   &#x1b;[0m root:nafdocument.py:586 /home/timadmin/code/nafigator/tests/tests/example.naf.xml:35:0:ERROR:VALID:DTD_UNKNOWN_ATTRIBUTE: No declaration for attribute font of element text
&#x1b;[31m&#x1b;[1mERROR   &#x1b;[0m root:nafdocument.py:586 /home/timadmin/code/nafigator/tests/tests/example.naf.xml:35:0:ERROR:VALID:DTD_UNKNOWN_ATTRIBUTE: No declaration for attribute size of element text
&#x1b;[31m&#x1b;[1mERROR   &#x1b;[0m root:nafdocument.py:586 /home/timadmin/code/nafigator/tests/tests/example.naf.xml:35:0:ERROR:VALID:DTD_UNKNOWN_ATTRIBUTE: No declaration for attribute length of element text
&#x1b;[31m&#x1b;[1mERROR   &#x1b;[0m root:nafdocument.py:586 /home/timadmin/code/nafigator/tests/tests/example.naf.xml:35:0:ERROR:VALID:DTD_UNKNOWN_ATTRIBUTE: No declaration for attribute offset of element text
&#x1b;[31m&#x1b;[1mERROR   &#x1b;[0m root:nafdocument.py:586 /home/timadmin/code/nafigator/tests/tests/example.naf.xml:38:0:ERROR:VALID:DTD_UNKNOWN_ELEM: No declaration for element textbox
&#x1b;[31m&#x1b;[1mERROR   &#x1b;[0m root:nafdocument.py:586 /home/timadmin/code/nafigator/tests/tests/example.naf.xml:39:0:ERROR:VALID:DTD_UNKNOWN_ELEM: No declaration for element textline
&#x1b;[31m&#x1b;[1mERROR   &#x1b;[0m root:nafdocument.py:586 /home/timadmin/code/nafigator/tests/tests/example.naf.xml:40:0:ERROR:VALID:DTD_CONTENT_MODEL: Element text content does not follow the DTD, expecting (wf)+, got (CDATA)
&#x1b;[31m&#x1b;[1mERROR   &#x1b;[0m root:nafdocument.py:586 /home/timadmin/code/nafigator/tests/tests/example.naf.xml:40:0:ERROR:VALID:DTD_UNKNOWN_ATTRIBUTE: No declaration for attribute font of element text
&#x1b;[31m&#x1b;[1mERROR   &#x1b;[0m root:nafdocument.py:586 /home/timadmin/code/nafigator/tests/tests/example.naf.xml:40:0:ERROR:VALID:DTD_UNKNOWN_ATTRIBUTE: No declaration for attribute size of element text
&#x1b;[31m&#x1b;[1mERROR   &#x1b;[0m root:nafdocument.py:586 /home/timadmin/code/nafigator/tests/tests/example.naf.xml:40:0:ERROR:VALID:DTD_UNKNOWN_ATTRIBUTE: No declaration for attribute length of element text
&#x1b;[31m&#x1b;[1mERROR   &#x1b;[0m root:nafdocument.py:586 /home/timadmin/code/nafigator/tests/tests/example.naf.xml:40:0:ERROR:VALID:DTD_UNKNOWN_ATTRIBUTE: No declaration for attribute offset of element text
&#x1b;[31m&#x1b;[1mERROR   &#x1b;[0m root:nafdocument.py:586 /home/timadmin/code/nafigator/tests/tests/example.naf.xml:42:0:ERROR:VALID:DTD_UNKNOWN_ELEM: No declaration for element textline
&#x1b;[31m&#x1b;[1mERROR   &#x1b;[0m root:nafdocument.py:586 /home/timadmin/code/nafigator/tests/tests/example.naf.xml:43:0:ERROR:VALID:DTD_CONTENT_MODEL: Element text content does not follow the DTD, expecting (wf)+, got (CDATA)
&#x1b;[31m&#x1b;[1mERROR   &#x1b;[0m root:nafdocument.py:586 /home/timadmin/code/nafigator/tests/tests/example.naf.xml:43:0:ERROR:VALID:DTD_UNKNOWN_ATTRIBUTE: No declaration for attribute font of element text
&#x1b;[31m&#x1b;[1mERROR   &#x1b;[0m root:nafdocument.py:586 /home/timadmin/code/nafigator/tests/tests/example.naf.xml:43:0:ERROR:VALID:DTD_UNKNOWN_ATTRIBUTE: No declaration for attribute size of element text
&#x1b;[31m&#x1b;[1mERROR   &#x1b;[0m root:nafdocument.py:586 /home/timadmin/code/nafigator/tests/tests/example.naf.xml:43:0:ERROR:VALID:DTD_UNKNOWN_ATTRIBUTE: No declaration for attribute length of element text
&#x1b;[31m&#x1b;[1mERROR   &#x1b;[0m root:nafdocument.py:586 /home/timadmin/code/nafigator/tests/tests/example.naf.xml:43:0:ERROR:VALID:DTD_UNKNOWN_ATTRIBUTE: No declaration for attribute offset of element text
&#x1b;[31m&#x1b;[1mERROR   &#x1b;[0m root:nafdocument.py:586 /home/timadmin/code/nafigator/tests/tests/example.naf.xml:418:0:ERROR:VALID:DTD_MISSING_ATTRIBUTE: Element dep does not carry attribute from
&#x1b;[31m&#x1b;[1mERROR   &#x1b;[0m root:nafdocument.py:586 /home/timadmin/code/nafigator/tests/tests/example.naf.xml:418:0:ERROR:VALID:DTD_MISSING_ATTRIBUTE: Element dep does not carry attribute to
&#x1b;[31m&#x1b;[1mERROR   &#x1b;[0m root:nafdocument.py:586 /home/timadmin/code/nafigator/tests/tests/example.naf.xml:418:0:ERROR:VALID:DTD_UNKNOWN_ATTRIBUTE: No declaration for attribute from_term of element dep
&#x1b;[31m&#x1b;[1mERROR   &#x1b;[0m root:nafdocument.py:586 /home/timadmin/code/nafigator/tests/tests/example.naf.xml:418:0:ERROR:VALID:DTD_UNKNOWN_ATTRIBUTE: No declaration for attribute to_term of element dep
&#x1b;[31m&#x1b;[1mERROR   &#x1b;[0m root:nafdocument.py:586 /home/timadmin/code/nafigator/tests/tests/example.naf.xml:420:0:ERROR:VALID:DTD_MISSING_ATTRIBUTE: Element dep does not carry attribute from
&#x1b;[31m&#x1b;[1mERROR   &#x1b;[0m root:nafdocument.py:586 /home/timadmin/code/nafigator/tests/tests/example.naf.xml:420:0:ERROR:VALID:DTD_MISSING_ATTRIBUTE: Element dep does not carry attribute to
&#x1b;[31m&#x1b;[1mERROR   &#x1b;[0m root:nafdocument.py:586 /home/timadmin/code/nafigator/tests/tests/example.naf.xml:420:0:ERROR:VALID:DTD_UNKNOWN_ATTRIBUTE: No declaration for attribute from_term of element dep
&#x1b;[31m&#x1b;[1mERROR   &#x1b;[0m root:nafdocument.py:586 /home/timadmin/code/nafigator/tests/tests/example.naf.xml:420:0:ERROR:VALID:DTD_UNKNOWN_ATTRIBUTE: No declaration for attribute to_term of element dep
&#x1b;[31m&#x1b;[1mERROR   &#x1b;[0m root:nafdocument.py:586 /home/timadmin/code/nafigator/tests/tests/example.naf.xml:422:0:ERROR:VALID:DTD_MISSING_ATTRIBUTE: Element dep does not carry attribute from
&#x1b;[31m&#x1b;[1mERROR   &#x1b;[0m root:nafdocument.py:586 /home/timadmin/code/nafigator/tests/tests/example.naf.xml:422:0:ERROR:VALID:DTD_MISSING_ATTRIBUTE: Element dep does not carry attribute to
&#x1b;[31m&#x1b;[1mERROR   &#x1b;[0m root:nafdocument.py:586 /home/timadmin/code/nafigator/tests/tests/example.naf.xml:422:0:ERROR:VALID:DTD_UNKNOWN_ATTRIBUTE: No declaration for attribute from_term of element dep
&#x1b;[31m&#x1b;[1mERROR   &#x1b;[0m root:nafdocument.py:586 /home/timadmin/code/nafigator/tests/tests/example.naf.xml:422:0:ERROR:VALID:DTD_UNKNOWN_ATTRIBUTE: No declaration for attribute to_term of element dep
&#x1b;[31m&#x1b;[1mERROR   &#x1b;[0m root:nafdocument.py:586 /home/timadmin/code/nafigator/tests/tests/example.naf.xml:424:0:ERROR:VALID:DTD_MISSING_ATTRIBUTE: Element dep does not carry attribute from
&#x1b;[31m&#x1b;[1mERROR   &#x1b;[0m root:nafdocument.py:586 /home/timadmin/code/nafigator/tests/tests/example.naf.xml:424:0:ERROR:VALID:DTD_MISSING_ATTRIBUTE: Element dep does not carry attribute to
&#x1b;[31m&#x1b;[1mERROR   &#x1b;[0m root:nafdocument.py:586 /home/timadmin/code/nafigator/tests/tests/example.naf.xml:424:0:ERROR:VALID:DTD_UNKNOWN_ATTRIBUTE: No declaration for attribute from_term of element dep
&#x1b;[31m&#x1b;[1mERROR   &#x1b;[0m root:nafdocument.py:586 /home/timadmin/code/nafigator/tests/tests/example.naf.xml:424:0:ERROR:VALID:DTD_UNKNOWN_ATTRIBUTE: No declaration for attribute to_term of element dep
&#x1b;[31m&#x1b;[1mERROR   &#x1b;[0m root:nafdocument.py:586 /home/timadmin/code/nafigator/tests/tests/example.naf.xml:426:0:ERROR:VALID:DTD_MISSING_ATTRIBUTE: Element dep does not carry attribute from
&#x1b;[31m&#x1b;[1mERROR   &#x1b;[0m root:nafdocument.py:586 /home/timadmin/code/nafigator/tests/tests/example.naf.xml:426:0:ERROR:VALID:DTD_MISSING_ATTRIBUTE: Element dep does not carry attribute to
&#x1b;[31m&#x1b;[1mERROR   &#x1b;[0m root:nafdocument.py:586 /home/timadmin/code/nafigator/tests/tests/example.naf.xml:426:0:ERROR:VALID:DTD_UNKNOWN_ATTRIBUTE: No declaration for attribute from_term of element dep
&#x1b;[31m&#x1b;[1mERROR   &#x1b;[0m root:nafdocument.py:586 /home/timadmin/code/nafigator/tests/tests/example.naf.xml:426:0:ERROR:VALID:DTD_UNKNOWN_ATTRIBUTE: No declaration for attribute to_term of element dep
&#x1b;[31m&#x1b;[1mERROR   &#x1b;[0m root:nafdocument.py:586 /home/timadmin/code/nafigator/tests/tests/example.naf.xml:428:0:ERROR:VALID:DTD_MISSING_ATTRIBUTE: Element dep does not carry attribute from
&#x1b;[31m&#x1b;[1mERROR   &#x1b;[0m root:nafdocument.py:586 /home/timadmin/code/nafigator/tests/tests/example.naf.xml:428:0:ERROR:VALID:DTD_MISSING_ATTRIBUTE: Element dep does not carry attribute to
&#x1b;[31m&#x1b;[1mERROR   &#x1b;[0m root:nafdocument.py:586 /home/timadmin/code/nafigator/tests/tests/example.naf.xml:428:0:ERROR:VALID:DTD_UNKNOWN_ATTRIBUTE: No declaration for attribute from_term of element dep
&#x1b;[31m&#x1b;[1mERROR   &#x1b;[0m root:nafdocument.py:586 /home/timadmin/code/nafigator/tests/tests/example.naf.xml:428:0:ERROR:VALID:DTD_UNKNOWN_ATTRIBUTE: No declaration for attribute to_term of element dep
&#x1b;[31m&#x1b;[1mERROR   &#x1b;[0m root:nafdocument.py:586 /home/timadmin/code/nafigator/tests/tests/example.naf.xml:430:0:ERROR:VALID:DTD_MISSING_ATTRIBUTE: Element dep does not carry attribute from
&#x1b;[31m&#x1b;[1mERROR   &#x1b;[0m root:nafdocument.py:586 /home/timadmin/code/nafigator/tests/tests/example.naf.xml:430:0:ERROR:VALID:DTD_MISSING_ATTRIBUTE: Element dep does not carry attribute to
&#x1b;[31m&#x1b;[1mERROR   &#x1b;[0m root:nafdocument.py:586 /home/timadmin/code/nafigator/tests/tests/example.naf.xml:430:0:ERROR:VALID:DTD_UNKNOWN_ATTRIBUTE: No declaration for attribute from_term of element dep
&#x1b;[31m&#x1b;[1mERROR   &#x1b;[0m root:nafdocument.py:586 /home/timadmin/code/nafigator/tests/tests/example.naf.xml:430:0:ERROR:VALID:DTD_UNKNOWN_ATTRIBUTE: No declaration for attribute to_term of element dep
&#x1b;[31m&#x1b;[1mERROR   &#x1b;[0m root:nafdocument.py:586 /home/timadmin/code/nafigator/tests/tests/example.naf.xml:432:0:ERROR:VALID:DTD_MISSING_ATTRIBUTE: Element dep does not carry attribute from
[...]
'CCONJ', 'span': [{'id': 'w22'}]}, {'id': 't23', 'type': 'open', 'lemma': 'all', 'pos': 'DET', 'span': [{'id': 'w23'}]}, {'id': 't24', 'type': 'open', 'lemma': 'processing', 'pos': 'NOUN', 'morphofeat': 'Number=Sing', 'span': [{'id': 'w24'}]}, {'id': 't25', 'type': 'open', 'lemma': 'step', 'pos': 'NOUN', 'morphofeat': 'Number=Plur', 'span': [{'id': 'w25'}]}, {'id': 't26', 'type': 'open', 'lemma': 'in', 'pos': 'ADP', 'span': [{'id': 'w26'}]}, {'id': 't27', 'type': 'open', 'lemma': 'one', 'pos': 'NUM', 'morphofeat': 'NumType=Card', 'span': [{'id': 'w27'}]}, {'id': 't28', 'type': 'open', 'lemma': 'format', 'pos': 'NOUN', 'morphofeat': 'Number=Sing', 'span': [{'id': 'w28'}]}, {'id': 't29', 'type': 'open', 'lemma': '.', 'pos': 'PUNCT', 'span': [{'id': 'w29'}]}, {'id': 't30', 'type': 'open', 'lemma': 'multiword', 'pos': 'NOUN', 'morphofeat': 'Number=Plur', 'span': [{'id': 'w30'}]}, {'id': 't31', 'type': 'open', 'lemma': 'like', 'pos': 'VERB', 'morphofeat': 'Mood=Ind|Number=Plur|Person=3|Tense=Pres|VerbForm=Fin', 'span': [{'id': 'w31'}]}, {'id': 't32', 'type': 'open', 'lemma': 'in', 'pos': 'ADP', 'span': [{'id': 'w32'}]}, {'id': 't33', 'type': 'open', 'lemma': "''", 'pos': 'PUNCT', 'span': [{'id': 'w33'}]}, {'id': 't34', 'type': 'open', 'lemma': 'we', 'pos': 'PRON', 'morphofeat': 'Case=Nom|Number=Plur|Person=1|PronType=Prs', 'span': [{'id': 'w34'}]}, {'id': 't35', 'type': 'open', 'lemma': 'have', 'pos': 'AUX', 'morphofeat': 'Mood=Ind|Number=Plur|Person=1|Tense=Pres|VerbForm=Fin', 'span': [{'id': 'w35'}]}, {'id': 't36', 'type': 'open', 'lemma': 'set', 'pos': 'VERB', 'morphofeat': 'Tense=Past|VerbForm=Part', 'component_of': 'mw1', 'span': [{'id': 'w36'}]}, {'id': 't37', 'type': 'open', 'lemma': 'that', 'pos': 'PRON', 'morphofeat': 'Number=Sing|PronType=Dem', 'span': [{'id': 'w37'}]}, {'id': 't38', 'type': 'open', 'lemma': 'out', 'pos': 'ADP', 'component_of': 'mw1', 'span': [{'id': 'w38'}]}, {'id': 't39', 'type': 'open', 'lemma': 'below', 'pos': 'ADV', 'span': [{'id': 'w39'}]}, {'id': 't40', 'type': 'open', 'lemma': "''", 'pos': 'PUNCT', 'span': [{'id': 'w40'}]}, {'id': 't41', 'type': 'open', 'lemma': 'be', 'pos': 'AUX', 'morphofeat': 'Mood=Ind|Number=Plur|Person=3|Tense=Pres|VerbForm=Fin', 'span': [{'id': 'w41'}]}, {'id': 't42', 'type': 'open', 'lemma': 'recognize', 'pos': 'VERB', 'morphofeat': 'Tense=Past|VerbForm=Part|Voice=Pass', 'span': [{'id': 'w42'}]}, {'id': 't43', 'type': 'open', 'lemma': '(', 'pos': 'PUNCT', 'span': [{'id': 'w43'}]}, {'id': 't44', 'type': 'open', 'lemma': 'depend', 'pos': 'VERB', 'morphofeat': 'VerbForm=Ger', 'span': [{'id': 'w44'}]}, {'id': 't45', 'type': 'open', 'lemma': 'on', 'pos': 'ADP', 'span': [{'id': 'w45'}]}, {'id': 't46', 'type': 'open', 'lemma': 'you', 'pos': 'PRON', 'morphofeat': 'Person=2|Poss=Yes|PronType=Prs', 'span': [{'id': 'w46'}]}, {'id': 't47', 'type': 'open', 'lemma': 'nlp', 'pos': 'NOUN', 'morphofeat': 'Number=Sing', 'span': [{'id': 'w47'}]}, {'id': 't48', 'type': 'open', 'lemma': 'processor', 'pos': 'NOUN', 'morphofeat': 'Number=Sing', 'span': [{'id': 'w48'}]}, {'id': 't49', 'type': 'open', 'lemma': ')', 'pos': 'PUNCT', 'span': [{'id': 'w49'}]}, {'id': 't50', 'type': 'open', 'lemma': '.', 'pos': 'PUNCT', 'span': [{'id': 'w50'}]}]]]></stack-trace></failure><reason><message><![CDATA[]]></message></reason><output><![CDATA[]]></output></test-case><test-case id="154" name="tests/test_nafigator.py::TestNafigator_docx::test_9_docx_dependencies" fullname="tests/test_nafigator.py::TestNafigator_docx::test_9_docx_dependencies" methodname="test_9_docx_dependencies" classname="TestNafigator_docx" runstate="Runnable" seed="1" result="Failed" label="" start-time="2023-03-01 15:47:08.616274" end-time="2023-03-01 15:47:08.687115" duration="0.070841" asserts="0"><properties><property name="python-version" value="3.8.10 (default, Mar 15 2022, 12:22:08) &#10;[GCC 9.4.0]" /><property name="fspath" value="tests/test_nafigator.py" /></properties><environment framework-version="3.6.2" clr-version="3.8.10 (default, Mar 15 2022, 12:22:08) &#10;[GCC 9.4.0]" os-version="5.15.79.1-microsoft-standard-WSL2" platform="Linux" cwd="/home/timadmin/code/nafigator" machine-name="x86_64" user="" user-domain="" culture="en_US" uiculture="en_US" os-architecture="64bit" /><failure><message><![CDATA[self = &lt;tests.test_nafigator.TestNafigator_docx testMethod=test_9_docx_dependencies&gt;

    def test_9_docx_dependencies(self):
        naf = NafDocument().open(join("tests", "tests", "example.docx.naf.xml"))
        actual = naf.deps
    
        expected = [
            {"from_term": "t3", "to_term": "t1", "rfunc": "det"},
            {"from_term": "t4", "to_term": "t3", "rfunc": "nsubj"},
            {"from_term": "t3", "to_term": "t2", "rfunc": "compound"},
            {"from_term": "t4", "to_term": "t5", "rfunc": "obj"},
            {"from_term": "t7", "to_term": "t6", "rfunc": "mark"},
            {"from_term": "t4", "to_term": "t7", "rfunc": "xcomp"},
            {"from_term": "t9", "to_term": "t8", "rfunc": "compound"},
            {"from_term": "t7", "to_term": "t9", "rfunc": "obj"},
            {"from_term": "t16", "to_term": "t10", "rfunc": "case"},
            {"from_term": "t7", "to_term": "t16", "rfunc": "obl"},
            {"from_term": "t16", "to_term": "t11", "rfunc": "amod"},
            {"from_term": "t16", "to_term": "t12", "rfunc": "amod"},
            {"from_term": "t16", "to_term": "t13", "rfunc": "compound"},
            {"from_term": "t15", "to_term": "t14", "rfunc": "cc"},
            {"from_term": "t13", "to_term": "t15", "rfunc": "conj"},
            {"from_term": "t21", "to_term": "t17", "rfunc": "case"},
            {"from_term": "t7", "to_term": "t21", "rfunc": "obl"},
            {"from_term": "t19", "to_term": "t18", "rfunc": "punct"},
            {"from_term": "t21", "to_term": "t19", "rfunc": "amod"},
            {"from_term": "t19", "to_term": "t20", "rfunc": "punct"},
            {"from_term": "t25", "to_term": "t22", "rfunc": "cc"},
            {"from_term": "t21", "to_term": "t25", "rfunc": "conj"},
            {"from_term": "t25", "to_term": "t23", "rfunc": "det"},
            {"from_term": "t25", "to_term": "t24", "rfunc": "compound"},
            {"from_term": "t28", "to_term": "t26", "rfunc": "case"},
            {"from_term": "t25", "to_term": "t28", "rfunc": "nmod"},
            {"from_term": "t28", "to_term": "t27", "rfunc": "nummod"},
            {"from_term": "t4", "to_term": "t29", "rfunc": "punct"},
            {"from_term": "t42", "to_term": "t30", "rfunc": "nsubj:pass"},
            {"from_term": "t36", "to_term": "t31", "rfunc": "mark"},
            {"from_term": "t42", "to_term": "t36", "rfunc": "advcl"},
            {"from_term": "t36", "to_term": "t32", "rfunc": "mark"},
            {"from_term": "t36", "to_term": "t33", "rfunc": "punct"},
            {"from_term": "t36", "to_term": "t34", "rfunc": "nsubj"},
            {"from_term": "t36", "to_term": "t35", "rfunc": "aux"},
            {"from_term": "t36", "to_term": "t37", "rfunc": "obj"},
            {"from_term": "t36", "to_term": "t38", "rfunc": "compound:prt"},
            {"from_term": "t36", "to_term": "t39", "rfunc": "advmod"},
            {"from_term": "t36", "to_term": "t40", "rfunc": "punct"},
            {"from_term": "t42", "to_term": "t41", "rfunc": "aux:pass"},
            {"from_term": "t48", "to_term": "t43", "rfunc": "punct"},
            {"from_term": "t42", "to_term": "t48", "rfunc": "obl"},
            {"from_term": "t48", "to_term": "t44", "rfunc": "case"},
            {"from_term": "t44", "to_term": "t45", "rfunc": "fixed"},
            {"from_term": "t48", "to_term": "t46", "rfunc": "nmod:poss"},
            {"from_term": "t48", "to_term": "t47", "rfunc": "compound"},
            {"from_term": "t48", "to_term": "t49", "rfunc": "punct"},
            {"from_term": "t42", "to_term": "t50", "rfunc": "punct"},
        ]
    
&gt;       assert actual == expected, (
            "expected: " + str(expected) + ", actual: " + str(actual)
        )
E       AssertionError: expected: [{'from_term': 't3', 'to_term': 't1', 'rfunc': 'det'}, {'from_term': 't4', 'to_term': 't3', 'rfunc': 'nsubj'}, {'from_term': 't3', 'to_term': 't2', 'rfunc': 'compound'}, {'from_term': 't4', 'to_term': 't5', 'rfunc': 'obj'}, {'from_term': 't7', 'to_term': 't6', 'rfunc': 'mark'}, {'from_term': 't4', 'to_term': 't7', 'rfunc': 'xcomp'}, {'from_term': 't9', 'to_term': 't8', 'rfunc': 'compound'}, {'from_term': 't7', 'to_term': 't9', 'rfunc': 'obj'}, {'from_term': 't16', 'to_term': 't10', 'rfunc': 'case'}, {'from_term': 't7', 'to_term': 't16', 'rfunc': 'obl'}, {'from_term': 't16', 'to_term': 't11', 'rfunc': 'amod'}, {'from_term': 't16', 'to_term': 't12', 'rfunc': 'amod'}, {'from_term': 't16', 'to_term': 't13', 'rfunc': 'compound'}, {'from_term': 't15', 'to_term': 't14', 'rfunc': 'cc'}, {'from_term': 't13', 'to_term': 't15', 'rfunc': 'conj'}, {'from_term': 't21', 'to_term': 't17', 'rfunc': 'case'}, {'from_term': 't7', 'to_term': 't21', 'rfunc': 'obl'}, {'from_term': 't19', 'to_term': 't18', 'rfunc': 'punct'}, {'from_term': 't21', 'to_term': 't19', 'rfunc': 'amod'}, {'from_term': 't19', 'to_term': 't20', 'rfunc': 'punct'}, {'from_term': 't25', 'to_term': 't22', 'rfunc': 'cc'}, {'from_term': 't21', 'to_term': 't25', 'rfunc': 'conj'}, {'from_term': 't25', 'to_term': 't23', 'rfunc': 'det'}, {'from_term': 't25', 'to_term': 't24', 'rfunc': 'compound'}, {'from_term': 't28', 'to_term': 't26', 'rfunc': 'case'}, {'from_term': 't25', 'to_term': 't28', 'rfunc': 'nmod'}, {'from_term': 't28', 'to_term': 't27', 'rfunc': 'nummod'}, {'from_term': 't4', 'to_term': 't29', 'rfunc': 'punct'}, {'from_term': 't42', 'to_term': 't30', 'rfunc': 'nsubj:pass'}, {'from_term': 't36', 'to_term': 't31', 'rfunc': 'mark'}, {'from_term': 't42', 'to_term': 't36', 'rfunc': 'advcl'}, {'from_term': 't36', 'to_term': 't32', 'rfunc': 'mark'}, {'from_term': 't36', 'to_term': 't33', 'rfunc': 'punct'}, {'from_term': 't36', 'to_term': 't34', 'rfunc': 'nsubj'}, {'from_term': 't36', 'to_term': 't35', 'rfunc': 'aux'}, {'from_term': 't36', 'to_term': 't37', 'rfunc': 'obj'}, {'from_term': 't36', 'to_term': 't38', 'rfunc': 'compound:prt'}, {'from_term': 't36', 'to_term': 't39', 'rfunc': 'advmod'}, {'from_term': 't36', 'to_term': 't40', 'rfunc': 'punct'}, {'from_term': 't42', 'to_term': 't41', 'rfunc': 'aux:pass'}, {'from_term': 't48', 'to_term': 't43', 'rfunc': 'punct'}, {'from_term': 't42', 'to_term': 't48', 'rfunc': 'obl'}, {'from_term': 't48', 'to_term': 't44', 'rfunc': 'case'}, {'from_term': 't44', 'to_term': 't45', 'rfunc': 'fixed'}, {'from_term': 't48', 'to_term': 't46', 'rfunc': 'nmod:poss'}, {'from_term': 't48', 'to_term': 't47', 'rfunc': 'compound'}, {'from_term': 't48', 'to_term': 't49', 'rfunc': 'punct'}, {'from_term': 't42', 'to_term': 't50', 'rfunc': 'punct'}], actual: [{'from_term': 't3', 'to_term': 't1', 'rfunc': 'det'}, {'from_term': 't4', 'to_term': 't3', 'rfunc': 'nsubj'}, {'from_term': 't3', 'to_term': 't2', 'rfunc': 'compound'}, {'from_term': 't4', 'to_term': 't5', 'rfunc': 'obj'}, {'from_term': 't7', 'to_term': 't6', 'rfunc': 'mark'}, {'from_term': 't4', 'to_term': 't7', 'rfunc': 'xcomp'}, {'from_term': 't9', 'to_term': 't8', 'rfunc': 'compound'}, {'from_term': 't7', 'to_term': 't9', 'rfunc': 'obj'}, {'from_term': 't13', 'to_term': 't10', 'rfunc': 'case'}, {'from_term': 't9', 'to_term': 't13', 'rfunc': 'nmod'}, {'from_term': 't13', 'to_term': 't11', 'rfunc': 'amod'}, {'from_term': 't13', 'to_term': 't12', 'rfunc': 'amod'}, {'from_term': 't16', 'to_term': 't14', 'rfunc': 'cc'}, {'from_term': 't13', 'to_term': 't16', 'rfunc': 'conj'}, {'from_term': 't16', 'to_term': 't15', 'rfunc': 'compound'}, {'from_term': 't21', 'to_term': 't17', 'rfunc': 'case'}, {'from_term': 't7', 'to_term': 't21', 'rfunc': 'obl'}, {'from_term': 't19', 'to_term': 't18', 'rfunc': 'punct'}, {'from_term': 't21', 'to_term': 't19', 'rfunc': 'amod'}, {'from_term': 't19', 'to_term': 't20', 'rfunc': 'punct'}, {'from_term': 't25', 'to_term': 't22', 'rfunc': 'cc'}, {'from_term': 't21', 'to_term': 't25', 'rfunc': 'conj'}, {'from_term': 't25', 'to_term': 't23', 'rfunc': 'det'}, {'from_term': 't25', 'to_term': 't24', 'rfunc': 'compound'}, {'from_term': 't28', 'to_term': 't26', 'rfunc': 'case'}, {'from_term': 't25', 'to_term': 't28', 'rfunc': 'nmod'}, {'from_term': 't28', 'to_term': 't27', 'rfunc': 'nummod'}, {'from_term': 't4', 'to_term': 't29', 'rfunc': 'punct'}, {'from_term': 't31', 'to_term': 't30', 'rfunc': 'nsubj'}, {'from_term': 't36', 'to_term': 't32', 'rfunc': 'mark'}, {'from_term': 't42', 'to_term': 't36', 'rfunc': 'advcl'}, {'from_term': 't31', 'to_term': 't42', 'rfunc': 'ccomp'}, {'from_term': 't36', 'to_term': 't33', 'rfunc': 'punct'}, {'from_term': 't36', 'to_term': 't34', 'rfunc': 'nsubj'}, {'from_term': 't36', 'to_term': 't35', 'rfunc': 'aux'}, {'from_term': 't36', 'to_term': 't37', 'rfunc': 'obj'}, {'from_term': 't36', 'to_term': 't38', 'rfunc': 'compound:prt'}, {'from_term': 't36', 'to_term': 't39', 'rfunc': 'advmod'}, {'from_term': 't36', 'to_term': 't40', 'rfunc': 'punct'}, {'from_term': 't42', 'to_term': 't41', 'rfunc': 'aux:pass'}, {'from_term': 't48', 'to_term': 't43', 'rfunc': 'punct'}, {'from_term': 't42', 'to_term': 't48', 'rfunc': 'obl'}, {'from_term': 't48', 'to_term': 't44', 'rfunc': 'case'}, {'from_term': 't44', 'to_term': 't45', 'rfunc': 'fixed'}, {'from_term': 't48', 'to_term': 't46', 'rfunc': 'nmod:poss'}, {'from_term': 't48', 'to_term': 't47', 'rfunc': 'compound'}, {'from_term': 't48', 'to_term': 't49', 'rfunc': 'punct'}, {'from_term': 't42', 'to_term': 't50', 'rfunc': 'punct'}]
E       assert [{'from_term'...'xcomp'}, ...] == [{'from_term'...': 't7'}, ...]
E         At index 8 diff: {'from_term': 't13', 'to_term': 't10', 'rfunc': 'case'} != {'from_term': 't16', 'to_term': 't10', 'rfunc': 'case'}
E         Use -v to get more diff

tests/test_nafigator.py:2323: AssertionError]]></message><stack-trace><![CDATA[/home/timadmin/code/nafigator/tests/test_nafigator.py:2323: AssertionError: expected: [{'from_term': 't3', 'to_term': 't1', 'rfunc': 'det'}, {'from_term': 't4', 'to_term': 't3', 'rfunc': 'nsubj'}, {'from_term': 't3', 'to_term': 't2', 'rfunc': 'compound'}, {'from_term': 't4', 'to_term': 't5', 'rfunc': 'obj'}, {'from_term': 't7', 'to_term': 't6', 'rfunc': 'mark'}, {'from_term': 't4', 'to_term': 't7', 'rfunc': 'xcomp'}, {'from_term': 't9', 'to_term': 't8', 'rfunc': 'compound'}, {'from_term': 't7', 'to_term': 't9', 'rfunc': 'obj'}, {'from_term': 't16', 'to_term': 't10', 'rfunc': 'case'}, {'from_term': 't7', 'to_term': 't16', 'rfunc': 'obl'}, {'from_term': 't16', 'to_term': 't11', 'rfunc': 'amod'}, {'from_term': 't16', 'to_term': 't12', 'rfunc': 'amod'}, {'from_term': 't16', 'to_term': 't13', 'rfunc': 'compound'}, {'from_term': 't15', 'to_term': 't14', 'rfunc': 'cc'}, {'from_term': 't13', 'to_term': 't15', 'rfunc': 'conj'}, {'from_term': 't21', 'to_term': 't17', 'rfunc': 'case'}, {'from_term': 't7', 'to_term': 't21', 'rfunc': 'obl'}, {'from_term': 't19', 'to_term': 't18', 'rfunc': 'punct'}, {'from_term': 't21', 'to_term': 't19', 'rfunc': 'amod'}, {'from_term': 't19', 'to_term': 't20', 'rfunc': 'punct'}, {'from_term': 't25', 'to_term': 't22', 'rfunc': 'cc'}, {'from_term': 't21', 'to_term': 't25', 'rfunc': 'conj'}, {'from_term': 't25', 'to_term': 't23', 'rfunc': 'det'}, {'from_term': 't25', 'to_term': 't24', 'rfunc': 'compound'}, {'from_term': 't28', 'to_term': 't26', 'rfunc': 'case'}, {'from_term': 't25', 'to_term': 't28', 'rfunc': 'nmod'}, {'from_term': 't28', 'to_term': 't27', 'rfunc': 'nummod'}, {'from_term': 't4', 'to_term': 't29', 'rfunc': 'punct'}, {'from_term': 't42', 'to_term': 't30', 'rfunc': 'nsubj:pass'}, {'from_term': 't36', 'to_term': 't31', 'rfunc': 'mark'}, {'from_term': 't42', 'to_term': 't36', 'rfunc': 'advcl'}, {'from_term': 't36', 'to_term': 't32', 'rfunc': 'mark'}, {'from_term': 't36', 'to_term': 't33', 'rfunc': 'punct'}, {'from_term': 't36', 'to_term': 't34', 'rfunc': 'nsubj'}, {'from_term': 't36', 'to_term': 't35', 'rfunc': 'aux'}, {'from_term': 't36', 'to_term': 't37', 'rfunc': 'obj'}, {'from_term': 't36', 'to_term': 't38', 'rfunc': 'compound:prt'}, {'from_term': 't36', 'to_term': 't39', 'rfunc': 'advmod'}, {'from_term': 't36', 'to_term': 't40', 'rfunc': 'punct'}, {'from_term': 't42', 'to_term': 't41', 'rfunc': 'aux:pass'}, {'from_term': 't48', 'to_term': 't43', 'rfunc': 'punct'}, {'from_term': 't42', 'to_term': 't48', 'rfunc': 'obl'}, {'from_term': 't48', 'to_term': 't44', 'rfunc': 'case'}, {'from_term': 't44', 'to_term': 't45', 'rfunc': 'fixed'}, {'from_term': 't48', 'to_term': 't46', 'rfunc': 'nmod:poss'}, {'from_term': 't48', 'to_term': 't47', 'rfunc': 'compound'}, {'from_term': 't48', 'to_term': 't49', 'rfunc': 'punct'}, {'from_term': 't42', 'to_term': 't50', 'rfunc': 'punct'}], actual: [{'from_term': 't3', 'to_term': 't1', 'rfunc': 'det'}, {'from_term': 't4', 'to_term': 't3', 'rfunc': 'nsubj'}, {'from_term': 't3', 'to_term': 't2', 'rfunc': 'compound'}, {'from_term': 't4', 'to_term': 't5', 'rfunc': 'obj'}, {'from_term': 't7', 'to_term': 't6', 'rfunc': 'mark'}, {'from_term': 't4', 'to_term': 't7', 'rfunc': 'xcomp'}, {'from_term': 't9', 'to_term': 't8', 'rfunc': 'compound'}, {'from_term': 't7', 'to_term': 't9', 'rfunc': 'obj'}, {'from_term': 't13', 'to_term': 't10', 'rfunc': 'case'}, {'from_term': 't9', 'to_term': 't13', 'rfunc': 'nmod'}, {'from_term': 't13', 'to_term': 't11', 'rfunc': 'amod'}, {'from_term': 't13', 'to_term': 't12', 'rfunc': 'amod'}, {'from_term': 't16', 'to_term': 't14', 'rfunc': 'cc'}, {'from_term': 't13', 'to_term': 't16', 'rfunc': 'conj'}, {'from_term': 't16', 'to_term': 't15', 'rfunc': 'compound'}, {'from_term': 't21', 'to_term': 't17', 'rfunc': 'case'}, {'from_term': 't7', 'to_term': 't21', 'rfunc': 'obl'}, {'from_term': 't19', 'to_term': 't18', 'rfunc': 'punct'}, {'from_term': 't21', 'to_term': 't19', 'rfunc': 'amod'}, {'from_term': 't19', 'to_term': 't20', 'rfunc': 'punct'}, {'from_term': 't25', 'to_term': 't22', 'rfunc': 'cc'}, {'from_term': 't21', 'to_term': 't25', 'rfunc': 'conj'}, {'from_term': 't25', 'to_term': 't23', 'rfunc': 'det'}, {'from_term': 't25', 'to_term': 't24', 'rfunc': 'compound'}, {'from_term': 't28', 'to_term': 't26', 'rfunc': 'case'}, {'from_term': 't25', 'to_term': 't28', 'rfunc': 'nmod'}, {'from_term': 't28', 'to_term': 't27', 'rfunc': 'nummod'}, {'from_term': 't4', 'to_term': 't29', 'rfunc': 'punct'}, {'from_term': 't31', 'to_term': 't30', 'rfunc': 'nsubj'}, {'from_term': 't36', 'to_term': 't32', 'rfunc': 'mark'}, {'from_term': 't42', 'to_term': 't36', 'rfunc': 'advcl'}, {'from_term': 't31', 'to_term': 't42', 'rfunc': 'ccomp'}, {'from_term': 't36', 'to_term': 't33', 'rfunc': 'punct'}, {'from_term': 't36', 'to_term': 't34', 'rfunc': 'nsubj'}, {'from_term': 't36', 'to_term': 't35', 'rfunc': 'aux'}, {'from_term': 't36', 'to_term': 't37', 'rfunc': 'obj'}, {'from_term': 't36', 'to_term': 't38', 'rfunc': 'compound:prt'}, {'from_term': 't36', 'to_term': 't39', 'rfunc': 'advmod'}, {'from_term': 't36', 'to_term': 't40', 'rfunc': 'punct'}, {'from_term': 't42', 'to_term': 't41', 'rfunc': 'aux:pass'}, {'from_term': 't48', 'to_term': 't43', 'rfunc': 'punct'}, {'from_term': 't42', 'to_term': 't48', 'rfunc': 'obl'}, {'from_term': 't48', 'to_term': 't44', 'rfunc': 'case'}, {'from_term': 't44', 'to_term': 't45', 'rfunc': 'fixed'}, {'from_term': 't48', 'to_term': 't46', 'rfunc': 'nmod:poss'}, {'from_term': 't48', 'to_term': 't47', 'rfunc': 'compound'}, {'from_term': 't48', 'to_term': 't49', 'rfunc': 'punct'}, {'from_term': 't42', 'to_term': 't50', 'rfunc': 'punct'}]]]></stack-trace></failure><reason><message><![CDATA[]]></message></reason><output><![CDATA[]]></output></test-case><environment framework-version="3.6.2" clr-version="3.8.10 (default, Mar 15 2022, 12:22:08) &#10;[GCC 9.4.0]" os-version="5.15.79.1-microsoft-standard-WSL2" platform="Linux" cwd="/home/timadmin/code/nafigator" machine-name="x86_64" user="" user-domain="" culture="en_US" uiculture="en_US" os-architecture="64bit" /></test-suite></test-run>