<test-run id="2" testcasecount="90" result="Passed" start-time="2023-03-16 13:35:13.610245" end-time="2023-03-16 13:36:04.949305" duration="51" total="90" passed="90" failed="0" inconclusive="0" skipped="0" asserts="0" clr-version="3.9.13 (main, Aug 25 2022, 23:51:50) [MSC v.1916 64 bit (AMD64)]" engine-version="3.6.2"><command-line>C:\ProgramData\Anaconda3\Scripts\pytest tests/</command-line><filter><test re="0">tests/</test></filter><test-suite id="tests/test_parse2naf.py::TestParse2naf" name="tests/test_parse2naf.py::TestParse2naf" fullname="tests/test_parse2naf.py::TestParse2naf" methodname="" classname="" runstate="Runnable" type="Assembly" testcasecount="19" result="Passed" label="The basic class that inherits unittest.TestCase" start-time="2023-03-16 13:36:04.895302" end-time="2023-03-16 13:36:04.917303" duration="0.022001" asserts="0" total="19" passed="19" failed="0" warnings="0" inconclusive="0" skipped="0"><properties><property name="python_version" value="3.9.13 (main, Aug 25 2022, 23:51:50) [MSC v.1916 64 bit (AMD64)]" /></properties><test-case id="148" name="tests/test_parse2naf.py::TestParse2naf::test_add_chunks_layer" fullname="tests/test_parse2naf.py::TestParse2naf::test_add_chunks_layer" methodname="test_add_chunks_layer" classname="TestParse2naf" runstate="Runnable" seed="1" result="Passed" label="test if output chunks layer = correct&#10;        input: dict&#10;        level: 1&#10;        scenarios: check chunks layer vs chunks" start-time="2023-03-16 13:36:04.895302" end-time="2023-03-16 13:36:04.896301" duration="0.000999" asserts="0"><properties><property name="python-version" value="3.9.13 (main, Aug 25 2022, 23:51:50) [MSC v.1916 64 bit (AMD64)]" /><property name="fspath" value="tests/test_parse2naf.py" /></properties><environment framework-version="3.6.2" clr-version="3.9.13 (main, Aug 25 2022, 23:51:50) [MSC v.1916 64 bit (AMD64)]" os-version="10" platform="Windows" cwd="C:\Users\lsevereijns\Documents\nafigator" machine-name="AMD64" user="" user-domain="" culture="en_US" uiculture="en_US" os-architecture="64bit" /><failure><message><![CDATA[]]></message><stack-trace><![CDATA[None]]></stack-trace></failure><reason><message><![CDATA[]]></message></reason><output><![CDATA[]]></output></test-case><test-case id="149" name="tests/test_parse2naf.py::TestParse2naf::test_add_deps_layer" fullname="tests/test_parse2naf.py::TestParse2naf::test_add_deps_layer" methodname="test_add_deps_layer" classname="TestParse2naf" runstate="Runnable" seed="1" result="Passed" label="test if output deps layer = correct&#10;        input: dict&#10;        level: 1&#10;        scenarios: check dependencies layer vs dependencies" start-time="2023-03-16 13:36:04.896301" end-time="2023-03-16 13:36:04.897302" duration="0.001001" asserts="0"><properties><property name="python-version" value="3.9.13 (main, Aug 25 2022, 23:51:50) [MSC v.1916 64 bit (AMD64)]" /><property name="fspath" value="tests/test_parse2naf.py" /></properties><environment framework-version="3.6.2" clr-version="3.9.13 (main, Aug 25 2022, 23:51:50) [MSC v.1916 64 bit (AMD64)]" os-version="10" platform="Windows" cwd="C:\Users\lsevereijns\Documents\nafigator" machine-name="AMD64" user="" user-domain="" culture="en_US" uiculture="en_US" os-architecture="64bit" /><failure><message><![CDATA[]]></message><stack-trace><![CDATA[None]]></stack-trace></failure><reason><message><![CDATA[]]></message></reason><output><![CDATA[]]></output></test-case><test-case id="150" name="tests/test_parse2naf.py::TestParse2naf::test_add_entities_layer" fullname="tests/test_parse2naf.py::TestParse2naf::test_add_entities_layer" methodname="test_add_entities_layer" classname="TestParse2naf" runstate="Runnable" seed="1" result="Passed" label="test if output entities layer = correct&#10;        input: dict&#10;        level: 1&#10;        scenarios: check entities for multiple input" start-time="2023-03-16 13:36:04.897302" end-time="2023-03-16 13:36:04.898302" duration="0.001" asserts="0"><properties><property name="python-version" value="3.9.13 (main, Aug 25 2022, 23:51:50) [MSC v.1916 64 bit (AMD64)]" /><property name="fspath" value="tests/test_parse2naf.py" /></properties><environment framework-version="3.6.2" clr-version="3.9.13 (main, Aug 25 2022, 23:51:50) [MSC v.1916 64 bit (AMD64)]" os-version="10" platform="Windows" cwd="C:\Users\lsevereijns\Documents\nafigator" machine-name="AMD64" user="" user-domain="" culture="en_US" uiculture="en_US" os-architecture="64bit" /><failure><message><![CDATA[]]></message><stack-trace><![CDATA[None]]></stack-trace></failure><reason><message><![CDATA[]]></message></reason><output><![CDATA[]]></output></test-case><test-case id="151" name="tests/test_parse2naf.py::TestParse2naf::test_add_formats_layer" fullname="tests/test_parse2naf.py::TestParse2naf::test_add_formats_layer" methodname="test_add_formats_layer" classname="TestParse2naf" runstate="Runnable" seed="1" result="Passed" label="test if output formats layer = correct&#10;        input: dict&#10;        level: 1&#10;        scenarios: check format elements layer vs format elements" start-time="2023-03-16 13:36:04.898302" end-time="2023-03-16 13:36:04.899300" duration="0.000998" asserts="0"><properties><property name="python-version" value="3.9.13 (main, Aug 25 2022, 23:51:50) [MSC v.1916 64 bit (AMD64)]" /><property name="fspath" value="tests/test_parse2naf.py" /></properties><environment framework-version="3.6.2" clr-version="3.9.13 (main, Aug 25 2022, 23:51:50) [MSC v.1916 64 bit (AMD64)]" os-version="10" platform="Windows" cwd="C:\Users\lsevereijns\Documents\nafigator" machine-name="AMD64" user="" user-domain="" culture="en_US" uiculture="en_US" os-architecture="64bit" /><failure><message><![CDATA[]]></message><stack-trace><![CDATA[None]]></stack-trace></failure><reason><message><![CDATA[]]></message></reason><output><![CDATA[]]></output></test-case><test-case id="152" name="tests/test_parse2naf.py::TestParse2naf::test_add_multiwords_layer" fullname="tests/test_parse2naf.py::TestParse2naf::test_add_multiwords_layer" methodname="test_add_multiwords_layer" classname="TestParse2naf" runstate="Runnable" seed="1" result="Passed" label="test multiword output data&#10;        input: dict&#10;        level: 1&#10;        scenarios: check multiword layer vs multiword" start-time="2023-03-16 13:36:04.900305" end-time="2023-03-16 13:36:04.900305" duration="0.0" asserts="0"><properties><property name="python-version" value="3.9.13 (main, Aug 25 2022, 23:51:50) [MSC v.1916 64 bit (AMD64)]" /><property name="fspath" value="tests/test_parse2naf.py" /></properties><environment framework-version="3.6.2" clr-version="3.9.13 (main, Aug 25 2022, 23:51:50) [MSC v.1916 64 bit (AMD64)]" os-version="10" platform="Windows" cwd="C:\Users\lsevereijns\Documents\nafigator" machine-name="AMD64" user="" user-domain="" culture="en_US" uiculture="en_US" os-architecture="64bit" /><failure><message><![CDATA[]]></message><stack-trace><![CDATA[None]]></stack-trace></failure><reason><message><![CDATA[]]></message></reason><output><![CDATA[]]></output></test-case><test-case id="153" name="tests/test_parse2naf.py::TestParse2naf::test_add_terms_layer" fullname="tests/test_parse2naf.py::TestParse2naf::test_add_terms_layer" methodname="test_add_terms_layer" classname="TestParse2naf" runstate="Runnable" seed="1" result="Passed" label="test if output terms layer = correct&#10;        input: dict&#10;        level: 1&#10;        scenarios: check terms layer vs terms" start-time="2023-03-16 13:36:04.901302" end-time="2023-03-16 13:36:04.902302" duration="0.001" asserts="0"><properties><property name="python-version" value="3.9.13 (main, Aug 25 2022, 23:51:50) [MSC v.1916 64 bit (AMD64)]" /><property name="fspath" value="tests/test_parse2naf.py" /></properties><environment framework-version="3.6.2" clr-version="3.9.13 (main, Aug 25 2022, 23:51:50) [MSC v.1916 64 bit (AMD64)]" os-version="10" platform="Windows" cwd="C:\Users\lsevereijns\Documents\nafigator" machine-name="AMD64" user="" user-domain="" culture="en_US" uiculture="en_US" os-architecture="64bit" /><failure><message><![CDATA[]]></message><stack-trace><![CDATA[None]]></stack-trace></failure><reason><message><![CDATA[]]></message></reason><output><![CDATA[]]></output></test-case><test-case id="154" name="tests/test_parse2naf.py::TestParse2naf::test_add_text_layer" fullname="tests/test_parse2naf.py::TestParse2naf::test_add_text_layer" methodname="test_add_text_layer" classname="TestParse2naf" runstate="Runnable" seed="1" result="Passed" label="test if output text layer = correct&#10;        input: dict&#10;        level: 1&#10;        scenarios: check text layer vs text" start-time="2023-03-16 13:36:04.902302" end-time="2023-03-16 13:36:04.903300" duration="0.000998" asserts="0"><properties><property name="python-version" value="3.9.13 (main, Aug 25 2022, 23:51:50) [MSC v.1916 64 bit (AMD64)]" /><property name="fspath" value="tests/test_parse2naf.py" /></properties><environment framework-version="3.6.2" clr-version="3.9.13 (main, Aug 25 2022, 23:51:50) [MSC v.1916 64 bit (AMD64)]" os-version="10" platform="Windows" cwd="C:\Users\lsevereijns\Documents\nafigator" machine-name="AMD64" user="" user-domain="" culture="en_US" uiculture="en_US" os-architecture="64bit" /><failure><message><![CDATA[]]></message><stack-trace><![CDATA[None]]></stack-trace></failure><reason><message><![CDATA[]]></message></reason><output><![CDATA[]]></output></test-case><test-case id="155" name="tests/test_parse2naf.py::TestParse2naf::test_chunk_tuples_for_doc" fullname="tests/test_parse2naf.py::TestParse2naf::test_chunk_tuples_for_doc" methodname="test_chunk_tuples_for_doc" classname="TestParse2naf" runstate="Runnable" seed="1" result="Passed" label="test chunk element on ...?&#10;        input: str, dict&#10;        level: 0&#10;        scenarios: check tuples for multiple input" start-time="2023-03-16 13:36:04.903300" end-time="2023-03-16 13:36:04.904300" duration="0.001" asserts="0"><properties><property name="python-version" value="3.9.13 (main, Aug 25 2022, 23:51:50) [MSC v.1916 64 bit (AMD64)]" /><property name="fspath" value="tests/test_parse2naf.py" /></properties><environment framework-version="3.6.2" clr-version="3.9.13 (main, Aug 25 2022, 23:51:50) [MSC v.1916 64 bit (AMD64)]" os-version="10" platform="Windows" cwd="C:\Users\lsevereijns\Documents\nafigator" machine-name="AMD64" user="" user-domain="" culture="en_US" uiculture="en_US" os-architecture="64bit" /><failure><message><![CDATA[]]></message><stack-trace><![CDATA[None]]></stack-trace></failure><reason><message><![CDATA[]]></message></reason><output><![CDATA[]]></output></test-case><test-case id="156" name="tests/test_parse2naf.py::TestParse2naf::test_chunks_for_doc" fullname="tests/test_parse2naf.py::TestParse2naf::test_chunks_for_doc" methodname="test_chunks_for_doc" classname="TestParse2naf" runstate="Runnable" seed="1" result="Passed" label="test if span is right&#10;        input: str, dict&#10;        level: 0&#10;        scenarios:  check chunks for ADP&#10;                    check chunks for not ADP" start-time="2023-03-16 13:36:04.904300" end-time="2023-03-16 13:36:04.905305" duration="0.001005" asserts="0"><properties><property name="python-version" value="3.9.13 (main, Aug 25 2022, 23:51:50) [MSC v.1916 64 bit (AMD64)]" /><property name="fspath" value="tests/test_parse2naf.py" /></properties><environment framework-version="3.6.2" clr-version="3.9.13 (main, Aug 25 2022, 23:51:50) [MSC v.1916 64 bit (AMD64)]" os-version="10" platform="Windows" cwd="C:\Users\lsevereijns\Documents\nafigator" machine-name="AMD64" user="" user-domain="" culture="en_US" uiculture="en_US" os-architecture="64bit" /><failure><message><![CDATA[]]></message><stack-trace><![CDATA[None]]></stack-trace></failure><reason><message><![CDATA[]]></message></reason><output><![CDATA[]]></output></test-case><test-case id="157" name="tests/test_parse2naf.py::TestParse2naf::test_create_params" fullname="tests/test_parse2naf.py::TestParse2naf::test_create_params" methodname="test_create_params" classname="TestParse2naf" runstate="Runnable" seed="1" result="Passed" label="This function tests whether the input params are updated&#10;        input:  str, str, str, str, bool, params dict, any&#10;        level: 0&#10;        scenarios: input = nafdocument or something else" start-time="2023-03-16 13:36:04.906302" end-time="2023-03-16 13:36:04.906302" duration="0.0" asserts="0"><properties><property name="python-version" value="3.9.13 (main, Aug 25 2022, 23:51:50) [MSC v.1916 64 bit (AMD64)]" /><property name="fspath" value="tests/test_parse2naf.py" /></properties><environment framework-version="3.6.2" clr-version="3.9.13 (main, Aug 25 2022, 23:51:50) [MSC v.1916 64 bit (AMD64)]" os-version="10" platform="Windows" cwd="C:\Users\lsevereijns\Documents\nafigator" machine-name="AMD64" user="" user-domain="" culture="en_US" uiculture="en_US" os-architecture="64bit" /><failure><message><![CDATA[]]></message><stack-trace><![CDATA[None]]></stack-trace></failure><reason><message><![CDATA[]]></message></reason><output><![CDATA[]]></output></test-case><test-case id="158" name="tests/test_parse2naf.py::TestParse2naf::test_dependencies_to_add" fullname="tests/test_parse2naf.py::TestParse2naf::test_dependencies_to_add" methodname="test_dependencies_to_add" classname="TestParse2naf" runstate="Runnable" seed="1" result="Passed" label="test output on dependencies that are added&#10;        input: str, str, int, dict&#10;        level: 0&#10;        scenarios: check dependency list for multiple input" start-time="2023-03-16 13:36:04.907301" end-time="2023-03-16 13:36:04.907301" duration="0.0" asserts="0"><properties><property name="python-version" value="3.9.13 (main, Aug 25 2022, 23:51:50) [MSC v.1916 64 bit (AMD64)]" /><property name="fspath" value="tests/test_parse2naf.py" /></properties><environment framework-version="3.6.2" clr-version="3.9.13 (main, Aug 25 2022, 23:51:50) [MSC v.1916 64 bit (AMD64)]" os-version="10" platform="Windows" cwd="C:\Users\lsevereijns\Documents\nafigator" machine-name="AMD64" user="" user-domain="" culture="en_US" uiculture="en_US" os-architecture="64bit" /><failure><message><![CDATA[]]></message><stack-trace><![CDATA[None]]></stack-trace></failure><reason><message><![CDATA[]]></message></reason><output><![CDATA[]]></output></test-case><test-case id="159" name="tests/test_parse2naf.py::TestParse2naf::test_derive_text_from_formats_layer" fullname="tests/test_parse2naf.py::TestParse2naf::test_derive_text_from_formats_layer" methodname="test_derive_text_from_formats_layer" classname="TestParse2naf" runstate="Runnable" seed="1" result="Passed" label="test for expected text return&#10;        input: dict&#10;        level: 0&#10;        scenarios:  check text with formats&#10;                    check text without formats&#10;                    check for different spaces" start-time="2023-03-16 13:36:04.908302" end-time="2023-03-16 13:36:04.908302" duration="0.0" asserts="0"><properties><property name="python-version" value="3.9.13 (main, Aug 25 2022, 23:51:50) [MSC v.1916 64 bit (AMD64)]" /><property name="fspath" value="tests/test_parse2naf.py" /></properties><environment framework-version="3.6.2" clr-version="3.9.13 (main, Aug 25 2022, 23:51:50) [MSC v.1916 64 bit (AMD64)]" os-version="10" platform="Windows" cwd="C:\Users\lsevereijns\Documents\nafigator" machine-name="AMD64" user="" user-domain="" culture="en_US" uiculture="en_US" os-architecture="64bit" /><failure><message><![CDATA[]]></message><stack-trace><![CDATA[None]]></stack-trace></failure><reason><message><![CDATA[]]></message></reason><output><![CDATA[]]></output></test-case><test-case id="160" name="tests/test_parse2naf.py::TestParse2naf::test_entities_generator" fullname="tests/test_parse2naf.py::TestParse2naf::test_entities_generator" methodname="test_entities_generator" classname="TestParse2naf" runstate="Runnable" seed="1" result="Passed" label="tests if start and end are right&#10;        input: str, dict&#10;        level: 0&#10;        scenarios: check entities for multiple input" start-time="2023-03-16 13:36:04.909302" end-time="2023-03-16 13:36:04.910301" duration="0.000999" asserts="0"><properties><property name="python-version" value="3.9.13 (main, Aug 25 2022, 23:51:50) [MSC v.1916 64 bit (AMD64)]" /><property name="fspath" value="tests/test_parse2naf.py" /></properties><environment framework-version="3.6.2" clr-version="3.9.13 (main, Aug 25 2022, 23:51:50) [MSC v.1916 64 bit (AMD64)]" os-version="10" platform="Windows" cwd="C:\Users\lsevereijns\Documents\nafigator" machine-name="AMD64" user="" user-domain="" culture="en_US" uiculture="en_US" os-architecture="64bit" /><failure><message><![CDATA[]]></message><stack-trace><![CDATA[None]]></stack-trace></failure><reason><message><![CDATA[]]></message></reason><output><![CDATA[]]></output></test-case><test-case id="161" name="tests/test_parse2naf.py::TestParse2naf::test_evaluate_naf" fullname="tests/test_parse2naf.py::TestParse2naf::test_evaluate_naf" methodname="test_evaluate_naf" classname="TestParse2naf" runstate="Runnable" seed="1" result="Passed" label="This function tests whether the expected logging errors occur&#10;        input: dict&#10;        level: 1&#10;        scenarios: check all logging" start-time="2023-03-16 13:36:04.910301" end-time="2023-03-16 13:36:04.911303" duration="0.001002" asserts="0"><properties><property name="python-version" value="3.9.13 (main, Aug 25 2022, 23:51:50) [MSC v.1916 64 bit (AMD64)]" /><property name="fspath" value="tests/test_parse2naf.py" /></properties><environment framework-version="3.6.2" clr-version="3.9.13 (main, Aug 25 2022, 23:51:50) [MSC v.1916 64 bit (AMD64)]" os-version="10" platform="Windows" cwd="C:\Users\lsevereijns\Documents\nafigator" machine-name="AMD64" user="" user-domain="" culture="en_US" uiculture="en_US" os-architecture="64bit" /><failure><message><![CDATA[]]></message><stack-trace><![CDATA[None]]></stack-trace></failure><reason><message><![CDATA[]]></message></reason><output><![CDATA[]]></output></test-case><test-case id="162" name="tests/test_parse2naf.py::TestParse2naf::test_get_next_mw_id" fullname="tests/test_parse2naf.py::TestParse2naf::test_get_next_mw_id" methodname="test_get_next_mw_id" classname="TestParse2naf" runstate="Runnable" seed="1" result="Passed" label="test multiword id output&#10;        input: dict&#10;        level: 0&#10;        scenarios: check ids for multiple input" start-time="2023-03-16 13:36:04.911303" end-time="2023-03-16 13:36:04.912301" duration="0.000998" asserts="0"><properties><property name="python-version" value="3.9.13 (main, Aug 25 2022, 23:51:50) [MSC v.1916 64 bit (AMD64)]" /><property name="fspath" value="tests/test_parse2naf.py" /></properties><environment framework-version="3.6.2" clr-version="3.9.13 (main, Aug 25 2022, 23:51:50) [MSC v.1916 64 bit (AMD64)]" os-version="10" platform="Windows" cwd="C:\Users\lsevereijns\Documents\nafigator" machine-name="AMD64" user="" user-domain="" culture="en_US" uiculture="en_US" os-architecture="64bit" /><failure><message><![CDATA[]]></message><stack-trace><![CDATA[None]]></stack-trace></failure><reason><message><![CDATA[]]></message></reason><output><![CDATA[]]></output></test-case><test-case id="163" name="tests/test_parse2naf.py::TestParse2naf::test_process_linguistic_layers" fullname="tests/test_parse2naf.py::TestParse2naf::test_process_linguistic_layers" methodname="test_process_linguistic_layers" classname="TestParse2naf" runstate="Runnable" seed="1" result="Passed" label="test for multiple layers add&#10;        input: dict&#10;        level: 1&#10;        scenarios: check output preprocess layer" start-time="2023-03-16 13:36:04.912301" end-time="2023-03-16 13:36:04.913301" duration="0.001" asserts="0"><properties><property name="python-version" value="3.9.13 (main, Aug 25 2022, 23:51:50) [MSC v.1916 64 bit (AMD64)]" /><property name="fspath" value="tests/test_parse2naf.py" /></properties><environment framework-version="3.6.2" clr-version="3.9.13 (main, Aug 25 2022, 23:51:50) [MSC v.1916 64 bit (AMD64)]" os-version="10" platform="Windows" cwd="C:\Users\lsevereijns\Documents\nafigator" machine-name="AMD64" user="" user-domain="" culture="en_US" uiculture="en_US" os-architecture="64bit" /><failure><message><![CDATA[]]></message><stack-trace><![CDATA[None]]></stack-trace></failure><reason><message><![CDATA[]]></message></reason><output><![CDATA[]]></output></test-case><test-case id="164" name="tests/test_parse2naf.py::TestParse2naf::test_process_linguistic_steps" fullname="tests/test_parse2naf.py::TestParse2naf::test_process_linguistic_steps" methodname="test_process_linguistic_steps" classname="TestParse2naf" runstate="Runnable" seed="1" result="Passed" label="test for multiple language input&#10;        input: dict&#10;        level: 1&#10;        scenarios: check language and engine" start-time="2023-03-16 13:36:04.913301" end-time="2023-03-16 13:36:04.914305" duration="0.001004" asserts="0"><properties><property name="python-version" value="3.9.13 (main, Aug 25 2022, 23:51:50) [MSC v.1916 64 bit (AMD64)]" /><property name="fspath" value="tests/test_parse2naf.py" /></properties><environment framework-version="3.6.2" clr-version="3.9.13 (main, Aug 25 2022, 23:51:50) [MSC v.1916 64 bit (AMD64)]" os-version="10" platform="Windows" cwd="C:\Users\lsevereijns\Documents\nafigator" machine-name="AMD64" user="" user-domain="" culture="en_US" uiculture="en_US" os-architecture="64bit" /><failure><message><![CDATA[]]></message><stack-trace><![CDATA[None]]></stack-trace></failure><reason><message><![CDATA[]]></message></reason><output><![CDATA[]]></output></test-case><test-case id="165" name="tests/test_parse2naf.py::TestParse2naf::test_process_preprocess_steps" fullname="tests/test_parse2naf.py::TestParse2naf::test_process_preprocess_steps" methodname="test_process_preprocess_steps" classname="TestParse2naf" runstate="Runnable" seed="1" result="Passed" label="tests whether the input is encoded correctly and&#10;        tests if the right conversion of input document is used&#10;        input: dict&#10;        level: 1 (imports from preprocessor)&#10;        scenarios: check generated text" start-time="2023-03-16 13:36:04.915303" end-time="2023-03-16 13:36:04.915303" duration="0.0" asserts="0"><properties><property name="python-version" value="3.9.13 (main, Aug 25 2022, 23:51:50) [MSC v.1916 64 bit (AMD64)]" /><property name="fspath" value="tests/test_parse2naf.py" /></properties><environment framework-version="3.6.2" clr-version="3.9.13 (main, Aug 25 2022, 23:51:50) [MSC v.1916 64 bit (AMD64)]" os-version="10" platform="Windows" cwd="C:\Users\lsevereijns\Documents\nafigator" machine-name="AMD64" user="" user-domain="" culture="en_US" uiculture="en_US" os-architecture="64bit" /><failure><message><![CDATA[]]></message><stack-trace><![CDATA[None]]></stack-trace></failure><reason><message><![CDATA[]]></message></reason><output><![CDATA[]]></output></test-case><test-case id="166" name="tests/test_parse2naf.py::TestParse2naf::test_raw_layer" fullname="tests/test_parse2naf.py::TestParse2naf::test_raw_layer" methodname="test_raw_layer" classname="TestParse2naf" runstate="Runnable" seed="1" result="Passed" label="test multiword output data&#10;        input: dict&#10;        level: 1&#10;        scenarios: check multiword layer vs multiword" start-time="2023-03-16 13:36:04.916305" end-time="2023-03-16 13:36:04.917303" duration="0.000998" asserts="0"><properties><property name="python-version" value="3.9.13 (main, Aug 25 2022, 23:51:50) [MSC v.1916 64 bit (AMD64)]" /><property name="fspath" value="tests/test_parse2naf.py" /></properties><environment framework-version="3.6.2" clr-version="3.9.13 (main, Aug 25 2022, 23:51:50) [MSC v.1916 64 bit (AMD64)]" os-version="10" platform="Windows" cwd="C:\Users\lsevereijns\Documents\nafigator" machine-name="AMD64" user="" user-domain="" culture="en_US" uiculture="en_US" os-architecture="64bit" /><failure><message><![CDATA[]]></message><stack-trace><![CDATA[None]]></stack-trace></failure><reason><message><![CDATA[]]></message></reason><output><![CDATA[]]></output></test-case><environment framework-version="3.6.2" clr-version="3.9.13 (main, Aug 25 2022, 23:51:50) [MSC v.1916 64 bit (AMD64)]" os-version="10" platform="Windows" cwd="C:\Users\lsevereijns\Documents\nafigator" machine-name="AMD64" user="" user-domain="" culture="en_US" uiculture="en_US" os-architecture="64bit" /></test-suite><test-suite id="tests/test_nafigator.py::TestNafigator_pdf" name="tests/test_nafigator.py::TestNafigator_pdf" fullname="tests/test_nafigator.py::TestNafigator_pdf" methodname="" classname="" runstate="Runnable" type="Assembly" testcasecount="12" result="Passed" label="Tests for `nafigator` package." start-time="2023-03-16 13:35:16.799510" end-time="2023-03-16 13:36:01.992060" duration="45.19255" asserts="0" total="12" passed="12" failed="0" warnings="0" inconclusive="0" skipped="0"><properties><property name="python_version" value="3.9.13 (main, Aug 25 2022, 23:51:50) [MSC v.1916 64 bit (AMD64)]" /></properties><test-case id="129" name="tests/test_nafigator.py::TestNafigator_pdf::test_10_pdf_multiwords" fullname="tests/test_nafigator.py::TestNafigator_pdf::test_10_pdf_multiwords" methodname="test_10_pdf_multiwords" classname="TestNafigator_pdf" runstate="Runnable" seed="1" result="Passed" label="" start-time="2023-03-16 13:35:16.799510" end-time="2023-03-16 13:35:19.756753" duration="2.957243" asserts="0"><properties><property name="python-version" value="3.9.13 (main, Aug 25 2022, 23:51:50) [MSC v.1916 64 bit (AMD64)]" /><property name="fspath" value="tests/test_nafigator.py" /></properties><environment framework-version="3.6.2" clr-version="3.9.13 (main, Aug 25 2022, 23:51:50) [MSC v.1916 64 bit (AMD64)]" os-version="10" platform="Windows" cwd="C:\Users\lsevereijns\Documents\nafigator" machine-name="AMD64" user="" user-domain="" culture="en_US" uiculture="en_US" os-architecture="64bit" /><failure><message><![CDATA[]]></message><stack-trace><![CDATA[None]]></stack-trace></failure><reason><message><![CDATA[]]></message></reason><output><![CDATA[]]></output></test-case><test-case id="130" name="tests/test_nafigator.py::TestNafigator_pdf::test_11_raw" fullname="tests/test_nafigator.py::TestNafigator_pdf::test_11_raw" methodname="test_11_raw" classname="TestNafigator_pdf" runstate="Runnable" seed="1" result="Passed" label="" start-time="2023-03-16 13:35:19.757756" end-time="2023-03-16 13:35:22.668998" duration="2.911242" asserts="0"><properties><property name="python-version" value="3.9.13 (main, Aug 25 2022, 23:51:50) [MSC v.1916 64 bit (AMD64)]" /><property name="fspath" value="tests/test_nafigator.py" /></properties><environment framework-version="3.6.2" clr-version="3.9.13 (main, Aug 25 2022, 23:51:50) [MSC v.1916 64 bit (AMD64)]" os-version="10" platform="Windows" cwd="C:\Users\lsevereijns\Documents\nafigator" machine-name="AMD64" user="" user-domain="" culture="en_US" uiculture="en_US" os-architecture="64bit" /><failure><message><![CDATA[]]></message><stack-trace><![CDATA[None]]></stack-trace></failure><reason><message><![CDATA[]]></message></reason><output><![CDATA[]]></output></test-case><test-case id="131" name="tests/test_nafigator.py::TestNafigator_pdf::test_13_formats_copy" fullname="tests/test_nafigator.py::TestNafigator_pdf::test_13_formats_copy" methodname="test_13_formats_copy" classname="TestNafigator_pdf" runstate="Runnable" seed="1" result="Passed" label="" start-time="2023-03-16 13:35:22.669997" end-time="2023-03-16 13:35:28.576490" duration="5.906493" asserts="0"><properties><property name="python-version" value="3.9.13 (main, Aug 25 2022, 23:51:50) [MSC v.1916 64 bit (AMD64)]" /><property name="fspath" value="tests/test_nafigator.py" /></properties><environment framework-version="3.6.2" clr-version="3.9.13 (main, Aug 25 2022, 23:51:50) [MSC v.1916 64 bit (AMD64)]" os-version="10" platform="Windows" cwd="C:\Users\lsevereijns\Documents\nafigator" machine-name="AMD64" user="" user-domain="" culture="en_US" uiculture="en_US" os-architecture="64bit" /><failure><message><![CDATA[]]></message><stack-trace><![CDATA[None]]></stack-trace></failure><reason><message><![CDATA[]]></message></reason><output><![CDATA[]]></output></test-case><test-case id="132" name="tests/test_nafigator.py::TestNafigator_pdf::test_1_pdf_generate_naf" fullname="tests/test_nafigator.py::TestNafigator_pdf::test_1_pdf_generate_naf" methodname="test_1_pdf_generate_naf" classname="TestNafigator_pdf" runstate="Runnable" seed="1" result="Passed" label="" start-time="2023-03-16 13:35:28.577490" end-time="2023-03-16 13:35:34.439978" duration="5.862488" asserts="0"><properties><property name="python-version" value="3.9.13 (main, Aug 25 2022, 23:51:50) [MSC v.1916 64 bit (AMD64)]" /><property name="fspath" value="tests/test_nafigator.py" /></properties><environment framework-version="3.6.2" clr-version="3.9.13 (main, Aug 25 2022, 23:51:50) [MSC v.1916 64 bit (AMD64)]" os-version="10" platform="Windows" cwd="C:\Users\lsevereijns\Documents\nafigator" machine-name="AMD64" user="" user-domain="" culture="en_US" uiculture="en_US" os-architecture="64bit" /><failure><message><![CDATA[]]></message><stack-trace><![CDATA[None]]></stack-trace></failure><reason><message><![CDATA[]]></message></reason><output><![CDATA[]]></output></test-case><test-case id="133" name="tests/test_nafigator.py::TestNafigator_pdf::test_1_split_pre_linguistic" fullname="tests/test_nafigator.py::TestNafigator_pdf::test_1_split_pre_linguistic" methodname="test_1_split_pre_linguistic" classname="TestNafigator_pdf" runstate="Runnable" seed="1" result="Passed" label="" start-time="2023-03-16 13:35:34.440978" end-time="2023-03-16 13:35:40.884516" duration="6.443538" asserts="0"><properties><property name="python-version" value="3.9.13 (main, Aug 25 2022, 23:51:50) [MSC v.1916 64 bit (AMD64)]" /><property name="fspath" value="tests/test_nafigator.py" /></properties><environment framework-version="3.6.2" clr-version="3.9.13 (main, Aug 25 2022, 23:51:50) [MSC v.1916 64 bit (AMD64)]" os-version="10" platform="Windows" cwd="C:\Users\lsevereijns\Documents\nafigator" machine-name="AMD64" user="" user-domain="" culture="en_US" uiculture="en_US" os-architecture="64bit" /><failure><message><![CDATA[]]></message><stack-trace><![CDATA[None]]></stack-trace></failure><reason><message><![CDATA[]]></message></reason><output><![CDATA[]]></output></test-case><test-case id="134" name="tests/test_nafigator.py::TestNafigator_pdf::test_2_pdf_header_filedesc" fullname="tests/test_nafigator.py::TestNafigator_pdf::test_2_pdf_header_filedesc" methodname="test_2_pdf_header_filedesc" classname="TestNafigator_pdf" runstate="Runnable" seed="1" result="Passed" label="" start-time="2023-03-16 13:35:40.885515" end-time="2023-03-16 13:35:43.860764" duration="2.975249" asserts="0"><properties><property name="python-version" value="3.9.13 (main, Aug 25 2022, 23:51:50) [MSC v.1916 64 bit (AMD64)]" /><property name="fspath" value="tests/test_nafigator.py" /></properties><environment framework-version="3.6.2" clr-version="3.9.13 (main, Aug 25 2022, 23:51:50) [MSC v.1916 64 bit (AMD64)]" os-version="10" platform="Windows" cwd="C:\Users\lsevereijns\Documents\nafigator" machine-name="AMD64" user="" user-domain="" culture="en_US" uiculture="en_US" os-architecture="64bit" /><failure><message><![CDATA[]]></message><stack-trace><![CDATA[None]]></stack-trace></failure><reason><message><![CDATA[]]></message></reason><output><![CDATA[]]></output></test-case><test-case id="135" name="tests/test_nafigator.py::TestNafigator_pdf::test_3_pdf_header_public" fullname="tests/test_nafigator.py::TestNafigator_pdf::test_3_pdf_header_public" methodname="test_3_pdf_header_public" classname="TestNafigator_pdf" runstate="Runnable" seed="1" result="Passed" label="" start-time="2023-03-16 13:35:43.860764" end-time="2023-03-16 13:35:46.781007" duration="2.920243" asserts="0"><properties><property name="python-version" value="3.9.13 (main, Aug 25 2022, 23:51:50) [MSC v.1916 64 bit (AMD64)]" /><property name="fspath" value="tests/test_nafigator.py" /></properties><environment framework-version="3.6.2" clr-version="3.9.13 (main, Aug 25 2022, 23:51:50) [MSC v.1916 64 bit (AMD64)]" os-version="10" platform="Windows" cwd="C:\Users\lsevereijns\Documents\nafigator" machine-name="AMD64" user="" user-domain="" culture="en_US" uiculture="en_US" os-architecture="64bit" /><failure><message><![CDATA[]]></message><stack-trace><![CDATA[None]]></stack-trace></failure><reason><message><![CDATA[]]></message></reason><output><![CDATA[]]></output></test-case><test-case id="136" name="tests/test_nafigator.py::TestNafigator_pdf::test_5_pdf_formats" fullname="tests/test_nafigator.py::TestNafigator_pdf::test_5_pdf_formats" methodname="test_5_pdf_formats" classname="TestNafigator_pdf" runstate="Runnable" seed="1" result="Passed" label="" start-time="2023-03-16 13:35:46.782006" end-time="2023-03-16 13:35:50.352302" duration="3.570296" asserts="0"><properties><property name="python-version" value="3.9.13 (main, Aug 25 2022, 23:51:50) [MSC v.1916 64 bit (AMD64)]" /><property name="fspath" value="tests/test_nafigator.py" /></properties><environment framework-version="3.6.2" clr-version="3.9.13 (main, Aug 25 2022, 23:51:50) [MSC v.1916 64 bit (AMD64)]" os-version="10" platform="Windows" cwd="C:\Users\lsevereijns\Documents\nafigator" machine-name="AMD64" user="" user-domain="" culture="en_US" uiculture="en_US" os-architecture="64bit" /><failure><message><![CDATA[]]></message><stack-trace><![CDATA[None]]></stack-trace></failure><reason><message><![CDATA[]]></message></reason><output><![CDATA[]]></output></test-case><test-case id="137" name="tests/test_nafigator.py::TestNafigator_pdf::test_6_pdf_entities" fullname="tests/test_nafigator.py::TestNafigator_pdf::test_6_pdf_entities" methodname="test_6_pdf_entities" classname="TestNafigator_pdf" runstate="Runnable" seed="1" result="Passed" label="" start-time="2023-03-16 13:35:50.353303" end-time="2023-03-16 13:35:53.249331" duration="2.896028" asserts="0"><properties><property name="python-version" value="3.9.13 (main, Aug 25 2022, 23:51:50) [MSC v.1916 64 bit (AMD64)]" /><property name="fspath" value="tests/test_nafigator.py" /></properties><environment framework-version="3.6.2" clr-version="3.9.13 (main, Aug 25 2022, 23:51:50) [MSC v.1916 64 bit (AMD64)]" os-version="10" platform="Windows" cwd="C:\Users\lsevereijns\Documents\nafigator" machine-name="AMD64" user="" user-domain="" culture="en_US" uiculture="en_US" os-architecture="64bit" /><failure><message><![CDATA[]]></message><stack-trace><![CDATA[None]]></stack-trace></failure><reason><message><![CDATA[]]></message></reason><output><![CDATA[]]></output></test-case><test-case id="138" name="tests/test_nafigator.py::TestNafigator_pdf::test_7_pdf_text" fullname="tests/test_nafigator.py::TestNafigator_pdf::test_7_pdf_text" methodname="test_7_pdf_text" classname="TestNafigator_pdf" runstate="Runnable" seed="1" result="Passed" label="" start-time="2023-03-16 13:35:53.249331" end-time="2023-03-16 13:35:56.175575" duration="2.926244" asserts="0"><properties><property name="python-version" value="3.9.13 (main, Aug 25 2022, 23:51:50) [MSC v.1916 64 bit (AMD64)]" /><property name="fspath" value="tests/test_nafigator.py" /></properties><environment framework-version="3.6.2" clr-version="3.9.13 (main, Aug 25 2022, 23:51:50) [MSC v.1916 64 bit (AMD64)]" os-version="10" platform="Windows" cwd="C:\Users\lsevereijns\Documents\nafigator" machine-name="AMD64" user="" user-domain="" culture="en_US" uiculture="en_US" os-architecture="64bit" /><failure><message><![CDATA[]]></message><stack-trace><![CDATA[None]]></stack-trace></failure><reason><message><![CDATA[]]></message></reason><output><![CDATA[]]></output></test-case><test-case id="139" name="tests/test_nafigator.py::TestNafigator_pdf::test_8_pdf_terms" fullname="tests/test_nafigator.py::TestNafigator_pdf::test_8_pdf_terms" methodname="test_8_pdf_terms" classname="TestNafigator_pdf" runstate="Runnable" seed="1" result="Passed" label="" start-time="2023-03-16 13:35:56.176579" end-time="2023-03-16 13:35:59.082816" duration="2.906237" asserts="0"><properties><property name="python-version" value="3.9.13 (main, Aug 25 2022, 23:51:50) [MSC v.1916 64 bit (AMD64)]" /><property name="fspath" value="tests/test_nafigator.py" /></properties><environment framework-version="3.6.2" clr-version="3.9.13 (main, Aug 25 2022, 23:51:50) [MSC v.1916 64 bit (AMD64)]" os-version="10" platform="Windows" cwd="C:\Users\lsevereijns\Documents\nafigator" machine-name="AMD64" user="" user-domain="" culture="en_US" uiculture="en_US" os-architecture="64bit" /><failure><message><![CDATA[]]></message><stack-trace><![CDATA[None]]></stack-trace></failure><reason><message><![CDATA[]]></message></reason><output><![CDATA[]]></output></test-case><test-case id="140" name="tests/test_nafigator.py::TestNafigator_pdf::test_9_pdf_dependencies" fullname="tests/test_nafigator.py::TestNafigator_pdf::test_9_pdf_dependencies" methodname="test_9_pdf_dependencies" classname="TestNafigator_pdf" runstate="Runnable" seed="1" result="Passed" label="" start-time="2023-03-16 13:35:59.083818" end-time="2023-03-16 13:36:01.992060" duration="2.908242" asserts="0"><properties><property name="python-version" value="3.9.13 (main, Aug 25 2022, 23:51:50) [MSC v.1916 64 bit (AMD64)]" /><property name="fspath" value="tests/test_nafigator.py" /></properties><environment framework-version="3.6.2" clr-version="3.9.13 (main, Aug 25 2022, 23:51:50) [MSC v.1916 64 bit (AMD64)]" os-version="10" platform="Windows" cwd="C:\Users\lsevereijns\Documents\nafigator" machine-name="AMD64" user="" user-domain="" culture="en_US" uiculture="en_US" os-architecture="64bit" /><failure><message><![CDATA[]]></message><stack-trace><![CDATA[None]]></stack-trace></failure><reason><message><![CDATA[]]></message></reason><output><![CDATA[]]></output></test-case><environment framework-version="3.6.2" clr-version="3.9.13 (main, Aug 25 2022, 23:51:50) [MSC v.1916 64 bit (AMD64)]" os-version="10" platform="Windows" cwd="C:\Users\lsevereijns\Documents\nafigator" machine-name="AMD64" user="" user-domain="" culture="en_US" uiculture="en_US" os-architecture="64bit" /></test-suite><test-suite id="tests/test_nafigator.py::TestNafigator_docx" name="tests/test_nafigator.py::TestNafigator_docx" fullname="tests/test_nafigator.py::TestNafigator_docx" methodname="" classname="" runstate="Runnable" type="Assembly" testcasecount="7" result="Passed" label="" start-time="2023-03-16 13:36:01.993059" end-time="2023-03-16 13:36:04.893300" duration="2.900241" asserts="0" total="7" passed="7" failed="0" warnings="0" inconclusive="0" skipped="0"><properties><property name="python_version" value="3.9.13 (main, Aug 25 2022, 23:51:50) [MSC v.1916 64 bit (AMD64)]" /></properties><test-case id="141" name="tests/test_nafigator.py::TestNafigator_docx::test_10_docx_multiwords" fullname="tests/test_nafigator.py::TestNafigator_docx::test_10_docx_multiwords" methodname="test_10_docx_multiwords" classname="TestNafigator_docx" runstate="Runnable" seed="1" result="Passed" label="" start-time="2023-03-16 13:36:01.993059" end-time="2023-03-16 13:36:01.994058" duration="0.000999" asserts="0"><properties><property name="python-version" value="3.9.13 (main, Aug 25 2022, 23:51:50) [MSC v.1916 64 bit (AMD64)]" /><property name="fspath" value="tests/test_nafigator.py" /></properties><environment framework-version="3.6.2" clr-version="3.9.13 (main, Aug 25 2022, 23:51:50) [MSC v.1916 64 bit (AMD64)]" os-version="10" platform="Windows" cwd="C:\Users\lsevereijns\Documents\nafigator" machine-name="AMD64" user="" user-domain="" culture="en_US" uiculture="en_US" os-architecture="64bit" /><failure><message><![CDATA[]]></message><stack-trace><![CDATA[None]]></stack-trace></failure><reason><message><![CDATA[]]></message></reason><output><![CDATA[]]></output></test-case><test-case id="142" name="tests/test_nafigator.py::TestNafigator_docx::test_11_docx_raw" fullname="tests/test_nafigator.py::TestNafigator_docx::test_11_docx_raw" methodname="test_11_docx_raw" classname="TestNafigator_docx" runstate="Runnable" seed="1" result="Passed" label="" start-time="2023-03-16 13:36:01.995061" end-time="2023-03-16 13:36:01.996060" duration="0.000999" asserts="0"><properties><property name="python-version" value="3.9.13 (main, Aug 25 2022, 23:51:50) [MSC v.1916 64 bit (AMD64)]" /><property name="fspath" value="tests/test_nafigator.py" /></properties><environment framework-version="3.6.2" clr-version="3.9.13 (main, Aug 25 2022, 23:51:50) [MSC v.1916 64 bit (AMD64)]" os-version="10" platform="Windows" cwd="C:\Users\lsevereijns\Documents\nafigator" machine-name="AMD64" user="" user-domain="" culture="en_US" uiculture="en_US" os-architecture="64bit" /><failure><message><![CDATA[]]></message><stack-trace><![CDATA[None]]></stack-trace></failure><reason><message><![CDATA[]]></message></reason><output><![CDATA[]]></output></test-case><test-case id="143" name="tests/test_nafigator.py::TestNafigator_docx::test_1_docx_generate_naf" fullname="tests/test_nafigator.py::TestNafigator_docx::test_1_docx_generate_naf" methodname="test_1_docx_generate_naf" classname="TestNafigator_docx" runstate="Runnable" seed="1" result="Passed" label="" start-time="2023-03-16 13:36:01.997059" end-time="2023-03-16 13:36:04.863301" duration="2.866242" asserts="0"><properties><property name="python-version" value="3.9.13 (main, Aug 25 2022, 23:51:50) [MSC v.1916 64 bit (AMD64)]" /><property name="fspath" value="tests/test_nafigator.py" /></properties><environment framework-version="3.6.2" clr-version="3.9.13 (main, Aug 25 2022, 23:51:50) [MSC v.1916 64 bit (AMD64)]" os-version="10" platform="Windows" cwd="C:\Users\lsevereijns\Documents\nafigator" machine-name="AMD64" user="" user-domain="" culture="en_US" uiculture="en_US" os-architecture="64bit" /><failure><message><![CDATA[]]></message><stack-trace><![CDATA[None]]></stack-trace></failure><reason><message><![CDATA[]]></message></reason><output><![CDATA[]]></output></test-case><test-case id="144" name="tests/test_nafigator.py::TestNafigator_docx::test_2_docx_header_filedesc" fullname="tests/test_nafigator.py::TestNafigator_docx::test_2_docx_header_filedesc" methodname="test_2_docx_header_filedesc" classname="TestNafigator_docx" runstate="Runnable" seed="1" result="Passed" label="" start-time="2023-03-16 13:36:04.863301" end-time="2023-03-16 13:36:04.871302" duration="0.008001" asserts="0"><properties><property name="python-version" value="3.9.13 (main, Aug 25 2022, 23:51:50) [MSC v.1916 64 bit (AMD64)]" /><property name="fspath" value="tests/test_nafigator.py" /></properties><environment framework-version="3.6.2" clr-version="3.9.13 (main, Aug 25 2022, 23:51:50) [MSC v.1916 64 bit (AMD64)]" os-version="10" platform="Windows" cwd="C:\Users\lsevereijns\Documents\nafigator" machine-name="AMD64" user="" user-domain="" culture="en_US" uiculture="en_US" os-architecture="64bit" /><failure><message><![CDATA[]]></message><stack-trace><![CDATA[None]]></stack-trace></failure><reason><message><![CDATA[]]></message></reason><output><![CDATA[]]></output></test-case><test-case id="145" name="tests/test_nafigator.py::TestNafigator_docx::test_3_docx_header_public" fullname="tests/test_nafigator.py::TestNafigator_docx::test_3_docx_header_public" methodname="test_3_docx_header_public" classname="TestNafigator_docx" runstate="Runnable" seed="1" result="Passed" label="" start-time="2023-03-16 13:36:04.872300" end-time="2023-03-16 13:36:04.874300" duration="0.002" asserts="0"><properties><property name="python-version" value="3.9.13 (main, Aug 25 2022, 23:51:50) [MSC v.1916 64 bit (AMD64)]" /><property name="fspath" value="tests/test_nafigator.py" /></properties><environment framework-version="3.6.2" clr-version="3.9.13 (main, Aug 25 2022, 23:51:50) [MSC v.1916 64 bit (AMD64)]" os-version="10" platform="Windows" cwd="C:\Users\lsevereijns\Documents\nafigator" machine-name="AMD64" user="" user-domain="" culture="en_US" uiculture="en_US" os-architecture="64bit" /><failure><message><![CDATA[]]></message><stack-trace><![CDATA[None]]></stack-trace></failure><reason><message><![CDATA[]]></message></reason><output><![CDATA[]]></output></test-case><test-case id="146" name="tests/test_nafigator.py::TestNafigator_docx::test_6_docx_entities" fullname="tests/test_nafigator.py::TestNafigator_docx::test_6_docx_entities" methodname="test_6_docx_entities" classname="TestNafigator_docx" runstate="Runnable" seed="1" result="Passed" label="" start-time="2023-03-16 13:36:04.874300" end-time="2023-03-16 13:36:04.876299" duration="0.001999" asserts="0"><properties><property name="python-version" value="3.9.13 (main, Aug 25 2022, 23:51:50) [MSC v.1916 64 bit (AMD64)]" /><property name="fspath" value="tests/test_nafigator.py" /></properties><environment framework-version="3.6.2" clr-version="3.9.13 (main, Aug 25 2022, 23:51:50) [MSC v.1916 64 bit (AMD64)]" os-version="10" platform="Windows" cwd="C:\Users\lsevereijns\Documents\nafigator" machine-name="AMD64" user="" user-domain="" culture="en_US" uiculture="en_US" os-architecture="64bit" /><failure><message><![CDATA[]]></message><stack-trace><![CDATA[None]]></stack-trace></failure><reason><message><![CDATA[]]></message></reason><output><![CDATA[]]></output></test-case><test-case id="147" name="tests/test_nafigator.py::TestNafigator_docx::test_7_docx_text" fullname="tests/test_nafigator.py::TestNafigator_docx::test_7_docx_text" methodname="test_7_docx_text" classname="TestNafigator_docx" runstate="Runnable" seed="1" result="Passed" label="" start-time="2023-03-16 13:36:04.876299" end-time="2023-03-16 13:36:04.893300" duration="0.017001" asserts="0"><properties><property name="python-version" value="3.9.13 (main, Aug 25 2022, 23:51:50) [MSC v.1916 64 bit (AMD64)]" /><property name="fspath" value="tests/test_nafigator.py" /></properties><environment framework-version="3.6.2" clr-version="3.9.13 (main, Aug 25 2022, 23:51:50) [MSC v.1916 64 bit (AMD64)]" os-version="10" platform="Windows" cwd="C:\Users\lsevereijns\Documents\nafigator" machine-name="AMD64" user="" user-domain="" culture="en_US" uiculture="en_US" os-architecture="64bit" /><failure><message><![CDATA[]]></message><stack-trace><![CDATA[None]]></stack-trace></failure><reason><message><![CDATA[]]></message></reason><output><![CDATA[]]></output></test-case><environment framework-version="3.6.2" clr-version="3.9.13 (main, Aug 25 2022, 23:51:50) [MSC v.1916 64 bit (AMD64)]" os-version="10" platform="Windows" cwd="C:\Users\lsevereijns\Documents\nafigator" machine-name="AMD64" user="" user-domain="" culture="en_US" uiculture="en_US" os-architecture="64bit" /></test-suite><test-suite id="tests/test_utils.py::TestUtils" name="tests/test_utils.py::TestUtils" fullname="tests/test_utils.py::TestUtils" methodname="" classname="" runstate="Runnable" type="Assembly" testcasecount="23" result="Passed" label="The basic class that inherits unittest.TestCase" start-time="2023-03-16 13:36:04.918303" end-time="2023-03-16 13:36:04.948304" duration="0.030001" asserts="0" total="23" passed="23" failed="0" warnings="0" inconclusive="0" skipped="0"><properties><property name="python_version" value="3.9.13 (main, Aug 25 2022, 23:51:50) [MSC v.1916 64 bit (AMD64)]" /></properties><test-case id="167" name="tests/test_utils.py::TestUtils::test_dataframe2naf" fullname="tests/test_utils.py::TestUtils::test_dataframe2naf" methodname="test_dataframe2naf" classname="TestUtils" runstate="Runnable" seed="1" result="Passed" label="This function evaluates metadata and reruns files with naf error.&#10;        Input:&#10;            df_meta: the dataframe containing the meta data for the NAF files.&#10;            overwrite_existing_naf: if True then existing NAF files are overwritten (default = False)&#10;            rerun_files_with_naf_errors: if True then documents that produced NAF errors are run again (default = False)&#10;            engine: name of the NLP processor to be used (default = None)&#10;            naf_version: NAF version to be used&#10;            dtd_validation: perform validation of each NAF file (default = False)&#10;            params: additional parameters for NAF conversion&#10;        Level: 0&#10;        Scenarios:&#10;            missing dc:language&#10;            missing dc:source&#10;            rerun_files_with_naf_errors True&#10;            overwrite_existing_naf True" start-time="2023-03-16 13:36:04.918303" end-time="2023-03-16 13:36:04.919303" duration="0.001" asserts="0"><properties><property name="python-version" value="3.9.13 (main, Aug 25 2022, 23:51:50) [MSC v.1916 64 bit (AMD64)]" /><property name="fspath" value="tests/test_utils.py" /></properties><environment framework-version="3.6.2" clr-version="3.9.13 (main, Aug 25 2022, 23:51:50) [MSC v.1916 64 bit (AMD64)]" os-version="10" platform="Windows" cwd="C:\Users\lsevereijns\Documents\nafigator" machine-name="AMD64" user="" user-domain="" culture="en_US" uiculture="en_US" os-architecture="64bit" /><failure><message><![CDATA[]]></message><stack-trace><![CDATA[None]]></stack-trace></failure><reason><message><![CDATA[]]></message></reason><output><![CDATA[]]></output></test-case><test-case id="168" name="tests/test_utils.py::TestUtils::test_evaluate_sentence" fullname="tests/test_utils.py::TestUtils::test_evaluate_sentence" methodname="test_evaluate_sentence" classname="TestUtils" runstate="Runnable" seed="1" result="Passed" label="OUTDATED - CHECK TO REMOVE&#10;        This function evaluates a sentence on occurrence of mandatory terms and non occurrence of&#10;        term to avoid&#10;        Input:&#10;        Level: &#10;        Scenarios:" start-time="2023-03-16 13:36:04.920302" end-time="2023-03-16 13:36:04.920302" duration="0.0" asserts="0"><properties><property name="python-version" value="3.9.13 (main, Aug 25 2022, 23:51:50) [MSC v.1916 64 bit (AMD64)]" /><property name="fspath" value="tests/test_utils.py" /></properties><environment framework-version="3.6.2" clr-version="3.9.13 (main, Aug 25 2022, 23:51:50) [MSC v.1916 64 bit (AMD64)]" os-version="10" platform="Windows" cwd="C:\Users\lsevereijns\Documents\nafigator" machine-name="AMD64" user="" user-domain="" culture="en_US" uiculture="en_US" os-architecture="64bit" /><failure><message><![CDATA[]]></message><stack-trace><![CDATA[None]]></stack-trace></failure><reason><message><![CDATA[]]></message></reason><output><![CDATA[]]></output></test-case><test-case id="169" name="tests/test_utils.py::TestUtils::test_get_context_rows" fullname="tests/test_utils.py::TestUtils::test_get_context_rows" methodname="test_get_context_rows" classname="TestUtils" runstate="Runnable" seed="1" result="Passed" label="This function retrieves the line where word has been found with option to also retreive sentences/paragraphs&#10;            before and after&#10;        Input:&#10;            ref_text: a sentence or paragraph from the sentences or paragraphs layer as a dictionary to retrieve extra&#10;                context for&#10;            naf: a NafDocument.sentences or NafDocument.paragaphs (can be rewritten with search_level as extra input)&#10;            context_range: amount of context lines around ref_text&#10;        Level: 0&#10;        Scenarios:&#10;            context range = 0&#10;            context range = 2&#10;            sentence&#10;            paragraph" start-time="2023-03-16 13:36:04.921305" end-time="2023-03-16 13:36:04.922303" duration="0.000998" asserts="0"><properties><property name="python-version" value="3.9.13 (main, Aug 25 2022, 23:51:50) [MSC v.1916 64 bit (AMD64)]" /><property name="fspath" value="tests/test_utils.py" /></properties><environment framework-version="3.6.2" clr-version="3.9.13 (main, Aug 25 2022, 23:51:50) [MSC v.1916 64 bit (AMD64)]" os-version="10" platform="Windows" cwd="C:\Users\lsevereijns\Documents\nafigator" machine-name="AMD64" user="" user-domain="" culture="en_US" uiculture="en_US" os-architecture="64bit" /><failure><message><![CDATA[]]></message><stack-trace><![CDATA[None]]></stack-trace></failure><reason><message><![CDATA[]]></message></reason><output><![CDATA[]]></output></test-case><test-case id="170" name="tests/test_utils.py::TestUtils::test_get_textlines" fullname="tests/test_utils.py::TestUtils::test_get_textlines" methodname="test_get_textlines" classname="TestUtils" runstate="Runnable" seed="1" result="Passed" label="test already written above. Move below to follow seem order as in utils.py&#10;        This function&#10;        Input:&#10;        Level:&#10;        Scenarios:" start-time="2023-03-16 13:36:04.922303" end-time="2023-03-16 13:36:04.923304" duration="0.001001" asserts="0"><properties><property name="python-version" value="3.9.13 (main, Aug 25 2022, 23:51:50) [MSC v.1916 64 bit (AMD64)]" /><property name="fspath" value="tests/test_utils.py" /></properties><environment framework-version="3.6.2" clr-version="3.9.13 (main, Aug 25 2022, 23:51:50) [MSC v.1916 64 bit (AMD64)]" os-version="10" platform="Windows" cwd="C:\Users\lsevereijns\Documents\nafigator" machine-name="AMD64" user="" user-domain="" culture="en_US" uiculture="en_US" os-architecture="64bit" /><failure><message><![CDATA[]]></message><stack-trace><![CDATA[None]]></stack-trace></failure><reason><message><![CDATA[]]></message></reason><output><![CDATA[]]></output></test-case><test-case id="171" name="tests/test_utils.py::TestUtils::test_get_textlines_0_sentence_in_fist_textline" fullname="tests/test_utils.py::TestUtils::test_get_textlines_0_sentence_in_fist_textline" methodname="test_get_textlines_0_sentence_in_fist_textline" classname="TestUtils" runstate="Runnable" seed="1" result="Passed" label="" start-time="2023-03-16 13:36:04.924306" end-time="2023-03-16 13:36:04.924306" duration="0.0" asserts="0"><properties><property name="python-version" value="3.9.13 (main, Aug 25 2022, 23:51:50) [MSC v.1916 64 bit (AMD64)]" /><property name="fspath" value="tests/test_utils.py" /></properties><environment framework-version="3.6.2" clr-version="3.9.13 (main, Aug 25 2022, 23:51:50) [MSC v.1916 64 bit (AMD64)]" os-version="10" platform="Windows" cwd="C:\Users\lsevereijns\Documents\nafigator" machine-name="AMD64" user="" user-domain="" culture="en_US" uiculture="en_US" os-architecture="64bit" /><failure><message><![CDATA[]]></message><stack-trace><![CDATA[None]]></stack-trace></failure><reason><message><![CDATA[]]></message></reason><output><![CDATA[]]></output></test-case><test-case id="172" name="tests/test_utils.py::TestUtils::test_get_textlines_1_sentence_in_one_textline" fullname="tests/test_utils.py::TestUtils::test_get_textlines_1_sentence_in_one_textline" methodname="test_get_textlines_1_sentence_in_one_textline" classname="TestUtils" runstate="Runnable" seed="1" result="Passed" label="" start-time="2023-03-16 13:36:04.925305" end-time="2023-03-16 13:36:04.926304" duration="0.000999" asserts="0"><properties><property name="python-version" value="3.9.13 (main, Aug 25 2022, 23:51:50) [MSC v.1916 64 bit (AMD64)]" /><property name="fspath" value="tests/test_utils.py" /></properties><environment framework-version="3.6.2" clr-version="3.9.13 (main, Aug 25 2022, 23:51:50) [MSC v.1916 64 bit (AMD64)]" os-version="10" platform="Windows" cwd="C:\Users\lsevereijns\Documents\nafigator" machine-name="AMD64" user="" user-domain="" culture="en_US" uiculture="en_US" os-architecture="64bit" /><failure><message><![CDATA[]]></message><stack-trace><![CDATA[None]]></stack-trace></failure><reason><message><![CDATA[]]></message></reason><output><![CDATA[]]></output></test-case><test-case id="173" name="tests/test_utils.py::TestUtils::test_get_textlines_2_sentence_split_over_two_lines" fullname="tests/test_utils.py::TestUtils::test_get_textlines_2_sentence_split_over_two_lines" methodname="test_get_textlines_2_sentence_split_over_two_lines" classname="TestUtils" runstate="Runnable" seed="1" result="Passed" label="" start-time="2023-03-16 13:36:04.927304" end-time="2023-03-16 13:36:04.927304" duration="0.0" asserts="0"><properties><property name="python-version" value="3.9.13 (main, Aug 25 2022, 23:51:50) [MSC v.1916 64 bit (AMD64)]" /><property name="fspath" value="tests/test_utils.py" /></properties><environment framework-version="3.6.2" clr-version="3.9.13 (main, Aug 25 2022, 23:51:50) [MSC v.1916 64 bit (AMD64)]" os-version="10" platform="Windows" cwd="C:\Users\lsevereijns\Documents\nafigator" machine-name="AMD64" user="" user-domain="" culture="en_US" uiculture="en_US" os-architecture="64bit" /><failure><message><![CDATA[]]></message><stack-trace><![CDATA[None]]></stack-trace></failure><reason><message><![CDATA[]]></message></reason><output><![CDATA[]]></output></test-case><test-case id="174" name="tests/test_utils.py::TestUtils::test_get_textlines_3_sentence_in_last_textlines" fullname="tests/test_utils.py::TestUtils::test_get_textlines_3_sentence_in_last_textlines" methodname="test_get_textlines_3_sentence_in_last_textlines" classname="TestUtils" runstate="Runnable" seed="1" result="Passed" label="" start-time="2023-03-16 13:36:04.928305" end-time="2023-03-16 13:36:04.929304" duration="0.000999" asserts="0"><properties><property name="python-version" value="3.9.13 (main, Aug 25 2022, 23:51:50) [MSC v.1916 64 bit (AMD64)]" /><property name="fspath" value="tests/test_utils.py" /></properties><environment framework-version="3.6.2" clr-version="3.9.13 (main, Aug 25 2022, 23:51:50) [MSC v.1916 64 bit (AMD64)]" os-version="10" platform="Windows" cwd="C:\Users\lsevereijns\Documents\nafigator" machine-name="AMD64" user="" user-domain="" culture="en_US" uiculture="en_US" os-architecture="64bit" /><failure><message><![CDATA[]]></message><stack-trace><![CDATA[None]]></stack-trace></failure><reason><message><![CDATA[]]></message></reason><output><![CDATA[]]></output></test-case><test-case id="175" name="tests/test_utils.py::TestUtils::test_glue_sentences_separated_by_colons" fullname="tests/test_utils.py::TestUtils::test_glue_sentences_separated_by_colons" methodname="test_glue_sentences_separated_by_colons" classname="TestUtils" runstate="Runnable" seed="1" result="Passed" label="NOT BEING USED IN NAFIGATOR - CHECK USAGE OTHER PACKAGES&#10;        This function glues sentences that are separated by colons&#10;        Input:&#10;            doc: the NafDocument&#10;            language: language used for lemmatization&#10;            nlp: dictionary of nlp processors    &#10;        Level: 0&#10;        Scenarios:&#10;            NafDocument with colons" start-time="2023-03-16 13:36:04.930307" end-time="2023-03-16 13:36:04.930307" duration="0.0" asserts="0"><properties><property name="python-version" value="3.9.13 (main, Aug 25 2022, 23:51:50) [MSC v.1916 64 bit (AMD64)]" /><property name="fspath" value="tests/test_utils.py" /></properties><environment framework-version="3.6.2" clr-version="3.9.13 (main, Aug 25 2022, 23:51:50) [MSC v.1916 64 bit (AMD64)]" os-version="10" platform="Windows" cwd="C:\Users\lsevereijns\Documents\nafigator" machine-name="AMD64" user="" user-domain="" culture="en_US" uiculture="en_US" os-architecture="64bit" /><failure><message><![CDATA[]]></message><stack-trace><![CDATA[None]]></stack-trace></failure><reason><message><![CDATA[]]></message></reason><output><![CDATA[]]></output></test-case><test-case id="176" name="tests/test_utils.py::TestUtils::test_glue_terms_separated_by_hard_hyphens" fullname="tests/test_utils.py::TestUtils::test_glue_terms_separated_by_hard_hyphens" methodname="test_glue_terms_separated_by_hard_hyphens" classname="TestUtils" runstate="Runnable" seed="1" result="Passed" label="NOT BEING USED IN NAFIGATOR - CHECK USAGE OTHER PACKAGES&#10;        This function glues terms that are separated by hard hyphens&#10;        Input:&#10;            doc: the NafDocument&#10;            language: language used for lemmatization&#10;            nlp: dictionary of nlp processors&#10;        Level: 0&#10;        Scenarios:&#10;            NafDocument with hard hyphens" start-time="2023-03-16 13:36:04.931306" end-time="2023-03-16 13:36:04.932306" duration="0.001" asserts="0"><properties><property name="python-version" value="3.9.13 (main, Aug 25 2022, 23:51:50) [MSC v.1916 64 bit (AMD64)]" /><property name="fspath" value="tests/test_utils.py" /></properties><environment framework-version="3.6.2" clr-version="3.9.13 (main, Aug 25 2022, 23:51:50) [MSC v.1916 64 bit (AMD64)]" os-version="10" platform="Windows" cwd="C:\Users\lsevereijns\Documents\nafigator" machine-name="AMD64" user="" user-domain="" culture="en_US" uiculture="en_US" os-architecture="64bit" /><failure><message><![CDATA[]]></message><stack-trace><![CDATA[None]]></stack-trace></failure><reason><message><![CDATA[]]></message></reason><output><![CDATA[]]></output></test-case><test-case id="177" name="tests/test_utils.py::TestUtils::test_glue_terms_separated_by_soft_hyphens" fullname="tests/test_utils.py::TestUtils::test_glue_terms_separated_by_soft_hyphens" methodname="test_glue_terms_separated_by_soft_hyphens" classname="TestUtils" runstate="Runnable" seed="1" result="Passed" label="NOT BEING USED IN NAFIGATOR - CHECK USAGE OTHER PACKAGES&#10;        This function glues terms that are separated by soft hyphens&#10;        Input:&#10;            doc: the NafDocument&#10;            language: language used for lemmatization&#10;            nlp: dictionary of nlp processors&#10;        Level: 0&#10;        Scenarios:&#10;            NafDocument with soft hyphens" start-time="2023-03-16 13:36:04.932306" end-time="2023-03-16 13:36:04.933304" duration="0.000998" asserts="0"><properties><property name="python-version" value="3.9.13 (main, Aug 25 2022, 23:51:50) [MSC v.1916 64 bit (AMD64)]" /><property name="fspath" value="tests/test_utils.py" /></properties><environment framework-version="3.6.2" clr-version="3.9.13 (main, Aug 25 2022, 23:51:50) [MSC v.1916 64 bit (AMD64)]" os-version="10" platform="Windows" cwd="C:\Users\lsevereijns\Documents\nafigator" machine-name="AMD64" user="" user-domain="" culture="en_US" uiculture="en_US" os-architecture="64bit" /><failure><message><![CDATA[]]></message><stack-trace><![CDATA[None]]></stack-trace></failure><reason><message><![CDATA[]]></message></reason><output><![CDATA[]]></output></test-case><test-case id="178" name="tests/test_utils.py::TestUtils::test_lemmatize" fullname="tests/test_utils.py::TestUtils::test_lemmatize" methodname="test_lemmatize" classname="TestUtils" runstate="Runnable" seed="1" result="Passed" label="OUTDATED - CHECK TO REMOVE&#10;        This function lemmatizes text in onject&#10;        Input:&#10;            o: the object with text to be lemmatized&#10;            language: language used for lemmatization&#10;            nlp: dictionary of nlp processors&#10;        Level: 0&#10;        Scenarios:&#10;            string&#10;            list&#10;            dict&#10;            series&#10;            dataframe" start-time="2023-03-16 13:36:04.933304" end-time="2023-03-16 13:36:04.934307" duration="0.001003" asserts="0"><properties><property name="python-version" value="3.9.13 (main, Aug 25 2022, 23:51:50) [MSC v.1916 64 bit (AMD64)]" /><property name="fspath" value="tests/test_utils.py" /></properties><environment framework-version="3.6.2" clr-version="3.9.13 (main, Aug 25 2022, 23:51:50) [MSC v.1916 64 bit (AMD64)]" os-version="10" platform="Windows" cwd="C:\Users\lsevereijns\Documents\nafigator" machine-name="AMD64" user="" user-domain="" culture="en_US" uiculture="en_US" os-architecture="64bit" /><failure><message><![CDATA[]]></message><stack-trace><![CDATA[None]]></stack-trace></failure><reason><message><![CDATA[]]></message></reason><output><![CDATA[]]></output></test-case><test-case id="179" name="tests/test_utils.py::TestUtils::test_lemmatize_sentence" fullname="tests/test_utils.py::TestUtils::test_lemmatize_sentence" methodname="test_lemmatize_sentence" classname="TestUtils" runstate="Runnable" seed="1" result="Passed" label="OUTDATED - CHECK TO REMOVE&#10;        This function lemmatizes a naf sentence&#10;        Input:&#10;            sentence: dict of sentence (naf)&#10;            terms: list of terms dict (naf)&#10;        Level: 0&#10;        Scenarios:&#10;            sentence to be lemmatized" start-time="2023-03-16 13:36:04.935304" end-time="2023-03-16 13:36:04.935304" duration="0.0" asserts="0"><properties><property name="python-version" value="3.9.13 (main, Aug 25 2022, 23:51:50) [MSC v.1916 64 bit (AMD64)]" /><property name="fspath" value="tests/test_utils.py" /></properties><environment framework-version="3.6.2" clr-version="3.9.13 (main, Aug 25 2022, 23:51:50) [MSC v.1916 64 bit (AMD64)]" os-version="10" platform="Windows" cwd="C:\Users\lsevereijns\Documents\nafigator" machine-name="AMD64" user="" user-domain="" culture="en_US" uiculture="en_US" os-architecture="64bit" /><failure><message><![CDATA[]]></message><stack-trace><![CDATA[None]]></stack-trace></failure><reason><message><![CDATA[]]></message></reason><output><![CDATA[]]></output></test-case><test-case id="180" name="tests/test_utils.py::TestUtils::test_load_dtd" fullname="tests/test_utils.py::TestUtils::test_load_dtd" methodname="test_load_dtd" classname="TestUtils" runstate="Runnable" seed="1" result="Passed" label="This function loads dtd&#10;        Input:&#10;            dtd_url: the location of the dtd file&#10;        Level: 0&#10;        Scenarios:&#10;            check if dtd has been loaded" start-time="2023-03-16 13:36:04.936307" end-time="2023-03-16 13:36:04.937305" duration="0.000998" asserts="0"><properties><property name="python-version" value="3.9.13 (main, Aug 25 2022, 23:51:50) [MSC v.1916 64 bit (AMD64)]" /><property name="fspath" value="tests/test_utils.py" /></properties><environment framework-version="3.6.2" clr-version="3.9.13 (main, Aug 25 2022, 23:51:50) [MSC v.1916 64 bit (AMD64)]" os-version="10" platform="Windows" cwd="C:\Users\lsevereijns\Documents\nafigator" machine-name="AMD64" user="" user-domain="" culture="en_US" uiculture="en_US" os-architecture="64bit" /><failure><message><![CDATA[]]></message><stack-trace><![CDATA[None]]></stack-trace></failure><reason><message><![CDATA[]]></message></reason><output><![CDATA[]]></output></test-case><test-case id="181" name="tests/test_utils.py::TestUtils::test_lowercase" fullname="tests/test_utils.py::TestUtils::test_lowercase" methodname="test_lowercase" classname="TestUtils" runstate="Runnable" seed="1" result="Passed" label="OUTDATED - CHECK TO REMOVE&#10;        This function&#10;        Input:&#10;        Level:&#10;        Scenarios:" start-time="2023-03-16 13:36:04.937305" end-time="2023-03-16 13:36:04.938306" duration="0.001001" asserts="0"><properties><property name="python-version" value="3.9.13 (main, Aug 25 2022, 23:51:50) [MSC v.1916 64 bit (AMD64)]" /><property name="fspath" value="tests/test_utils.py" /></properties><environment framework-version="3.6.2" clr-version="3.9.13 (main, Aug 25 2022, 23:51:50) [MSC v.1916 64 bit (AMD64)]" os-version="10" platform="Windows" cwd="C:\Users\lsevereijns\Documents\nafigator" machine-name="AMD64" user="" user-domain="" culture="en_US" uiculture="en_US" os-architecture="64bit" /><failure><message><![CDATA[]]></message><stack-trace><![CDATA[None]]></stack-trace></failure><reason><message><![CDATA[]]></message></reason><output><![CDATA[]]></output></test-case><test-case id="182" name="tests/test_utils.py::TestUtils::test_normalize_token_orth" fullname="tests/test_utils.py::TestUtils::test_normalize_token_orth" methodname="test_normalize_token_orth" classname="TestUtils" runstate="Runnable" seed="1" result="Passed" label="This function normalizes the token text&#10;        Input:&#10;            orth: the token text to be normalized&#10;        Level: 1&#10;        Scenarios:&#10;            orth with &#10;&#10;            orth wihout" start-time="2023-03-16 13:36:04.939303" end-time="2023-03-16 13:36:04.939303" duration="0.0" asserts="0"><properties><property name="python-version" value="3.9.13 (main, Aug 25 2022, 23:51:50) [MSC v.1916 64 bit (AMD64)]" /><property name="fspath" value="tests/test_utils.py" /></properties><environment framework-version="3.6.2" clr-version="3.9.13 (main, Aug 25 2022, 23:51:50) [MSC v.1916 64 bit (AMD64)]" os-version="10" platform="Windows" cwd="C:\Users\lsevereijns\Documents\nafigator" machine-name="AMD64" user="" user-domain="" culture="en_US" uiculture="en_US" os-architecture="64bit" /><failure><message><![CDATA[]]></message><stack-trace><![CDATA[None]]></stack-trace></failure><reason><message><![CDATA[]]></message></reason><output><![CDATA[]]></output></test-case><test-case id="183" name="tests/test_utils.py::TestUtils::test_prepare_comment_text" fullname="tests/test_utils.py::TestUtils::test_prepare_comment_text" methodname="test_prepare_comment_text" classname="TestUtils" runstate="Runnable" seed="1" result="Passed" label="This function prepares comment text for xml&#10;        Input:&#10;            text: comment to be converted to xml comment&#10;        Level: 0&#10;        Scenarios:&#10;            text with --&#10;            text ending with -&#10;            text without -- or -" start-time="2023-03-16 13:36:04.940307" end-time="2023-03-16 13:36:04.941305" duration="0.000998" asserts="0"><properties><property name="python-version" value="3.9.13 (main, Aug 25 2022, 23:51:50) [MSC v.1916 64 bit (AMD64)]" /><property name="fspath" value="tests/test_utils.py" /></properties><environment framework-version="3.6.2" clr-version="3.9.13 (main, Aug 25 2022, 23:51:50) [MSC v.1916 64 bit (AMD64)]" os-version="10" platform="Windows" cwd="C:\Users\lsevereijns\Documents\nafigator" machine-name="AMD64" user="" user-domain="" culture="en_US" uiculture="en_US" os-architecture="64bit" /><failure><message><![CDATA[]]></message><stack-trace><![CDATA[None]]></stack-trace></failure><reason><message><![CDATA[]]></message></reason><output><![CDATA[]]></output></test-case><test-case id="184" name="tests/test_utils.py::TestUtils::test_remove_control_characters" fullname="tests/test_utils.py::TestUtils::test_remove_control_characters" methodname="test_remove_control_characters" classname="TestUtils" runstate="Runnable" seed="1" result="Passed" label="This function strips invalid XML characters that `lxml` cannot parse.&#10;        Input:&#10;            html: text from which control characters need to be removed&#10;        Level: 1&#10;        Scenarios:&#10;            text with a non-ascii character, such as an emoji" start-time="2023-03-16 13:36:04.941305" end-time="2023-03-16 13:36:04.942303" duration="0.000998" asserts="0"><properties><property name="python-version" value="3.9.13 (main, Aug 25 2022, 23:51:50) [MSC v.1916 64 bit (AMD64)]" /><property name="fspath" value="tests/test_utils.py" /></properties><environment framework-version="3.6.2" clr-version="3.9.13 (main, Aug 25 2022, 23:51:50) [MSC v.1916 64 bit (AMD64)]" os-version="10" platform="Windows" cwd="C:\Users\lsevereijns\Documents\nafigator" machine-name="AMD64" user="" user-domain="" culture="en_US" uiculture="en_US" os-architecture="64bit" /><failure><message><![CDATA[]]></message><stack-trace><![CDATA[None]]></stack-trace></failure><reason><message><![CDATA[]]></message></reason><output><![CDATA[]]></output></test-case><test-case id="185" name="tests/test_utils.py::TestUtils::test_remove_illegal_chars" fullname="tests/test_utils.py::TestUtils::test_remove_illegal_chars" methodname="test_remove_illegal_chars" classname="TestUtils" runstate="Runnable" seed="1" result="Passed" label="This function removes illegal characters in text&#10;        Input:&#10;            text: string from which illegal characters need to be removed&#10;        Level: 0&#10;        Scenarios:&#10;            text is None&#10;            text contains an illegal character" start-time="2023-03-16 13:36:04.942303" end-time="2023-03-16 13:36:04.943303" duration="0.001" asserts="0"><properties><property name="python-version" value="3.9.13 (main, Aug 25 2022, 23:51:50) [MSC v.1916 64 bit (AMD64)]" /><property name="fspath" value="tests/test_utils.py" /></properties><environment framework-version="3.6.2" clr-version="3.9.13 (main, Aug 25 2022, 23:51:50) [MSC v.1916 64 bit (AMD64)]" os-version="10" platform="Windows" cwd="C:\Users\lsevereijns\Documents\nafigator" machine-name="AMD64" user="" user-domain="" culture="en_US" uiculture="en_US" os-architecture="64bit" /><failure><message><![CDATA[]]></message><stack-trace><![CDATA[None]]></stack-trace></failure><reason><message><![CDATA[]]></message></reason><output><![CDATA[]]></output></test-case><test-case id="186" name="tests/test_utils.py::TestUtils::test_remove_sublists" fullname="tests/test_utils.py::TestUtils::test_remove_sublists" methodname="test_remove_sublists" classname="TestUtils" runstate="Runnable" seed="1" result="Passed" label="OUTDATED - CHECK TO REMOVE&#10;        This function returns a list where all sublists are removed&#10;        Input:&#10;            lst: list with lists&#10;        Level: 0&#10;        Scenarios:&#10;            see examples in function" start-time="2023-03-16 13:36:04.944305" end-time="2023-03-16 13:36:04.944305" duration="0.0" asserts="0"><properties><property name="python-version" value="3.9.13 (main, Aug 25 2022, 23:51:50) [MSC v.1916 64 bit (AMD64)]" /><property name="fspath" value="tests/test_utils.py" /></properties><environment framework-version="3.6.2" clr-version="3.9.13 (main, Aug 25 2022, 23:51:50) [MSC v.1916 64 bit (AMD64)]" os-version="10" platform="Windows" cwd="C:\Users\lsevereijns\Documents\nafigator" machine-name="AMD64" user="" user-domain="" culture="en_US" uiculture="en_US" os-architecture="64bit" /><failure><message><![CDATA[]]></message><stack-trace><![CDATA[None]]></stack-trace></failure><reason><message><![CDATA[]]></message></reason><output><![CDATA[]]></output></test-case><test-case id="187" name="tests/test_utils.py::TestUtils::test_strip_illegal_xml_characters" fullname="tests/test_utils.py::TestUtils::test_strip_illegal_xml_characters" methodname="test_strip_illegal_xml_characters" classname="TestUtils" runstate="Runnable" seed="1" result="Passed" label="This function compares the &quot;invalid XML character range&quot; numerically&#10;        (needs to be unembedded - out of scope)&#10;        Input:&#10;            s&#10;            def test_ult&#10;            base&#10;        Level: 0&#10;        Scenarios:&#10;            n containing an invalid XML character range&#10;            n not containing an invalid XML character range" start-time="2023-03-16 13:36:04.945308" end-time="2023-03-16 13:36:04.945308" duration="0.0" asserts="0"><properties><property name="python-version" value="3.9.13 (main, Aug 25 2022, 23:51:50) [MSC v.1916 64 bit (AMD64)]" /><property name="fspath" value="tests/test_utils.py" /></properties><environment framework-version="3.6.2" clr-version="3.9.13 (main, Aug 25 2022, 23:51:50) [MSC v.1916 64 bit (AMD64)]" os-version="10" platform="Windows" cwd="C:\Users\lsevereijns\Documents\nafigator" machine-name="AMD64" user="" user-domain="" culture="en_US" uiculture="en_US" os-architecture="64bit" /><failure><message><![CDATA[]]></message><stack-trace><![CDATA[None]]></stack-trace></failure><reason><message><![CDATA[]]></message></reason><output><![CDATA[]]></output></test-case><test-case id="188" name="tests/test_utils.py::TestUtils::test_sublist_indices" fullname="tests/test_utils.py::TestUtils::test_sublist_indices" methodname="test_sublist_indices" classname="TestUtils" runstate="Runnable" seed="1" result="Passed" label="This function returns a list of indices of the full list that contain the sub list&#10;        Input:&#10;            sub: list of words to search in the full list&#10;            full: list of words in which the words of sublist are searched&#10;        Level: 0&#10;        Scenarios:&#10;            sub list with 2 different words&#10;            sub list with 1 word being found twice&#10;            sub list in which words of sublist do not occur" start-time="2023-03-16 13:36:04.946306" end-time="2023-03-16 13:36:04.947306" duration="0.001" asserts="0"><properties><property name="python-version" value="3.9.13 (main, Aug 25 2022, 23:51:50) [MSC v.1916 64 bit (AMD64)]" /><property name="fspath" value="tests/test_utils.py" /></properties><environment framework-version="3.6.2" clr-version="3.9.13 (main, Aug 25 2022, 23:51:50) [MSC v.1916 64 bit (AMD64)]" os-version="10" platform="Windows" cwd="C:\Users\lsevereijns\Documents\nafigator" machine-name="AMD64" user="" user-domain="" culture="en_US" uiculture="en_US" os-architecture="64bit" /><failure><message><![CDATA[]]></message><stack-trace><![CDATA[None]]></stack-trace></failure><reason><message><![CDATA[]]></message></reason><output><![CDATA[]]></output></test-case><test-case id="189" name="tests/test_utils.py::TestUtils::test_time_in_correct_format" fullname="tests/test_utils.py::TestUtils::test_time_in_correct_format" methodname="test_time_in_correct_format" classname="TestUtils" runstate="Runnable" seed="1" result="Passed" label="This function returns the current time (UTC) as a string&#10;        Input:&#10;            datetime_obj: the input to be converted&#10;        Level: 0&#10;        Scenarios:&#10;            check if conversion is correctly done" start-time="2023-03-16 13:36:04.947306" end-time="2023-03-16 13:36:04.948304" duration="0.000998" asserts="0"><properties><property name="python-version" value="3.9.13 (main, Aug 25 2022, 23:51:50) [MSC v.1916 64 bit (AMD64)]" /><property name="fspath" value="tests/test_utils.py" /></properties><environment framework-version="3.6.2" clr-version="3.9.13 (main, Aug 25 2022, 23:51:50) [MSC v.1916 64 bit (AMD64)]" os-version="10" platform="Windows" cwd="C:\Users\lsevereijns\Documents\nafigator" machine-name="AMD64" user="" user-domain="" culture="en_US" uiculture="en_US" os-architecture="64bit" /><failure><message><![CDATA[]]></message><stack-trace><![CDATA[None]]></stack-trace></failure><reason><message><![CDATA[]]></message></reason><output><![CDATA[]]></output></test-case><environment framework-version="3.6.2" clr-version="3.9.13 (main, Aug 25 2022, 23:51:50) [MSC v.1916 64 bit (AMD64)]" os-version="10" platform="Windows" cwd="C:\Users\lsevereijns\Documents\nafigator" machine-name="AMD64" user="" user-domain="" culture="en_US" uiculture="en_US" os-architecture="64bit" /></test-suite><test-suite id="tests/test_nafdocument.py::TestNafDocument" name="tests/test_nafdocument.py::TestNafDocument" fullname="tests/test_nafdocument.py::TestNafDocument" methodname="" classname="" runstate="Runnable" type="Assembly" testcasecount="29" result="Passed" label="" start-time="2023-03-16 13:35:16.509484" end-time="2023-03-16 13:35:16.795510" duration="0.286026" asserts="0" total="29" passed="29" failed="0" warnings="0" inconclusive="0" skipped="0"><properties><property name="python_version" value="3.9.13 (main, Aug 25 2022, 23:51:50) [MSC v.1916 64 bit (AMD64)]" /></properties><test-case id="100" name="tests/test_nafdocument.py::TestNafDocument::test_generate[language_var]" fullname="tests/test_nafdocument.py::TestNafDocument::test_generate[language_var]" methodname="test_generate[language_var]" classname="TestNafDocument" runstate="Runnable" seed="1" result="Passed" label="This function tests whether the naf document initalization is done correctly&#10;        input: etree._ElementTree + dict&#10;        level: 2&#10;        scenarios: check added features vs input" start-time="2023-03-16 13:35:16.509484" end-time="2023-03-16 13:35:16.515485" duration="0.006001" asserts="0"><properties><property name="python-version" value="3.9.13 (main, Aug 25 2022, 23:51:50) [MSC v.1916 64 bit (AMD64)]" /><property name="fspath" value="tests/test_nafdocument.py" /></properties><environment framework-version="3.6.2" clr-version="3.9.13 (main, Aug 25 2022, 23:51:50) [MSC v.1916 64 bit (AMD64)]" os-version="10" platform="Windows" cwd="C:\Users\lsevereijns\Documents\nafigator" machine-name="AMD64" user="" user-domain="" culture="en_US" uiculture="en_US" os-architecture="64bit" /><failure><message><![CDATA[]]></message><stack-trace><![CDATA[None]]></stack-trace></failure><reason><message><![CDATA[]]></message></reason><output><![CDATA[]]></output></test-case><test-case id="101" name="tests/test_nafdocument.py::TestNafDocument::test_generate[None]" fullname="tests/test_nafdocument.py::TestNafDocument::test_generate[None]" methodname="test_generate[None]" classname="TestNafDocument" runstate="Runnable" seed="1" result="Passed" label="This function tests whether the naf document initalization is done correctly&#10;        input: etree._ElementTree + dict&#10;        level: 2&#10;        scenarios: check added features vs input" start-time="2023-03-16 13:35:16.519490" end-time="2023-03-16 13:35:16.520487" duration="0.000997" asserts="0"><properties><property name="python-version" value="3.9.13 (main, Aug 25 2022, 23:51:50) [MSC v.1916 64 bit (AMD64)]" /><property name="fspath" value="tests/test_nafdocument.py" /></properties><environment framework-version="3.6.2" clr-version="3.9.13 (main, Aug 25 2022, 23:51:50) [MSC v.1916 64 bit (AMD64)]" os-version="10" platform="Windows" cwd="C:\Users\lsevereijns\Documents\nafigator" machine-name="AMD64" user="" user-domain="" culture="en_US" uiculture="en_US" os-architecture="64bit" /><failure><message><![CDATA[]]></message><stack-trace><![CDATA[None]]></stack-trace></failure><reason><message><![CDATA[]]></message></reason><output><![CDATA[]]></output></test-case><test-case id="102" name="tests/test_nafdocument.py::TestNafDocument::test_open[tests/data/example.naf.xml-True]" fullname="tests/test_nafdocument.py::TestNafDocument::test_open[tests/data/example.naf.xml-True]" methodname="test_open[tests/data/example.naf.xml-True]" classname="TestNafDocument" runstate="Runnable" seed="1" result="Passed" label="This function tests whether the naf document is opened correctly&#10;        input: filepath (str) or bytes&#10;        level: 2&#10;        scenarios: check open and set root functions are called" start-time="2023-03-16 13:35:16.521487" end-time="2023-03-16 13:35:16.527486" duration="0.005999" asserts="0"><properties><property name="python-version" value="3.9.13 (main, Aug 25 2022, 23:51:50) [MSC v.1916 64 bit (AMD64)]" /><property name="fspath" value="tests/test_nafdocument.py" /></properties><environment framework-version="3.6.2" clr-version="3.9.13 (main, Aug 25 2022, 23:51:50) [MSC v.1916 64 bit (AMD64)]" os-version="10" platform="Windows" cwd="C:\Users\lsevereijns\Documents\nafigator" machine-name="AMD64" user="" user-domain="" culture="en_US" uiculture="en_US" os-architecture="64bit" /><failure><message><![CDATA[]]></message><stack-trace><![CDATA[None]]></stack-trace></failure><reason><message><![CDATA[]]></message></reason><output><![CDATA[]]></output></test-case><test-case id="103" name="tests/test_nafdocument.py::TestNafDocument::test_open[content-False]" fullname="tests/test_nafdocument.py::TestNafDocument::test_open[content-False]" methodname="test_open[content-False]" classname="TestNafDocument" runstate="Runnable" seed="1" result="Passed" label="This function tests whether the naf document is opened correctly&#10;        input: filepath (str) or bytes&#10;        level: 2&#10;        scenarios: check open and set root functions are called" start-time="2023-03-16 13:35:16.528486" end-time="2023-03-16 13:35:16.532488" duration="0.004002" asserts="0"><properties><property name="python-version" value="3.9.13 (main, Aug 25 2022, 23:51:50) [MSC v.1916 64 bit (AMD64)]" /><property name="fspath" value="tests/test_nafdocument.py" /></properties><environment framework-version="3.6.2" clr-version="3.9.13 (main, Aug 25 2022, 23:51:50) [MSC v.1916 64 bit (AMD64)]" os-version="10" platform="Windows" cwd="C:\Users\lsevereijns\Documents\nafigator" machine-name="AMD64" user="" user-domain="" culture="en_US" uiculture="en_US" os-architecture="64bit" /><failure><message><![CDATA[]]></message><stack-trace><![CDATA[None]]></stack-trace></failure><reason><message><![CDATA[]]></message></reason><output><![CDATA[]]></output></test-case><test-case id="104" name="tests/test_nafdocument.py::TestNafDocument::test_open_error" fullname="tests/test_nafdocument.py::TestNafDocument::test_open_error" methodname="test_open_error" classname="TestNafDocument" runstate="Runnable" seed="1" result="Passed" label="This function tests whether an exception is raised when the wrong type is trying to be opened&#10;        input: int&#10;        level: 2&#10;        scenarios: check exception raised" start-time="2023-03-16 13:35:16.533490" end-time="2023-03-16 13:35:16.533490" duration="0.0" asserts="0"><properties><property name="python-version" value="3.9.13 (main, Aug 25 2022, 23:51:50) [MSC v.1916 64 bit (AMD64)]" /><property name="fspath" value="tests/test_nafdocument.py" /></properties><environment framework-version="3.6.2" clr-version="3.9.13 (main, Aug 25 2022, 23:51:50) [MSC v.1916 64 bit (AMD64)]" os-version="10" platform="Windows" cwd="C:\Users\lsevereijns\Documents\nafigator" machine-name="AMD64" user="" user-domain="" culture="en_US" uiculture="en_US" os-architecture="64bit" /><failure><message><![CDATA[]]></message><stack-trace><![CDATA[None]]></stack-trace></failure><reason><message><![CDATA[]]></message></reason><output><![CDATA[]]></output></test-case><test-case id="105" name="tests/test_nafdocument.py::TestNafDocument::test_subelement[data0-attributes_to_ignore0]" fullname="tests/test_nafdocument.py::TestNafDocument::test_subelement[data0-attributes_to_ignore0]" methodname="test_subelement[data0-attributes_to_ignore0]" classname="TestNafDocument" runstate="Runnable" seed="1" result="Passed" label="This function tests whether subelement is added correctly&#10;        input: etree._ElementTree OPTIONAL: [etree._Element, tag-string, data-dict, ignore-list]&#10;        level: 0&#10;        scenarios: check element input and ignore list&#10;        #WARNING Does not override existing subelements" start-time="2023-03-16 13:35:16.535491" end-time="2023-03-16 13:35:16.536487" duration="0.000996" asserts="0"><properties><property name="python-version" value="3.9.13 (main, Aug 25 2022, 23:51:50) [MSC v.1916 64 bit (AMD64)]" /><property name="fspath" value="tests/test_nafdocument.py" /></properties><environment framework-version="3.6.2" clr-version="3.9.13 (main, Aug 25 2022, 23:51:50) [MSC v.1916 64 bit (AMD64)]" os-version="10" platform="Windows" cwd="C:\Users\lsevereijns\Documents\nafigator" machine-name="AMD64" user="" user-domain="" culture="en_US" uiculture="en_US" os-architecture="64bit" /><failure><message><![CDATA[]]></message><stack-trace><![CDATA[None]]></stack-trace></failure><reason><message><![CDATA[]]></message></reason><output><![CDATA[]]></output></test-case><test-case id="106" name="tests/test_nafdocument.py::TestNafDocument::test_subelement[data1-attributes_to_ignore1]" fullname="tests/test_nafdocument.py::TestNafDocument::test_subelement[data1-attributes_to_ignore1]" methodname="test_subelement[data1-attributes_to_ignore1]" classname="TestNafDocument" runstate="Runnable" seed="1" result="Passed" label="This function tests whether subelement is added correctly&#10;        input: etree._ElementTree OPTIONAL: [etree._Element, tag-string, data-dict, ignore-list]&#10;        level: 0&#10;        scenarios: check element input and ignore list&#10;        #WARNING Does not override existing subelements" start-time="2023-03-16 13:35:16.546491" end-time="2023-03-16 13:35:16.549488" duration="0.002997" asserts="0"><properties><property name="python-version" value="3.9.13 (main, Aug 25 2022, 23:51:50) [MSC v.1916 64 bit (AMD64)]" /><property name="fspath" value="tests/test_nafdocument.py" /></properties><environment framework-version="3.6.2" clr-version="3.9.13 (main, Aug 25 2022, 23:51:50) [MSC v.1916 64 bit (AMD64)]" os-version="10" platform="Windows" cwd="C:\Users\lsevereijns\Documents\nafigator" machine-name="AMD64" user="" user-domain="" culture="en_US" uiculture="en_US" os-architecture="64bit" /><failure><message><![CDATA[]]></message><stack-trace><![CDATA[None]]></stack-trace></failure><reason><message><![CDATA[]]></message></reason><output><![CDATA[]]></output></test-case><test-case id="107" name="tests/test_nafdocument.py::TestNafDocument::test_add_processor_Element" fullname="tests/test_nafdocument.py::TestNafDocument::test_add_processor_Element" methodname="test_add_processor_Element" classname="TestNafDocument" runstate="Runnable" seed="1" result="Passed" label="This function tests whether processor element is added correctly&#10;        input: etree._ElementTree + str + ProcessorElement&#10;        level: 1&#10;        scenarios: check element input and ignore list" start-time="2023-03-16 13:35:16.551489" end-time="2023-03-16 13:35:16.555490" duration="0.004001" asserts="0"><properties><property name="python-version" value="3.9.13 (main, Aug 25 2022, 23:51:50) [MSC v.1916 64 bit (AMD64)]" /><property name="fspath" value="tests/test_nafdocument.py" /></properties><environment framework-version="3.6.2" clr-version="3.9.13 (main, Aug 25 2022, 23:51:50) [MSC v.1916 64 bit (AMD64)]" os-version="10" platform="Windows" cwd="C:\Users\lsevereijns\Documents\nafigator" machine-name="AMD64" user="" user-domain="" culture="en_US" uiculture="en_US" os-architecture="64bit" /><failure><message><![CDATA[]]></message><stack-trace><![CDATA[None]]></stack-trace></failure><reason><message><![CDATA[]]></message></reason><output><![CDATA[]]></output></test-case><test-case id="108" name="tests/test_nafdocument.py::TestNafDocument::test_validate" fullname="tests/test_nafdocument.py::TestNafDocument::test_validate" methodname="test_validate" classname="TestNafDocument" runstate="Runnable" seed="1" result="Passed" label="test validate output&#10;        input:etree._ElementTree&#10;        level: 1 (uses utilsfunction load_dtd)&#10;        scenarios: check xml string&#10;        # TODO refactor nafigator code to support universal naf format. Also consider moving to integratin test" start-time="2023-03-16 13:35:16.557492" end-time="2023-03-16 13:35:16.739507" duration="0.182015" asserts="0"><properties><property name="python-version" value="3.9.13 (main, Aug 25 2022, 23:51:50) [MSC v.1916 64 bit (AMD64)]" /><property name="fspath" value="tests/test_nafdocument.py" /></properties><environment framework-version="3.6.2" clr-version="3.9.13 (main, Aug 25 2022, 23:51:50) [MSC v.1916 64 bit (AMD64)]" os-version="10" platform="Windows" cwd="C:\Users\lsevereijns\Documents\nafigator" machine-name="AMD64" user="" user-domain="" culture="en_US" uiculture="en_US" os-architecture="64bit" /><failure><message><![CDATA[]]></message><stack-trace><![CDATA[None]]></stack-trace></failure><reason><message><![CDATA[&#x1b;[1m&#x1b;[31mERROR   &#x1b;[0m root:nafdocument.py:584 DTD error log:
&#x1b;[1m&#x1b;[31mERROR   &#x1b;[0m root:nafdocument.py:586 file:/C:/Users/lsevereijns/Documents/nafigator/tests/data/example.naf.xml:2:0:ERROR:VALID:DTD_CONTENT_MODEL: Element NAF content does not follow the DTD, expecting (nafHeader | raw | topics | text | terms | multiwords | deps | chunks | entities | coreferences | constituency | srl | opinions | timeExpressions | factualitylayer | tunits | locations | dates | temporalRelations | causalRelations | markables | attribution | factualities)*, got (nafHeader formats entities text terms deps multiwords raw )
&#x1b;[1m&#x1b;[31mERROR   &#x1b;[0m root:nafdocument.py:586 file:/C:/Users/lsevereijns/Documents/nafigator/tests/data/example.naf.xml:2:0:ERROR:VALID:DTD_UNKNOWN_ATTRIBUTE: No declaration for attribute xmlns:dc of element NAF
&#x1b;[1m&#x1b;[31mERROR   &#x1b;[0m root:nafdocument.py:586 file:/C:/Users/lsevereijns/Documents/nafigator/tests/data/example.naf.xml:5:0:ERROR:VALID:DTD_UNKNOWN_ATTRIBUTE: No declaration for attribute uri of element public
&#x1b;[1m&#x1b;[31mERROR   &#x1b;[0m root:nafdocument.py:586 file:/C:/Users/lsevereijns/Documents/nafigator/tests/data/example.naf.xml:5:0:ERROR:VALID:DTD_UNKNOWN_ATTRIBUTE: No declaration for attribute format of element public
&#x1b;[1m&#x1b;[31mERROR   &#x1b;[0m root:nafdocument.py:586 file:/C:/Users/lsevereijns/Documents/nafigator/tests/data/example.naf.xml:13:0:ERROR:VALID:DTD_UNKNOWN_ATTRIBUTE: No declaration for attribute model of element lp
&#x1b;[1m&#x1b;[31mERROR   &#x1b;[0m root:nafdocument.py:586 file:/C:/Users/lsevereijns/Documents/nafigator/tests/data/example.naf.xml:16:0:ERROR:VALID:DTD_UNKNOWN_ATTRIBUTE: No declaration for attribute model of element lp
&#x1b;[1m&#x1b;[31mERROR   &#x1b;[0m root:nafdocument.py:586 file:/C:/Users/lsevereijns/Documents/nafigator/tests/data/example.naf.xml:19:0:ERROR:VALID:DTD_UNKNOWN_ATTRIBUTE: No declaration for attribute model of element lp
&#x1b;[1m&#x1b;[31mERROR   &#x1b;[0m root:nafdocument.py:586 file:/C:/Users/lsevereijns/Documents/nafigator/tests/data/example.naf.xml:22:0:ERROR:VALID:DTD_UNKNOWN_ATTRIBUTE: No declaration for attribute model of element lp
&#x1b;[1m&#x1b;[31mERROR   &#x1b;[0m root:nafdocument.py:586 file:/C:/Users/lsevereijns/Documents/nafigator/tests/data/example.naf.xml:25:0:ERROR:VALID:DTD_UNKNOWN_ATTRIBUTE: No declaration for attribute model of element lp
&#x1b;[1m&#x1b;[31mERROR   &#x1b;[0m root:nafdocument.py:586 file:/C:/Users/lsevereijns/Documents/nafigator/tests/data/example.naf.xml:28:0:ERROR:VALID:DTD_UNKNOWN_ELEM: No declaration for element formats
&#x1b;[1m&#x1b;[31mERROR   &#x1b;[0m root:nafdocument.py:586 file:/C:/Users/lsevereijns/Documents/nafigator/tests/data/example.naf.xml:29:0:ERROR:VALID:DTD_UNKNOWN_ELEM: No declaration for element page
&#x1b;[1m&#x1b;[31mERROR   &#x1b;[0m root:nafdocument.py:586 file:/C:/Users/lsevereijns/Documents/nafigator/tests/data/example.naf.xml:29:0:ERROR:VALID:DTD_UNKNOWN_ATTRIBUTE: No declaration for attribute length of element page
&#x1b;[1m&#x1b;[31mERROR   &#x1b;[0m root:nafdocument.py:586 file:/C:/Users/lsevereijns/Documents/nafigator/tests/data/example.naf.xml:29:0:ERROR:VALID:DTD_UNKNOWN_ATTRIBUTE: No declaration for attribute offset of element page
&#x1b;[1m&#x1b;[31mERROR   &#x1b;[0m root:nafdocument.py:586 file:/C:/Users/lsevereijns/Documents/nafigator/tests/data/example.naf.xml:30:0:ERROR:VALID:DTD_UNKNOWN_ELEM: No declaration for element textbox
&#x1b;[1m&#x1b;[31mERROR   &#x1b;[0m root:nafdocument.py:586 file:/C:/Users/lsevereijns/Documents/nafigator/tests/data/example.naf.xml:31:0:ERROR:VALID:DTD_UNKNOWN_ELEM: No declaration for element textline
&#x1b;[1m&#x1b;[31mERROR   &#x1b;[0m root:nafdocument.py:586 file:/C:/Users/lsevereijns/Documents/nafigator/tests/data/example.naf.xml:32:0:ERROR:VALID:DTD_CONTENT_MODEL: Element text content does not follow the DTD, expecting (wf)+, got (CDATA)
&#x1b;[1m&#x1b;[31mERROR   &#x1b;[0m root:nafdocument.py:586 file:/C:/Users/lsevereijns/Documents/nafigator/tests/data/example.naf.xml:32:0:ERROR:VALID:DTD_UNKNOWN_ATTRIBUTE: No declaration for attribute font of element text
&#x1b;[1m&#x1b;[31mERROR   &#x1b;[0m root:nafdocument.py:586 file:/C:/Users/lsevereijns/Documents/nafigator/tests/data/example.naf.xml:32:0:ERROR:VALID:DTD_UNKNOWN_ATTRIBUTE: No declaration for attribute size of element text
&#x1b;[1m&#x1b;[31mERROR   &#x1b;[0m root:nafdocument.py:586 file:/C:/Users/lsevereijns/Documents/nafigator/tests/data/example.naf.xml:32:0:ERROR:VALID:DTD_UNKNOWN_ATTRIBUTE: No declaration for attribute length of element text
&#x1b;[1m&#x1b;[31mERROR   &#x1b;[0m root:nafdocument.py:586 file:/C:/Users/lsevereijns/Documents/nafigator/tests/data/example.naf.xml:32:0:ERROR:VALID:DTD_UNKNOWN_ATTRIBUTE: No declaration for attribute offset of element text
&#x1b;[1m&#x1b;[31mERROR   &#x1b;[0m root:nafdocument.py:586 file:/C:/Users/lsevereijns/Documents/nafigator/tests/data/example.naf.xml:34:0:ERROR:VALID:DTD_UNKNOWN_ELEM: No declaration for element textline
&#x1b;[1m&#x1b;[31mERROR   &#x1b;[0m root:nafdocument.py:586 file:/C:/Users/lsevereijns/Documents/nafigator/tests/data/example.naf.xml:35:0:ERROR:VALID:DTD_CONTENT_MODEL: Element text content does not follow the DTD, expecting (wf)+, got (CDATA)
&#x1b;[1m&#x1b;[31mERROR   &#x1b;[0m root:nafdocument.py:586 file:/C:/Users/lsevereijns/Documents/nafigator/tests/data/example.naf.xml:35:0:ERROR:VALID:DTD_UNKNOWN_ATTRIBUTE: No declaration for attribute font of element text
&#x1b;[1m&#x1b;[31mERROR   &#x1b;[0m root:nafdocument.py:586 file:/C:/Users/lsevereijns/Documents/nafigator/tests/data/example.naf.xml:35:0:ERROR:VALID:DTD_UNKNOWN_ATTRIBUTE: No declaration for attribute size of element text
&#x1b;[1m&#x1b;[31mERROR   &#x1b;[0m root:nafdocument.py:586 file:/C:/Users/lsevereijns/Documents/nafigator/tests/data/example.naf.xml:35:0:ERROR:VALID:DTD_UNKNOWN_ATTRIBUTE: No declaration for attribute length of element text
&#x1b;[1m&#x1b;[31mERROR   &#x1b;[0m root:nafdocument.py:586 file:/C:/Users/lsevereijns/Documents/nafigator/tests/data/example.naf.xml:35:0:ERROR:VALID:DTD_UNKNOWN_ATTRIBUTE: No declaration for attribute offset of element text
&#x1b;[1m&#x1b;[31mERROR   &#x1b;[0m root:nafdocument.py:586 file:/C:/Users/lsevereijns/Documents/nafigator/tests/data/example.naf.xml:38:0:ERROR:VALID:DTD_UNKNOWN_ELEM: No declaration for element textbox
&#x1b;[1m&#x1b;[31mERROR   &#x1b;[0m root:nafdocument.py:586 file:/C:/Users/lsevereijns/Documents/nafigator/tests/data/example.naf.xml:39:0:ERROR:VALID:DTD_UNKNOWN_ELEM: No declaration for element textline
&#x1b;[1m&#x1b;[31mERROR   &#x1b;[0m root:nafdocument.py:586 file:/C:/Users/lsevereijns/Documents/nafigator/tests/data/example.naf.xml:40:0:ERROR:VALID:DTD_CONTENT_MODEL: Element text content does not follow the DTD, expecting (wf)+, got (CDATA)
&#x1b;[1m&#x1b;[31mERROR   &#x1b;[0m root:nafdocument.py:586 file:/C:/Users/lsevereijns/Documents/nafigator/tests/data/example.naf.xml:40:0:ERROR:VALID:DTD_UNKNOWN_ATTRIBUTE: No declaration for attribute font of element text
&#x1b;[1m&#x1b;[31mERROR   &#x1b;[0m root:nafdocument.py:586 file:/C:/Users/lsevereijns/Documents/nafigator/tests/data/example.naf.xml:40:0:ERROR:VALID:DTD_UNKNOWN_ATTRIBUTE: No declaration for attribute size of element text
&#x1b;[1m&#x1b;[31mERROR   &#x1b;[0m root:nafdocument.py:586 file:/C:/Users/lsevereijns/Documents/nafigator/tests/data/example.naf.xml:40:0:ERROR:VALID:DTD_UNKNOWN_ATTRIBUTE: No declaration for attribute length of element text
&#x1b;[1m&#x1b;[31mERROR   &#x1b;[0m root:nafdocument.py:586 file:/C:/Users/lsevereijns/Documents/nafigator/tests/data/example.naf.xml:40:0:ERROR:VALID:DTD_UNKNOWN_ATTRIBUTE: No declaration for attribute offset of element text
&#x1b;[1m&#x1b;[31mERROR   &#x1b;[0m root:nafdocument.py:586 file:/C:/Users/lsevereijns/Documents/nafigator/tests/data/example.naf.xml:42:0:ERROR:VALID:DTD_UNKNOWN_ELEM: No declaration for element textline
&#x1b;[1m&#x1b;[31mERROR   &#x1b;[0m root:nafdocument.py:586 file:/C:/Users/lsevereijns/Documents/nafigator/tests/data/example.naf.xml:43:0:ERROR:VALID:DTD_CONTENT_MODEL: Element text content does not follow the DTD, expecting (wf)+, got (CDATA)
&#x1b;[1m&#x1b;[31mERROR   &#x1b;[0m root:nafdocument.py:586 file:/C:/Users/lsevereijns/Documents/nafigator/tests/data/example.naf.xml:43:0:ERROR:VALID:DTD_UNKNOWN_ATTRIBUTE: No declaration for attribute font of element text
&#x1b;[1m&#x1b;[31mERROR   &#x1b;[0m root:nafdocument.py:586 file:/C:/Users/lsevereijns/Documents/nafigator/tests/data/example.naf.xml:43:0:ERROR:VALID:DTD_UNKNOWN_ATTRIBUTE: No declaration for attribute size of element text
&#x1b;[1m&#x1b;[31mERROR   &#x1b;[0m root:nafdocument.py:586 file:/C:/Users/lsevereijns/Documents/nafigator/tests/data/example.naf.xml:43:0:ERROR:VALID:DTD_UNKNOWN_ATTRIBUTE: No declaration for attribute length of element text
&#x1b;[1m&#x1b;[31mERROR   &#x1b;[0m root:nafdocument.py:586 file:/C:/Users/lsevereijns/Documents/nafigator/tests/data/example.naf.xml:43:0:ERROR:VALID:DTD_UNKNOWN_ATTRIBUTE: No declaration for attribute offset of element text
&#x1b;[1m&#x1b;[31mERROR   &#x1b;[0m root:nafdocument.py:586 file:/C:/Users/lsevereijns/Documents/nafigator/tests/data/example.naf.xml:418:0:ERROR:VALID:DTD_MISSING_ATTRIBUTE: Element dep does not carry attribute from
&#x1b;[1m&#x1b;[31mERROR   &#x1b;[0m root:nafdocument.py:586 file:/C:/Users/lsevereijns/Documents/nafigator/tests/data/example.naf.xml:418:0:ERROR:VALID:DTD_MISSING_ATTRIBUTE: Element dep does not carry attribute to
&#x1b;[1m&#x1b;[31mERROR   &#x1b;[0m root:nafdocument.py:586 file:/C:/Users/lsevereijns/Documents/nafigator/tests/data/example.naf.xml:418:0:ERROR:VALID:DTD_UNKNOWN_ATTRIBUTE: No declaration for attribute from_term of element dep
&#x1b;[1m&#x1b;[31mERROR   &#x1b;[0m root:nafdocument.py:586 file:/C:/Users/lsevereijns/Documents/nafigator/tests/data/example.naf.xml:418:0:ERROR:VALID:DTD_UNKNOWN_ATTRIBUTE: No declaration for attribute to_term of element dep
&#x1b;[1m&#x1b;[31mERROR   &#x1b;[0m root:nafdocument.py:586 file:/C:/Users/lsevereijns/Documents/nafigator/tests/data/example.naf.xml:420:0:ERROR:VALID:DTD_MISSING_ATTRIBUTE: Element dep does not carry attribute from
&#x1b;[1m&#x1b;[31mERROR   &#x1b;[0m root:nafdocument.py:586 file:/C:/Users/lsevereijns/Documents/nafigator/tests/data/example.naf.xml:420:0:ERROR:VALID:DTD_MISSING_ATTRIBUTE: Element dep does not carry attribute to
&#x1b;[1m&#x1b;[31mERROR   &#x1b;[0m root:nafdocument.py:586 file:/C:/Users/lsevereijns/Documents/nafigator/tests/data/example.naf.xml:420:0:ERROR:VALID:DTD_UNKNOWN_ATTRIBUTE: No declaration for attribute from_term of element dep
&#x1b;[1m&#x1b;[31mERROR   &#x1b;[0m root:nafdocument.py:586 file:/C:/Users/lsevereijns/Documents/nafigator/tests/data/example.naf.xml:420:0:ERROR:VALID:DTD_UNKNOWN_ATTRIBUTE: No declaration for attribute to_term of element dep
&#x1b;[1m&#x1b;[31mERROR   &#x1b;[0m root:nafdocument.py:586 file:/C:/Users/lsevereijns/Documents/nafigator/tests/data/example.naf.xml:422:0:ERROR:VALID:DTD_MISSING_ATTRIBUTE: Element dep does not carry attribute from
&#x1b;[1m&#x1b;[31mERROR   &#x1b;[0m root:nafdocument.py:586 file:/C:/Users/lsevereijns/Documents/nafigator/tests/data/example.naf.xml:422:0:ERROR:VALID:DTD_MISSING_ATTRIBUTE: Element dep does not carry attribute to
&#x1b;[1m&#x1b;[31mERROR   &#x1b;[0m root:nafdocument.py:586 file:/C:/Users/lsevereijns/Documents/nafigator/tests/data/example.naf.xml:422:0:ERROR:VALID:DTD_UNKNOWN_ATTRIBUTE: No declaration for attribute from_term of element dep
&#x1b;[1m&#x1b;[31mERROR   &#x1b;[0m root:nafdocument.py:586 file:/C:/Users/lsevereijns/Documents/nafigator/tests/data/example.naf.xml:422:0:ERROR:VALID:DTD_UNKNOWN_ATTRIBUTE: No declaration for attribute to_term of element dep
&#x1b;[1m&#x1b;[31mERROR   &#x1b;[0m root:nafdocument.py:586 file:/C:/Users/lsevereijns/Documents/nafigator/tests/data/example.naf.xml:424:0:ERROR:VALID:DTD_MISSING_ATTRIBUTE: Element dep does not carry attribute from
&#x1b;[1m&#x1b;[31mERROR   &#x1b;[0m root:nafdocument.py:586 file:/C:/Users/lsevereijns/Documents/nafigator/tests/data/example.naf.xml:424:0:ERROR:VALID:DTD_MISSING_ATTRIBUTE: Element dep does not carry attribute to
&#x1b;[1m&#x1b;[31mERROR   &#x1b;[0m root:nafdocument.py:586 file:/C:/Users/lsevereijns/Documents/nafigator/tests/data/example.naf.xml:424:0:ERROR:VALID:DTD_UNKNOWN_ATTRIBUTE: No declaration for attribute from_term of element dep
&#x1b;[1m&#x1b;[31mERROR   &#x1b;[0m root:nafdocument.py:586 file:/C:/Users/lsevereijns/Documents/nafigator/tests/data/example.naf.xml:424:0:ERROR:VALID:DTD_UNKNOWN_ATTRIBUTE: No declaration for attribute to_term of element dep
&#x1b;[1m&#x1b;[31mERROR   &#x1b;[0m root:nafdocument.py:586 file:/C:/Users/lsevereijns/Documents/nafigator/tests/data/example.naf.xml:426:0:ERROR:VALID:DTD_MISSING_ATTRIBUTE: Element dep does not carry attribute from
&#x1b;[1m&#x1b;[31mERROR   &#x1b;[0m root:nafdocument.py:586 file:/C:/Users/lsevereijns/Documents/nafigator/tests/data/example.naf.xml:426:0:ERROR:VALID:DTD_MISSING_ATTRIBUTE: Element dep does not carry attribute to
&#x1b;[1m&#x1b;[31mERROR   &#x1b;[0m root:nafdocument.py:586 file:/C:/Users/lsevereijns/Documents/nafigator/tests/data/example.naf.xml:426:0:ERROR:VALID:DTD_UNKNOWN_ATTRIBUTE: No declaration for attribute from_term of element dep
&#x1b;[1m&#x1b;[31mERROR   &#x1b;[0m root:nafdocument.py:586 file:/C:/Users/lsevereijns/Documents/nafigator/tests/data/example.naf.xml:426:0:ERROR:VALID:DTD_UNKNOWN_ATTRIBUTE: No declaration for attribute to_term of element dep
&#x1b;[1m&#x1b;[31mERROR   &#x1b;[0m root:nafdocument.py:586 file:/C:/Users/lsevereijns/Documents/nafigator/tests/data/example.naf.xml:428:0:ERROR:VALID:DTD_MISSING_ATTRIBUTE: Element dep does not carry attribute from
&#x1b;[1m&#x1b;[31mERROR   &#x1b;[0m root:nafdocument.py:586 file:/C:/Users/lsevereijns/Documents/nafigator/tests/data/example.naf.xml:428:0:ERROR:VALID:DTD_MISSING_ATTRIBUTE: Element dep does not carry attribute to
&#x1b;[1m&#x1b;[31mERROR   &#x1b;[0m root:nafdocument.py:586 file:/C:/Users/lsevereijns/Documents/nafigator/tests/data/example.naf.xml:428:0:ERROR:VALID:DTD_UNKNOWN_ATTRIBUTE: No declaration for attribute from_term of element dep
&#x1b;[1m&#x1b;[31mERROR   &#x1b;[0m root:nafdocument.py:586 file:/C:/Users/lsevereijns/Documents/nafigator/tests/data/example.naf.xml:428:0:ERROR:VALID:DTD_UNKNOWN_ATTRIBUTE: No declaration for attribute to_term of element dep
&#x1b;[1m&#x1b;[31mERROR   &#x1b;[0m root:nafdocument.py:586 file:/C:/Users/lsevereijns/Documents/nafigator/tests/data/example.naf.xml:430:0:ERROR:VALID:DTD_MISSING_ATTRIBUTE: Element dep does not carry attribute from
&#x1b;[1m&#x1b;[31mERROR   &#x1b;[0m root:nafdocument.py:586 file:/C:/Users/lsevereijns/Documents/nafigator/tests/data/example.naf.xml:430:0:ERROR:VALID:DTD_MISSING_ATTRIBUTE: Element dep does not carry attribute to
&#x1b;[1m&#x1b;[31mERROR   &#x1b;[0m root:nafdocument.py:586 file:/C:/Users/lsevereijns/Documents/nafigator/tests/data/example.naf.xml:430:0:ERROR:VALID:DTD_UNKNOWN_ATTRIBUTE: No declaration for attribute from_term of element dep
&#x1b;[1m&#x1b;[31mERROR   &#x1b;[0m root:nafdocument.py:586 file:/C:/Users/lsevereijns/Documents/nafigator/tests/data/example.naf.xml:430:0:ERROR:VALID:DTD_UNKNOWN_ATTRIBUTE: No declaration for attribute to_term of element dep
&#x1b;[1m&#x1b;[31mERROR   &#x1b;[0m root:nafdocument.py:586 file:/C:/Users/lsevereijns/Documents/nafigator/tests/data/example.naf.xml:432:0:ERROR:VALID:DTD_MISSING_ATTRIBUTE: Element dep does not carry attribute from
&#x1b;[1m&#x1b;[31mERROR   &#x1b;[0m root:nafdocument.py:586 file:/C:/Users/lsevereijns/Documents/nafigator/tests/data/example.naf.xml:432:0:ERROR:VALID:DTD_MISSING_ATTRIBUTE: Element dep does not carry attribute to
&#x1b;[1m&#x1b;[31mERROR   &#x1b;[0m root:nafdocument.py:586 file:/C:/Users/lsevereijns/Documents/nafigator/tests/data/example.naf.xml:432:0:ERROR:VALID:DTD_UNKNOWN_ATTRIBUTE: No declaration for attribute from_term of element dep
&#x1b;[1m&#x1b;[31mERROR   &#x1b;[0m root:nafdocument.py:586 file:/C:/Users/lsevereijns/Documents/nafigator/tests/data/example.naf.xml:432:0:ERROR:VALID:DTD_UNKNOWN_ATTRIBUTE: No declaration for attribute to_term of element dep
&#x1b;[1m&#x1b;[31mERROR   &#x1b;[0m root:nafdocument.py:586 file:/C:/Users/lsevereijns/Documents/nafigator/tests/data/example.naf.xml:434:0:ERROR:VALID:DTD_MISSING_ATTRIBUTE: Element dep does not carry attribute from
&#x1b;[1m&#x1b;[31mERROR   &#x1b;[0m root:nafdocument.py:586 file:/C:/Users/lsevereijns/Documents/nafigator/tests/data/example.naf.xml:434:0:ERROR:VALID:DTD_MISSING_ATTRIBUTE: Element dep does not carry attribute to
&#x1b;[1m&#x1b;[31mERROR   &#x1b;[0m root:nafdocument.py:586 file:/C:/Users/lsevereijns/Documents/nafigator/tests/data/example.naf.xml:434:0:ERROR:VALID:DTD_UNKNOWN_ATTRIBUTE: No declaration for attribute from_term of element dep
&#x1b;[1m&#x1b;[31mERROR   &#x1b;[0m root:nafdocument.py:586 file:/C:/Users/lsevereijns/Documents/nafigator/tests/data/example.naf.xml:434:0:ERROR:VALID:DTD_UNKNOWN_ATTRIBUTE: No declaration for attribute to_term of element dep
&#x1b;[1m&#x1b;[31mERROR   &#x1b;[0m root:nafdocument.py:586 file:/C:/Users/lsevereijns/Documents/nafigator/tests/data/example.naf.xml:436:0:ERROR:VALID:DTD_MISSING_ATTRIBUTE: Element dep does not carry attribute from
&#x1b;[1m&#x1b;[31mERROR   &#x1b;[0m root:nafdocument.py:586 file:/C:/Users/lsevereijns/Documents/nafigator/tests/data/example.naf.xml:436:0:ERROR:VALID:DTD_MISSING_ATTRIBUTE: Element dep does not carry attribute to
&#x1b;[1m&#x1b;[31mERROR   &#x1b;[0m root:nafdocument.py:586 file:/C:/Users/lsevereijns/Documents/nafigator/tests/data/example.naf.xml:436:0:ERROR:VALID:DTD_UNKNOWN_ATTRIBUTE: No declaration for attribute from_term of element dep
&#x1b;[1m&#x1b;[31mERROR   &#x1b;[0m root:nafdocument.py:586 file:/C:/Users/lsevereijns/Documents/nafigator/tests/data/example.naf.xml:436:0:ERROR:VALID:DTD_UNKNOWN_ATTRIBUTE: No declaration for attribute to_term of element dep
&#x1b;[1m&#x1b;[31mERROR   &#x1b;[0m root:nafdocument.py:586 file:/C:/Users/lsevereijns/Documents/nafigator/tests/data/example.naf.xml:438:0:ERROR:VALID:DTD_MISSING_ATTRIBUTE: Element dep does not carry attribute from
&#x1b;[1m&#x1b;[31mERROR   &#x1b;[0m root:nafdocument.py:586 file:/C:/Users/lsevereijns/Documents/nafigator/tests/data/example.naf.xml:438:0:ERROR:VALID:DTD_MISSING_ATTRIBUTE: Element dep does not carry attribute to
&#x1b;[1m&#x1b;[31mERROR   &#x1b;[0m root:nafdocument.py:586 file:/C:/Users/lsevereijns/Documents/nafigator/tests/data/example.naf.xml:438:0:ERROR:VALID:DTD_UNKNOWN_ATTRIBUTE: No declaration for attribute from_term of element dep
&#x1b;[1m&#x1b;[31mERROR   &#x1b;[0m root:nafdocument.py:586 file:/C:/Users/lsevereijns/Documents/nafigator/tests/data/example.naf.xml:438:0:ERROR:VALID:DTD_UNKNOWN_ATTRIBUTE: No declaration for attribute to_term of element dep
&#x1b;[1m&#x1b;[31mERROR   &#x1b;[0m root:nafdocument.py:586 file:/C:/Users/lsevereijns/Documents/nafigator/tests/data/example.naf.xml:440:0:ERROR:VALID:DTD_MISSING_ATTRIBUTE: Element dep does not carry attribute from
&#x1b;[1m&#x1b;[31mERROR   &#x1b;[0m root:nafdocument.py:586 file:/C:/Users/lsevereijns/Documents/nafigator/tests/data/example.naf.xml:440:0:ERROR:VALID:DTD_MISSING_ATTRIBUTE: Element dep does not carry attribute to
&#x1b;[1m&#x1b;[31mERROR   &#x1b;[0m root:nafdocument.py:586 file:/C:/Users/lsevereijns/Documents/nafigator/tests/data/example.naf.xml:440:0:ERROR:VALID:DTD_UNKNOWN_ATTRIBUTE: No declaration for attribute from_term of element dep
&#x1b;[1m&#x1b;[31mERROR   &#x1b;[0m root:nafdocument.py:586 file:/C:/Users/lsevereijns/Documents/nafigator/tests/data/example.naf.xml:440:0:ERROR:VALID:DTD_UNKNOWN_ATTRIBUTE: No declaration for attribute to_term of element dep
&#x1b;[1m&#x1b;[31mERROR   &#x1b;[0m root:nafdocument.py:586 file:/C:/Users/lsevereijns/Documents/nafigator/tests/data/example.naf.xml:442:0:ERROR:VALID:DTD_MISSING_ATTRIBUTE: Element dep does not carry attribute from
&#x1b;[1m&#x1b;[31mERROR   &#x1b;[0m root:nafdocument.py:586 file:/C:/Users/lsevereijns/Documents/nafigator/tests/data/example.naf.xml:442:0:ERROR:VALID:DTD_MISSING_ATTRIBUTE: Element dep does not carry attribute to
&#x1b;[1m&#x1b;[31mERROR   &#x1b;[0m root:nafdocument.py:586 file:/C:/Users/lsevereijns/Documents/nafigator/tests/data/example.naf.xml:442:0:ERROR:VALID:DTD_UNKNOWN_ATTRIBUTE: No declaration for attribute from_term of element dep
&#x1b;[1m&#x1b;[31mERROR   &#x1b;[0m root:nafdocument.py:586 file:/C:/Users/lsevereijns/Documents/nafigator/tests/data/example.naf.xml:442:0:ERROR:VALID:DTD_UNKNOWN_ATTRIBUTE: No declaration for attribute to_term of element dep
&#x1b;[1m&#x1b;[31mERROR   &#x1b;[0m root:nafdocument.py:586 file:/C:/Users/lsevereijns/Documents/nafigator/tests/data/example.naf.xml:444:0:ERROR:VALID:DTD_MISSING_ATTRIBUTE: Element dep does not carry attribute from
&#x1b;[1m&#x1b;[31mERROR   &#x1b;[0m root:nafdocument.py:586 file:/C:/Users/lsevereijns/Documents/nafigator/tests/data/example.naf.xml:444:0:ERROR:VALID:DTD_MISSING_ATTRIBUTE: Element dep does not carry attribute to
&#x1b;[1m&#x1b;[31mERROR   &#x1b;[0m root:nafdocument.py:586 file:/C:/Users/lsevereijns/Documents/nafigator/tests/data/example.naf.xml:444:0:ERROR:VALID:DTD_UNKNOWN_ATTRIBUTE: No declaration for attribute from_term of element dep
&#x1b;[1m&#x1b;[31mERROR   &#x1b;[0m root:nafdocument.py:586 file:/C:/Users/lsevereijns/Documents/nafigator/tests/data/example.naf.xml:444:0:ERROR:VALID:DTD_UNKNOWN_ATTRIBUTE: No declaration for attribute to_term of element dep
&#x1b;[1m&#x1b;[31mERROR   &#x1b;[0m root:nafdocument.py:586 file:/C:/Users/lsevereijns/Documents/nafigator/tests/data/example.naf.xml:446:0:ERROR:VALID:DTD_MISSING_ATTRIBUTE: Element dep does not carry attribute from
&#x1b;[1m&#x1b;[31mERROR   &#x1b;[0m root:nafdocument.py:586 file:/C:/Users/lsevereijns/Documents/nafigator/tests/data/example.naf.xml:446:0:ERROR:VALID:DTD_MISSING_ATTRIBUTE: Element dep does not carry attribute to
&#x1b;[1m&#x1b;[31mERROR   &#x1b;[0m root:nafdocument.py:586 file:/C:/Users/lsevereijns/Documents/nafigator/tests/data/example.naf.xml:446:0:ERROR:VALID:DTD_UNKNOWN_ATTRIBUTE: No declaration for attribute from_term of element dep
&#x1b;[1m&#x1b;[31mERROR   &#x1b;[0m root:nafdocument.py:586 file:/C:/Users/lsevereijns/Documents/nafigator/tests/data/example.naf.xml:446:0:ERROR:VALID:DTD_UNKNOWN_ATTRIBUTE: No declaration for attribute to_term of element dep
&#x1b;[1m&#x1b;[31mERROR   &#x1b;[0m root:nafdocument.py:586 file:/C:/Users/lsevereijns/Documents/nafigator/tests/data/example.naf.xml:448:0:ERROR:VALID:DTD_MISSING_ATTRIBUTE: Element dep does not carry attribute from
&#x1b;[1m&#x1b;[31mERROR   &#x1b;[0m root:nafdocument.py:586 file:/C:/Users/lsevereijns/Documents/nafigator/tests/data/example.naf.xml:448:0:ERROR:VALID:DTD_MISSING_ATTRIBUTE: Element dep does not carry attribute to
&#x1b;[1m&#x1b;[31mERROR   &#x1b;[0m root:nafdocument.py:586 file:/C:/Users/lsevereijns/Documents/nafigator/tests/data/example.naf.xml:448:0:ERROR:VALID:DTD_UNKNOWN_ATTRIBUTE: No declaration for attribute from_term of element dep
&#x1b;[1m&#x1b;[31mERROR   &#x1b;[0m root:nafdocument.py:586 file:/C:/Users/lsevereijns/Documents/nafigator/tests/data/example.naf.xml:448:0:ERROR:VALID:DTD_UNKNOWN_ATTRIBUTE: No declaration for attribute to_term of element dep
&#x1b;[1m&#x1b;[31mERROR   &#x1b;[0m root:nafdocument.py:586 file:/C:/Users/lsevereijns/Documents/nafigator/tests/data/example.naf.xml:450:0:ERROR:VALID:DTD_MISSING_ATTRIBUTE: Element dep does not carry attribute from
&#x1b;[1m&#x1b;[31mERROR   &#x1b;[0m root:nafdocument.py:586 file:/C:/Users/lsevereijns/Documents/nafigator/tests/data/example.naf.xml:450:0:ERROR:VALID:DTD_MISSING_ATTRIBUTE: Element dep does not carry attribute to
&#x1b;[1m&#x1b;[31mERROR   &#x1b;[0m root:nafdocument.py:586 file:/C:/Users/lsevereijns/Documents/nafigator/tests/data/example.naf.xml:450:0:ERROR:VALID:DTD_UNKNOWN_ATTRIBUTE: No declaration for attribute from_term of element dep
&#x1b;[1m&#x1b;[31mERROR   &#x1b;[0m root:nafdocument.py:586 file:/C:/Users/lsevereijns/Documents/nafigator/tests/data/example.naf.xml:450:0:ERROR:VALID:DTD_UNKNOWN_ATTRIBUTE: No declaration for attribute to_term of element dep
&#x1b;[1m&#x1b;[31mERROR   &#x1b;[0m root:nafdocument.py:586 file:/C:/Users/lsevereijns/Documents/nafigator/tests/data/example.naf.xml:452:0:ERROR:VALID:DTD_MISSING_ATTRIBUTE: Element dep does not carry attribute from
&#x1b;[1m&#x1b;[31mERROR   &#x1b;[0m root:nafdocument.py:586 file:/C:/Users/lsevereijns/Documents/nafigator/tests/data/example.naf.xml:452:0:ERROR:VALID:DTD_MISSING_ATTRIBUTE: Element dep does not carry attribute to
&#x1b;[1m&#x1b;[31mERROR   &#x1b;[0m root:nafdocument.py:586 file:/C:/Users/lsevereijns/Documents/nafigator/tests/data/example.naf.xml:452:0:ERROR:VALID:DTD_UNKNOWN_ATTRIBUTE: No declaration for attribute from_term of element dep
&#x1b;[1m&#x1b;[31mERROR   &#x1b;[0m root:nafdocument.py:586 file:/C:/Users/lsevereijns/Documents/nafigator/tests/data/example.naf.xml:452:0:ERROR:VALID:DTD_UNKNOWN_ATTRIBUTE: No declaration for attribute to_term of element dep
&#x1b;[1m&#x1b;[31mERROR   &#x1b;[0m root:nafdocument.py:586 file:/C:/Users/lsevereijns/Documents/nafigator/tests/data/example.naf.xml:454:0:ERROR:VALID:DTD_MISSING_ATTRIBUTE: Element dep does not carry attribute from
&#x1b;[1m&#x1b;[31mERROR   &#x1b;[0m root:nafdocument.py:586 file:/C:/Users/lsevereijns/Documents/nafigator/tests/data/example.naf.xml:454:0:ERROR:VALID:DTD_MISSING_ATTRIBUTE: Element dep does not carry attribute to
&#x1b;[1m&#x1b;[31mERROR   &#x1b;[0m root:nafdocument.py:586 file:/C:/Users/lsevereijns/Documents/nafigator/tests/data/example.naf.xml:454:0:ERROR:VALID:DTD_UNKNOWN_ATTRIBUTE: No declaration for attribute from_term of element dep
&#x1b;[1m&#x1b;[31mERROR   &#x1b;[0m root:nafdocument.py:586 file:/C:/Users/lsevereijns/Documents/nafigator/tests/data/example.naf.xml:454:0:ERROR:VALID:DTD_UNKNOWN_ATTRIBUTE: No declaration for attribute to_term of element dep
&#x1b;[1m&#x1b;[31mERROR   &#x1b;[0m root:nafdocument.py:586 file:/C:/Users/lsevereijns/Documents/nafigator/tests/data/example.naf.xml:456:0:ERROR:VALID:DTD_MISSING_ATTRIBUTE: Element dep does not carry attribute from
&#x1b;[1m&#x1b;[31mERROR   &#x1b;[0m root:nafdocument.py:586 file:/C:/Users/lsevereijns/Documents/nafigator/tests/data/example.naf.xml:456:0:ERROR:VALID:DTD_MISSING_ATTRIBUTE: Element dep does not carry attribute to
&#x1b;[1m&#x1b;[31mERROR   &#x1b;[0m root:nafdocument.py:586 file:/C:/Users/lsevereijns/Documents/nafigator/tests/data/example.naf.xml:456:0:ERROR:VALID:DTD_UNKNOWN_ATTRIBUTE: No declaration for attribute from_term of element dep
&#x1b;[1m&#x1b;[31mERROR   &#x1b;[0m root:nafdocument.py:586 file:/C:/Users/lsevereijns/Documents/nafigator/tests/data/example.naf.xml:456:0:ERROR:VALID:DTD_UNKNOWN_ATTRIBUTE: No declaration for attribute to_term of element dep
&#x1b;[1m&#x1b;[31mERROR   &#x1b;[0m root:nafdocument.py:586 file:/C:/Users/lsevereijns/Documents/nafigator/tests/data/example.naf.xml:458:0:ERROR:VALID:DTD_MISSING_ATTRIBUTE: Element dep does not carry attribute from
&#x1b;[1m&#x1b;[31mERROR   &#x1b;[0m root:nafdocument.py:586 file:/C:/Users/lsevereijns/Documents/nafigator/tests/data/example.naf.xml:458:0:ERROR:VALID:DTD_MISSING_ATTRIBUTE: Element dep does not carry attribute to
&#x1b;[1m&#x1b;[31mERROR   &#x1b;[0m root:nafdocument.py:586 file:/C:/Users/lsevereijns/Documents/nafigator/tests/data/example.naf.xml:458:0:ERROR:VALID:DTD_UNKNOWN_ATTRIBUTE: No declaration for attribute from_term of element dep
&#x1b;[1m&#x1b;[31mERROR   &#x1b;[0m root:nafdocument.py:586 file:/C:/Users/lsevereijns/Documents/nafigator/tests/data/example.naf.xml:458:0:ERROR:VALID:DTD_UNKNOWN_ATTRIBUTE: No declaration for attribute to_term of element dep
&#x1b;[1m&#x1b;[31mERROR   &#x1b;[0m root:nafdocument.py:586 file:/C:/Users/lsevereijns/Documents/nafigator/tests/data/example.naf.xml:460:0:ERROR:VALID:DTD_MISSING_ATTRIBUTE: Element dep does not carry attribute from
&#x1b;[1m&#x1b;[31mERROR   &#x1b;[0m root:nafdocument.py:586 file:/C:/Users/lsevereijns/Documents/nafigator/tests/data/example.naf.xml:460:0:ERROR:VALID:DTD_MISSING_ATTRIBUTE: Element dep does not carry attribute to
&#x1b;[1m&#x1b;[31mERROR   &#x1b;[0m root:nafdocument.py:586 file:/C:/Users/lsevereijns/Documents/nafigator/tests/data/example.naf.xml:460:0:ERROR:VALID:DTD_UNKNOWN_ATTRIBUTE: No declaration for attribute from_term of element dep
&#x1b;[1m&#x1b;[31mERROR   &#x1b;[0m root:nafdocument.py:586 file:/C:/Users/lsevereijns/Documents/nafigator/tests/data/example.naf.xml:460:0:ERROR:VALID:DTD_UNKNOWN_ATTRIBUTE: No declaration for attribute to_term of element dep
&#x1b;[1m&#x1b;[31mERROR   &#x1b;[0m root:nafdocument.py:586 file:/C:/Users/lsevereijns/Documents/nafigator/tests/data/example.naf.xml:462:0:ERROR:VALID:DTD_MISSING_ATTRIBUTE: Element dep does not carry attribute from
&#x1b;[1m&#x1b;[31mERROR   &#x1b;[0m root:nafdocument.py:586 file:/C:/Users/lsevereijns/Documents/nafigator/tests/data/example.naf.xml:462:0:ERROR:VALID:DTD_MISSING_ATTRIBUTE: Element dep does not carry attribute to
&#x1b;[1m&#x1b;[31mERROR   &#x1b;[0m root:nafdocument.py:586 file:/C:/Users/lsevereijns/Documents/nafigator/tests/data/example.naf.xml:462:0:ERROR:VALID:DTD_UNKNOWN_ATTRIBUTE: No declaration for attribute from_term of element dep
&#x1b;[1m&#x1b;[31mERROR   &#x1b;[0m root:nafdocument.py:586 file:/C:/Users/lsevereijns/Documents/nafigator/tests/data/example.naf.xml:462:0:ERROR:VALID:DTD_UNKNOWN_ATTRIBUTE: No declaration for attribute to_term of element dep
&#x1b;[1m&#x1b;[31mERROR   &#x1b;[0m root:nafdocument.py:586 file:/C:/Users/lsevereijns/Documents/nafigator/tests/data/example.naf.xml:464:0:ERROR:VALID:DTD_MISSING_ATTRIBUTE: Element dep does not carry attribute from
&#x1b;[1m&#x1b;[31mERROR   &#x1b;[0m root:nafdocument.py:586 file:/C:/Users/lsevereijns/Documents/nafigator/tests/data/example.naf.xml:464:0:ERROR:VALID:DTD_MISSING_ATTRIBUTE: Element dep does not carry attribute to
&#x1b;[1m&#x1b;[31mERROR   &#x1b;[0m root:nafdocument.py:586 file:/C:/Users/lsevereijns/Documents/nafigator/tests/data/example.naf.xml:464:0:ERROR:VALID:DTD_UNKNOWN_ATTRIBUTE: No declaration for attribute from_term of element dep
&#x1b;[1m&#x1b;[31mERROR   &#x1b;[0m root:nafdocument.py:586 file:/C:/Users/lsevereijns/Documents/nafigator/tests/data/example.naf.xml:464:0:ERROR:VALID:DTD_UNKNOWN_ATTRIBUTE: No declaration for attribute to_term of element dep
&#x1b;[1m&#x1b;[31mERROR   &#x1b;[0m root:nafdocument.py:586 file:/C:/Users/lsevereijns/Documents/nafigator/tests/data/example.naf.xml:466:0:ERROR:VALID:DTD_MISSING_ATTRIBUTE: Element dep does not carry attribute from
&#x1b;[1m&#x1b;[31mERROR   &#x1b;[0m root:nafdocument.py:586 file:/C:/Users/lsevereijns/Documents/nafigator/tests/data/example.naf.xml:466:0:ERROR:VALID:DTD_MISSING_ATTRIBUTE: Element dep does not carry attribute to
&#x1b;[1m&#x1b;[31mERROR   &#x1b;[0m root:nafdocument.py:586 file:/C:/Users/lsevereijns/Documents/nafigator/tests/data/example.naf.xml:466:0:ERROR:VALID:DTD_UNKNOWN_ATTRIBUTE: No declaration for attribute from_term of element dep
&#x1b;[1m&#x1b;[31mERROR   &#x1b;[0m root:nafdocument.py:586 file:/C:/Users/lsevereijns/Documents/nafigator/tests/data/example.naf.xml:466:0:ERROR:VALID:DTD_UNKNOWN_ATTRIBUTE: No declaration for attribute to_term of element dep
&#x1b;[1m&#x1b;[31mERROR   &#x1b;[0m root:nafdocument.py:586 file:/C:/Users/lsevereijns/Documents/nafigator/tests/data/example.naf.xml:468:0:ERROR:VALID:DTD_MISSING_ATTRIBUTE: Element dep does not carry attribute from
&#x1b;[1m&#x1b;[31mERROR   &#x1b;[0m root:nafdocument.py:586 file:/C:/Users/lsevereijns/Documents/nafigator/tests/data/example.naf.xml:468:0:ERROR:VALID:DTD_MISSING_ATTRIBUTE: Element dep does not carry attribute to
&#x1b;[1m&#x1b;[31mERROR   &#x1b;[0m root:nafdocument.py:586 file:/C:/Users/lsevereijns/Documents/nafigator/tests/data/example.naf.xml:468:0:ERROR:VALID:DTD_UNKNOWN_ATTRIBUTE: No declaration for attribute from_term of element dep
&#x1b;[1m&#x1b;[31mERROR   &#x1b;[0m root:nafdocument.py:586 file:/C:/Users/lsevereijns/Documents/nafigator/tests/data/example.naf.xml:468:0:ERROR:VALID:DTD_UNKNOWN_ATTRIBUTE: No declaration for attribute to_term of element dep
&#x1b;[1m&#x1b;[31mERROR   &#x1b;[0m root:nafdocument.py:586 file:/C:/Users/lsevereijns/Documents/nafigator/tests/data/example.naf.xml:470:0:ERROR:VALID:DTD_MISSING_ATTRIBUTE: Element dep does not carry attribute from
&#x1b;[1m&#x1b;[31mERROR   &#x1b;[0m root:nafdocument.py:586 file:/C:/Users/lsevereijns/Documents/nafigator/tests/data/example.naf.xml:470:0:ERROR:VALID:DTD_MISSING_ATTRIBUTE: Element dep does not carry attribute to
&#x1b;[1m&#x1b;[31mERROR   &#x1b;[0m root:nafdocument.py:586 file:/C:/Users/lsevereijns/Documents/nafigator/tests/data/example.naf.xml:470:0:ERROR:VALID:DTD_UNKNOWN_ATTRIBUTE: No declaration for attribute from_term of element dep
&#x1b;[1m&#x1b;[31mERROR   &#x1b;[0m root:nafdocument.py:586 file:/C:/Users/lsevereijns/Documents/nafigator/tests/data/example.naf.xml:470:0:ERROR:VALID:DTD_UNKNOWN_ATTRIBUTE: No declaration for attribute to_term of element dep
&#x1b;[1m&#x1b;[31mERROR   &#x1b;[0m root:nafdocument.py:586 file:/C:/Users/lsevereijns/Documents/nafigator/tests/data/example.naf.xml:472:0:ERROR:VALID:DTD_MISSING_ATTRIBUTE: Element dep does not carry attribute from
&#x1b;[1m&#x1b;[31mERROR   &#x1b;[0m root:nafdocument.py:586 file:/C:/Users/lsevereijns/Documents/nafigator/tests/data/example.naf.xml:472:0:ERROR:VALID:DTD_MISSING_ATTRIBUTE: Element dep does not carry attribute to
&#x1b;[1m&#x1b;[31mERROR   &#x1b;[0m root:nafdocument.py:586 file:/C:/Users/lsevereijns/Documents/nafigator/tests/data/example.naf.xml:472:0:ERROR:VALID:DTD_UNKNOWN_ATTRIBUTE: No declaration for attribute from_term of element dep
&#x1b;[1m&#x1b;[31mERROR   &#x1b;[0m root:nafdocument.py:586 file:/C:/Users/lsevereijns/Documents/nafigator/tests/data/example.naf.xml:472:0:ERROR:VALID:DTD_UNKNOWN_ATTRIBUTE: No declaration for attribute to_term of element dep
&#x1b;[1m&#x1b;[31mERROR   &#x1b;[0m root:nafdocument.py:586 file:/C:/Users/lsevereijns/Documents/nafigator/tests/data/example.naf.xml:474:0:ERROR:VALID:DTD_MISSING_ATTRIBUTE: Element dep does not carry attribute from
&#x1b;[1m&#x1b;[31mERROR   &#x1b;[0m root:nafdocument.py:586 file:/C:/Users/lsevereijns/Documents/nafigator/tests/data/example.naf.xml:474:0:ERROR:VALID:DTD_MISSING_ATTRIBUTE: Element dep does not carry attribute to
&#x1b;[1m&#x1b;[31mERROR   &#x1b;[0m root:nafdocument.py:586 file:/C:/Users/lsevereijns/Documents/nafigator/tests/data/example.naf.xml:474:0:ERROR:VALID:DTD_UNKNOWN_ATTRIBUTE: No declaration for attribute from_term of element dep
&#x1b;[1m&#x1b;[31mERROR   &#x1b;[0m root:nafdocument.py:586 file:/C:/Users/lsevereijns/Documents/nafigator/tests/data/example.naf.xml:474:0:ERROR:VALID:DTD_UNKNOWN_ATTRIBUTE: No declaration for attribute to_term of element dep
&#x1b;[1m&#x1b;[31mERROR   &#x1b;[0m root:nafdocument.py:586 file:/C:/Users/lsevereijns/Documents/nafigator/tests/data/example.naf.xml:476:0:ERROR:VALID:DTD_MISSING_ATTRIBUTE: Element dep does not carry attribute from
&#x1b;[1m&#x1b;[31mERROR   &#x1b;[0m root:nafdocument.py:586 file:/C:/Users/lsevereijns/Documents/nafigator/tests/data/example.naf.xml:476:0:ERROR:VALID:DTD_MISSING_ATTRIBUTE: Element dep does not carry attribute to
&#x1b;[1m&#x1b;[31mERROR   &#x1b;[0m root:nafdocument.py:586 file:/C:/Users/lsevereijns/Documents/nafigator/tests/data/example.naf.xml:476:0:ERROR:VALID:DTD_UNKNOWN_ATTRIBUTE: No declaration for attribute from_term of element dep
&#x1b;[1m&#x1b;[31mERROR   &#x1b;[0m root:nafdocument.py:586 file:/C:/Users/lsevereijns/Documents/nafigator/tests/data/example.naf.xml:476:0:ERROR:VALID:DTD_UNKNOWN_ATTRIBUTE: No declaration for attribute to_term of element dep
&#x1b;[1m&#x1b;[31mERROR   &#x1b;[0m root:nafdocument.py:586 file:/C:/Users/lsevereijns/Documents/nafigator/tests/data/example.naf.xml:478:0:ERROR:VALID:DTD_MISSING_ATTRIBUTE: Element dep does not carry attribute from
&#x1b;[1m&#x1b;[31mERROR   &#x1b;[0m root:nafdocument.py:586 file:/C:/Users/lsevereijns/Documents/nafigator/tests/data/example.naf.xml:478:0:ERROR:VALID:DTD_MISSING_ATTRIBUTE: Element dep does not carry attribute to
&#x1b;[1m&#x1b;[31mERROR   &#x1b;[0m root:nafdocument.py:586 file:/C:/Users/lsevereijns/Documents/nafigator/tests/data/example.naf.xml:478:0:ERROR:VALID:DTD_UNKNOWN_ATTRIBUTE: No declaration for attribute from_term of element dep
&#x1b;[1m&#x1b;[31mERROR   &#x1b;[0m root:nafdocument.py:586 file:/C:/Users/lsevereijns/Documents/nafigator/tests/data/example.naf.xml:478:0:ERROR:VALID:DTD_UNKNOWN_ATTRIBUTE: No declaration for attribute to_term of element dep
&#x1b;[1m&#x1b;[31mERROR   &#x1b;[0m root:nafdocument.py:586 file:/C:/Users/lsevereijns/Documents/nafigator/tests/data/example.naf.xml:480:0:ERROR:VALID:DTD_MISSING_ATTRIBUTE: Element dep does not carry attribute from
&#x1b;[1m&#x1b;[31mERROR   &#x1b;[0m root:nafdocument.py:586 file:/C:/Users/lsevereijns/Documents/nafigator/tests/data/example.naf.xml:480:0:ERROR:VALID:DTD_MISSING_ATTRIBUTE: Element dep does not carry attribute to
&#x1b;[1m&#x1b;[31mERROR   &#x1b;[0m root:nafdocument.py:586 file:/C:/Users/lsevereijns/Documents/nafigator/tests/data/example.naf.xml:480:0:ERROR:VALID:DTD_UNKNOWN_ATTRIBUTE: No declaration for attribute from_term of element dep
&#x1b;[1m&#x1b;[31mERROR   &#x1b;[0m root:nafdocument.py:586 file:/C:/Users/lsevereijns/Documents/nafigator/tests/data/example.naf.xml:480:0:ERROR:VALID:DTD_UNKNOWN_ATTRIBUTE: No declaration for attribute to_term of element dep
&#x1b;[1m&#x1b;[31mERROR   &#x1b;[0m root:nafdocument.py:586 file:/C:/Users/lsevereijns/Documents/nafigator/tests/data/example.naf.xml:482:0:ERROR:VALID:DTD_MISSING_ATTRIBUTE: Element dep does not carry attribute from
&#x1b;[1m&#x1b;[31mERROR   &#x1b;[0m root:nafdocument.py:586 file:/C:/Users/lsevereijns/Documents/nafigator/tests/data/example.naf.xml:482:0:ERROR:VALID:DTD_MISSING_ATTRIBUTE: Element dep does not carry attribute to
&#x1b;[1m&#x1b;[31mERROR   &#x1b;[0m root:nafdocument.py:586 file:/C:/Users/lsevereijns/Documents/nafigator/tests/data/example.naf.xml:482:0:ERROR:VALID:DTD_UNKNOWN_ATTRIBUTE: No declaration for attribute from_term of element dep
&#x1b;[1m&#x1b;[31mERROR   &#x1b;[0m root:nafdocument.py:586 file:/C:/Users/lsevereijns/Documents/nafigator/tests/data/example.naf.xml:482:0:ERROR:VALID:DTD_UNKNOWN_ATTRIBUTE: No declaration for attribute to_term of element dep
&#x1b;[1m&#x1b;[31mERROR   &#x1b;[0m root:nafdocument.py:586 file:/C:/Users/lsevereijns/Documents/nafigator/tests/data/example.naf.xml:484:0:ERROR:VALID:DTD_MISSING_ATTRIBUTE: Element dep does not carry attribute from
&#x1b;[1m&#x1b;[31mERROR   &#x1b;[0m root:nafdocument.py:586 file:/C:/Users/lsevereijns/Documents/nafigator/tests/data/example.naf.xml:484:0:ERROR:VALID:DTD_MISSING_ATTRIBUTE: Element dep does not carry attribute to
&#x1b;[1m&#x1b;[31mERROR   &#x1b;[0m root:nafdocument.py:586 file:/C:/Users/lsevereijns/Documents/nafigator/tests/data/example.naf.xml:484:0:ERROR:VALID:DTD_UNKNOWN_ATTRIBUTE: No declaration for attribute from_term of element dep
&#x1b;[1m&#x1b;[31mERROR   &#x1b;[0m root:nafdocument.py:586 file:/C:/Users/lsevereijns/Documents/nafigator/tests/data/example.naf.xml:484:0:ERROR:VALID:DTD_UNKNOWN_ATTRIBUTE: No declaration for attribute to_term of element dep
&#x1b;[1m&#x1b;[31mERROR   &#x1b;[0m root:nafdocument.py:586 file:/C:/Users/lsevereijns/Documents/nafigator/tests/data/example.naf.xml:486:0:ERROR:VALID:DTD_MISSING_ATTRIBUTE: Element dep does not carry attribute from
&#x1b;[1m&#x1b;[31mERROR   &#x1b;[0m root:nafdocument.py:586 file:/C:/Users/lsevereijns/Documents/nafigator/tests/data/example.naf.xml:486:0:ERROR:VALID:DTD_MISSING_ATTRIBUTE: Element dep does not carry attribute to
&#x1b;[1m&#x1b;[31mERROR   &#x1b;[0m root:nafdocument.py:586 file:/C:/Users/lsevereijns/Documents/nafigator/tests/data/example.naf.xml:486:0:ERROR:VALID:DTD_UNKNOWN_ATTRIBUTE: No declaration for attribute from_term of element dep
&#x1b;[1m&#x1b;[31mERROR   &#x1b;[0m root:nafdocument.py:586 file:/C:/Users/lsevereijns/Documents/nafigator/tests/data/example.naf.xml:486:0:ERROR:VALID:DTD_UNKNOWN_ATTRIBUTE: No declaration for attribute to_term of element dep
&#x1b;[1m&#x1b;[31mERROR   &#x1b;[0m root:nafdocument.py:586 file:/C:/Users/lsevereijns/Documents/nafigator/tests/data/example.naf.xml:488:0:ERROR:VALID:DTD_MISSING_ATTRIBUTE: Element dep does not carry attribute from
&#x1b;[1m&#x1b;[31mERROR   &#x1b;[0m root:nafdocument.py:586 file:/C:/Users/lsevereijns/Documents/nafigator/tests/data/example.naf.xml:488:0:ERROR:VALID:DTD_MISSING_ATTRIBUTE: Element dep does not carry attribute to
&#x1b;[1m&#x1b;[31mERROR   &#x1b;[0m root:nafdocument.py:586 file:/C:/Users/lsevereijns/Documents/nafigator/tests/data/example.naf.xml:488:0:ERROR:VALID:DTD_UNKNOWN_ATTRIBUTE: No declaration for attribute from_term of element dep
&#x1b;[1m&#x1b;[31mERROR   &#x1b;[0m root:nafdocument.py:586 file:/C:/Users/lsevereijns/Documents/nafigator/tests/data/example.naf.xml:488:0:ERROR:VALID:DTD_UNKNOWN_ATTRIBUTE: No declaration for attribute to_term of element dep
&#x1b;[1m&#x1b;[31mERROR   &#x1b;[0m root:nafdocument.py:586 file:/C:/Users/lsevereijns/Documents/nafigator/tests/data/example.naf.xml:490:0:ERROR:VALID:DTD_MISSING_ATTRIBUTE: Element dep does not carry attribute from
&#x1b;[1m&#x1b;[31mERROR   &#x1b;[0m root:nafdocument.py:586 file:/C:/Users/lsevereijns/Documents/nafigator/tests/data/example.naf.xml:490:0:ERROR:VALID:DTD_MISSING_ATTRIBUTE: Element dep does not carry attribute to
&#x1b;[1m&#x1b;[31mERROR   &#x1b;[0m root:nafdocument.py:586 file:/C:/Users/lsevereijns/Documents/nafigator/tests/data/example.naf.xml:490:0:ERROR:VALID:DTD_UNKNOWN_ATTRIBUTE: No declaration for attribute from_term of element dep
&#x1b;[1m&#x1b;[31mERROR   &#x1b;[0m root:nafdocument.py:586 file:/C:/Users/lsevereijns/Documents/nafigator/tests/data/example.naf.xml:490:0:ERROR:VALID:DTD_UNKNOWN_ATTRIBUTE: No declaration for attribute to_term of element dep
&#x1b;[1m&#x1b;[31mERROR   &#x1b;[0m root:nafdocument.py:586 file:/C:/Users/lsevereijns/Documents/nafigator/tests/data/example.naf.xml:492:0:ERROR:VALID:DTD_MISSING_ATTRIBUTE: Element dep does not carry attribute from
&#x1b;[1m&#x1b;[31mERROR   &#x1b;[0m root:nafdocument.py:586 file:/C:/Users/lsevereijns/Documents/nafigator/tests/data/example.naf.xml:492:0:ERROR:VALID:DTD_MISSING_ATTRIBUTE: Element dep does not carry attribute to
&#x1b;[1m&#x1b;[31mERROR   &#x1b;[0m root:nafdocument.py:586 file:/C:/Users/lsevereijns/Documents/nafigator/tests/data/example.naf.xml:492:0:ERROR:VALID:DTD_UNKNOWN_ATTRIBUTE: No declaration for attribute from_term of element dep
&#x1b;[1m&#x1b;[31mERROR   &#x1b;[0m root:nafdocument.py:586 file:/C:/Users/lsevereijns/Documents/nafigator/tests/data/example.naf.xml:492:0:ERROR:VALID:DTD_UNKNOWN_ATTRIBUTE: No declaration for attribute to_term of element dep
&#x1b;[1m&#x1b;[31mERROR   &#x1b;[0m root:nafdocument.py:586 file:/C:/Users/lsevereijns/Documents/nafigator/tests/data/example.naf.xml:494:0:ERROR:VALID:DTD_MISSING_ATTRIBUTE: Element dep does not carry attribute from
&#x1b;[1m&#x1b;[31mERROR   &#x1b;[0m root:nafdocument.py:586 file:/C:/Users/lsevereijns/Documents/nafigator/tests/data/example.naf.xml:494:0:ERROR:VALID:DTD_MISSING_ATTRIBUTE: Element dep does not carry attribute to
&#x1b;[1m&#x1b;[31mERROR   &#x1b;[0m root:nafdocument.py:586 file:/C:/Users/lsevereijns/Documents/nafigator/tests/data/example.naf.xml:494:0:ERROR:VALID:DTD_UNKNOWN_ATTRIBUTE: No declaration for attribute from_term of element dep
&#x1b;[1m&#x1b;[31mERROR   &#x1b;[0m root:nafdocument.py:586 file:/C:/Users/lsevereijns/Documents/nafigator/tests/data/example.naf.xml:494:0:ERROR:VALID:DTD_UNKNOWN_ATTRIBUTE: No declaration for attribute to_term of element dep
&#x1b;[1m&#x1b;[31mERROR   &#x1b;[0m root:nafdocument.py:586 file:/C:/Users/lsevereijns/Documents/nafigator/tests/data/example.naf.xml:496:0:ERROR:VALID:DTD_MISSING_ATTRIBUTE: Element dep does not carry attribute from
&#x1b;[1m&#x1b;[31mERROR   &#x1b;[0m root:nafdocument.py:586 file:/C:/Users/lsevereijns/Documents/nafigator/tests/data/example.naf.xml:496:0:ERROR:VALID:DTD_MISSING_ATTRIBUTE: Element dep does not carry attribute to
&#x1b;[1m&#x1b;[31mERROR   &#x1b;[0m root:nafdocument.py:586 file:/C:/Users/lsevereijns/Documents/nafigator/tests/data/example.naf.xml:496:0:ERROR:VALID:DTD_UNKNOWN_ATTRIBUTE: No declaration for attribute from_term of element dep
&#x1b;[1m&#x1b;[31mERROR   &#x1b;[0m root:nafdocument.py:586 file:/C:/Users/lsevereijns/Documents/nafigator/tests/data/example.naf.xml:496:0:ERROR:VALID:DTD_UNKNOWN_ATTRIBUTE: No declaration for attribute to_term of element dep
&#x1b;[1m&#x1b;[31mERROR   &#x1b;[0m root:nafdocument.py:586 file:/C:/Users/lsevereijns/Documents/nafigator/tests/data/example.naf.xml:498:0:ERROR:VALID:DTD_MISSING_ATTRIBUTE: Element dep does not carry attribute from
&#x1b;[1m&#x1b;[31mERROR   &#x1b;[0m root:nafdocument.py:586 file:/C:/Users/lsevereijns/Documents/nafigator/tests/data/example.naf.xml:498:0:ERROR:VALID:DTD_MISSING_ATTRIBUTE: Element dep does not carry attribute to
&#x1b;[1m&#x1b;[31mERROR   &#x1b;[0m root:nafdocument.py:586 file:/C:/Users/lsevereijns/Documents/nafigator/tests/data/example.naf.xml:498:0:ERROR:VALID:DTD_UNKNOWN_ATTRIBUTE: No declaration for attribute from_term of element dep
&#x1b;[1m&#x1b;[31mERROR   &#x1b;[0m root:nafdocument.py:586 file:/C:/Users/lsevereijns/Documents/nafigator/tests/data/example.naf.xml:498:0:ERROR:VALID:DTD_UNKNOWN_ATTRIBUTE: No declaration for attribute to_term of element dep
&#x1b;[1m&#x1b;[31mERROR   &#x1b;[0m root:nafdocument.py:586 file:/C:/Users/lsevereijns/Documents/nafigator/tests/data/example.naf.xml:500:0:ERROR:VALID:DTD_MISSING_ATTRIBUTE: Element dep does not carry attribute from
&#x1b;[1m&#x1b;[31mERROR   &#x1b;[0m root:nafdocument.py:586 file:/C:/Users/lsevereijns/Documents/nafigator/tests/data/example.naf.xml:500:0:ERROR:VALID:DTD_MISSING_ATTRIBUTE: Element dep does not carry attribute to
&#x1b;[1m&#x1b;[31mERROR   &#x1b;[0m root:nafdocument.py:586 file:/C:/Users/lsevereijns/Documents/nafigator/tests/data/example.naf.xml:500:0:ERROR:VALID:DTD_UNKNOWN_ATTRIBUTE: No declaration for attribute from_term of element dep
&#x1b;[1m&#x1b;[31mERROR   &#x1b;[0m root:nafdocument.py:586 file:/C:/Users/lsevereijns/Documents/nafigator/tests/data/example.naf.xml:500:0:ERROR:VALID:DTD_UNKNOWN_ATTRIBUTE: No declaration for attribute to_term of element dep
&#x1b;[1m&#x1b;[31mERROR   &#x1b;[0m root:nafdocument.py:586 file:/C:/Users/lsevereijns/Documents/nafigator/tests/data/example.naf.xml:502:0:ERROR:VALID:DTD_MISSING_ATTRIBUTE: Element dep does not carry attribute from
&#x1b;[1m&#x1b;[31mERROR   &#x1b;[0m root:nafdocument.py:586 file:/C:/Users/lsevereijns/Documents/nafigator/tests/data/example.naf.xml:502:0:ERROR:VALID:DTD_MISSING_ATTRIBUTE: Element dep does not carry attribute to
&#x1b;[1m&#x1b;[31mERROR   &#x1b;[0m root:nafdocument.py:586 file:/C:/Users/lsevereijns/Documents/nafigator/tests/data/example.naf.xml:502:0:ERROR:VALID:DTD_UNKNOWN_ATTRIBUTE: No declaration for attribute from_term of element dep
&#x1b;[1m&#x1b;[31mERROR   &#x1b;[0m root:nafdocument.py:586 file:/C:/Users/lsevereijns/Documents/nafigator/tests/data/example.naf.xml:502:0:ERROR:VALID:DTD_UNKNOWN_ATTRIBUTE: No declaration for attribute to_term of element dep
&#x1b;[1m&#x1b;[31mERROR   &#x1b;[0m root:nafdocument.py:586 file:/C:/Users/lsevereijns/Documents/nafigator/tests/data/example.naf.xml:504:0:ERROR:VALID:DTD_MISSING_ATTRIBUTE: Element dep does not carry attribute from
&#x1b;[1m&#x1b;[31mERROR   &#x1b;[0m root:nafdocument.py:586 file:/C:/Users/lsevereijns/Documents/nafigator/tests/data/example.naf.xml:504:0:ERROR:VALID:DTD_MISSING_ATTRIBUTE: Element dep does not carry attribute to
&#x1b;[1m&#x1b;[31mERROR   &#x1b;[0m root:nafdocument.py:586 file:/C:/Users/lsevereijns/Documents/nafigator/tests/data/example.naf.xml:504:0:ERROR:VALID:DTD_UNKNOWN_ATTRIBUTE: No declaration for attribute from_term of element dep
&#x1b;[1m&#x1b;[31mERROR   &#x1b;[0m root:nafdocument.py:586 file:/C:/Users/lsevereijns/Documents/nafigator/tests/data/example.naf.xml:504:0:ERROR:VALID:DTD_UNKNOWN_ATTRIBUTE: No declaration for attribute to_term of element dep
&#x1b;[1m&#x1b;[31mERROR   &#x1b;[0m root:nafdocument.py:586 file:/C:/Users/lsevereijns/Documents/nafigator/tests/data/example.naf.xml:506:0:ERROR:VALID:DTD_MISSING_ATTRIBUTE: Element dep does not carry attribute from
&#x1b;[1m&#x1b;[31mERROR   &#x1b;[0m root:nafdocument.py:586 file:/C:/Users/lsevereijns/Documents/nafigator/tests/data/example.naf.xml:506:0:ERROR:VALID:DTD_MISSING_ATTRIBUTE: Element dep does not carry attribute to
&#x1b;[1m&#x1b;[31mERROR   &#x1b;[0m root:nafdocument.py:586 file:/C:/Users/lsevereijns/Documents/nafigator/tests/data/example.naf.xml:506:0:ERROR:VALID:DTD_UNKNOWN_ATTRIBUTE: No declaration for attribute from_term of element dep
&#x1b;[1m&#x1b;[31mERROR   &#x1b;[0m root:nafdocument.py:586 file:/C:/Users/lsevereijns/Documents/nafigator/tests/data/example.naf.xml:506:0:ERROR:VALID:DTD_UNKNOWN_ATTRIBUTE: No declaration for attribute to_term of element dep
&#x1b;[1m&#x1b;[31mERROR   &#x1b;[0m root:nafdocument.py:586 file:/C:/Users/lsevereijns/Documents/nafigator/tests/data/example.naf.xml:508:0:ERROR:VALID:DTD_MISSING_ATTRIBUTE: Element dep does not carry attribute from
&#x1b;[1m&#x1b;[31mERROR   &#x1b;[0m root:nafdocument.py:586 file:/C:/Users/lsevereijns/Documents/nafigator/tests/data/example.naf.xml:508:0:ERROR:VALID:DTD_MISSING_ATTRIBUTE: Element dep does not carry attribute to
&#x1b;[1m&#x1b;[31mERROR   &#x1b;[0m root:nafdocument.py:586 file:/C:/Users/lsevereijns/Documents/nafigator/tests/data/example.naf.xml:508:0:ERROR:VALID:DTD_UNKNOWN_ATTRIBUTE: No declaration for attribute from_term of element dep
&#x1b;[1m&#x1b;[31mERROR   &#x1b;[0m root:nafdocument.py:586 file:/C:/Users/lsevereijns/Documents/nafigator/tests/data/example.naf.xml:508:0:ERROR:VALID:DTD_UNKNOWN_ATTRIBUTE: No declaration for attribute to_term of element dep
&#x1b;[1m&#x1b;[31mERROR   &#x1b;[0m root:nafdocument.py:586 file:/C:/Users/lsevereijns/Documents/nafigator/tests/data/example.naf.xml:510:0:ERROR:VALID:DTD_MISSING_ATTRIBUTE: Element dep does not carry attribute from
&#x1b;[1m&#x1b;[31mERROR   &#x1b;[0m root:nafdocument.py:586 file:/C:/Users/lsevereijns/Documents/nafigator/tests/data/example.naf.xml:510:0:ERROR:VALID:DTD_MISSING_ATTRIBUTE: Element dep does not carry attribute to
&#x1b;[1m&#x1b;[31mERROR   &#x1b;[0m root:nafdocument.py:586 file:/C:/Users/lsevereijns/Documents/nafigator/tests/data/example.naf.xml:510:0:ERROR:VALID:DTD_UNKNOWN_ATTRIBUTE: No declaration for attribute from_term of element dep
&#x1b;[1m&#x1b;[31mERROR   &#x1b;[0m root:nafdocument.py:586 file:/C:/Users/lsevereijns/Documents/nafigator/tests/data/example.naf.xml:510:0:ERROR:VALID:DTD_UNKNOWN_ATTRIBUTE: No declaration for attribute to_term of element dep
&#x1b;[1m&#x1b;[31mERROR   &#x1b;[0m root:nafdocument.py:586 file:/C:/Users/lsevereijns/Documents/nafigator/tests/data/example.naf.xml:512:0:ERROR:VALID:DTD_MISSING_ATTRIBUTE: Element dep does not carry attribute from
&#x1b;[1m&#x1b;[31mERROR   &#x1b;[0m root:nafdocument.py:586 file:/C:/Users/lsevereijns/Documents/nafigator/tests/data/example.naf.xml:512:0:ERROR:VALID:DTD_MISSING_ATTRIBUTE: Element dep does not carry attribute to
&#x1b;[1m&#x1b;[31mERROR   &#x1b;[0m root:nafdocument.py:586 file:/C:/Users/lsevereijns/Documents/nafigator/tests/data/example.naf.xml:512:0:ERROR:VALID:DTD_UNKNOWN_ATTRIBUTE: No declaration for attribute from_term of element dep
&#x1b;[1m&#x1b;[31mERROR   &#x1b;[0m root:nafdocument.py:586 file:/C:/Users/lsevereijns/Documents/nafigator/tests/data/example.naf.xml:512:0:ERROR:VALID:DTD_UNKNOWN_ATTRIBUTE: No declaration for attribute to_term of element dep]]></message></reason><output><![CDATA[&#x1b;[1m&#x1b;[31mERROR   &#x1b;[0m root:nafdocument.py:584 DTD error log:
&#x1b;[1m&#x1b;[31mERROR   &#x1b;[0m root:nafdocument.py:586 file:/C:/Users/lsevereijns/Documents/nafigator/tests/data/example.naf.xml:2:0:ERROR:VALID:DTD_CONTENT_MODEL: Element NAF content does not follow the DTD, expecting (nafHeader | raw | topics | text | terms | multiwords | deps | chunks | entities | coreferences | constituency | srl | opinions | timeExpressions | factualitylayer | tunits | locations | dates | temporalRelations | causalRelations | markables | attribution | factualities)*, got (nafHeader formats entities text terms deps multiwords raw )
&#x1b;[1m&#x1b;[31mERROR   &#x1b;[0m root:nafdocument.py:586 file:/C:/Users/lsevereijns/Documents/nafigator/tests/data/example.naf.xml:2:0:ERROR:VALID:DTD_UNKNOWN_ATTRIBUTE: No declaration for attribute xmlns:dc of element NAF
&#x1b;[1m&#x1b;[31mERROR   &#x1b;[0m root:nafdocument.py:586 file:/C:/Users/lsevereijns/Documents/nafigator/tests/data/example.naf.xml:5:0:ERROR:VALID:DTD_UNKNOWN_ATTRIBUTE: No declaration for attribute uri of element public
&#x1b;[1m&#x1b;[31mERROR   &#x1b;[0m root:nafdocument.py:586 file:/C:/Users/lsevereijns/Documents/nafigator/tests/data/example.naf.xml:5:0:ERROR:VALID:DTD_UNKNOWN_ATTRIBUTE: No declaration for attribute format of element public
&#x1b;[1m&#x1b;[31mERROR   &#x1b;[0m root:nafdocument.py:586 file:/C:/Users/lsevereijns/Documents/nafigator/tests/data/example.naf.xml:13:0:ERROR:VALID:DTD_UNKNOWN_ATTRIBUTE: No declaration for attribute model of element lp
&#x1b;[1m&#x1b;[31mERROR   &#x1b;[0m root:nafdocument.py:586 file:/C:/Users/lsevereijns/Documents/nafigator/tests/data/example.naf.xml:16:0:ERROR:VALID:DTD_UNKNOWN_ATTRIBUTE: No declaration for attribute model of element lp
&#x1b;[1m&#x1b;[31mERROR   &#x1b;[0m root:nafdocument.py:586 file:/C:/Users/lsevereijns/Documents/nafigator/tests/data/example.naf.xml:19:0:ERROR:VALID:DTD_UNKNOWN_ATTRIBUTE: No declaration for attribute model of element lp
&#x1b;[1m&#x1b;[31mERROR   &#x1b;[0m root:nafdocument.py:586 file:/C:/Users/lsevereijns/Documents/nafigator/tests/data/example.naf.xml:22:0:ERROR:VALID:DTD_UNKNOWN_ATTRIBUTE: No declaration for attribute model of element lp
&#x1b;[1m&#x1b;[31mERROR   &#x1b;[0m root:nafdocument.py:586 file:/C:/Users/lsevereijns/Documents/nafigator/tests/data/example.naf.xml:25:0:ERROR:VALID:DTD_UNKNOWN_ATTRIBUTE: No declaration for attribute model of element lp
&#x1b;[1m&#x1b;[31mERROR   &#x1b;[0m root:nafdocument.py:586 file:/C:/Users/lsevereijns/Documents/nafigator/tests/data/example.naf.xml:28:0:ERROR:VALID:DTD_UNKNOWN_ELEM: No declaration for element formats
&#x1b;[1m&#x1b;[31mERROR   &#x1b;[0m root:nafdocument.py:586 file:/C:/Users/lsevereijns/Documents/nafigator/tests/data/example.naf.xml:29:0:ERROR:VALID:DTD_UNKNOWN_ELEM: No declaration for element page
&#x1b;[1m&#x1b;[31mERROR   &#x1b;[0m root:nafdocument.py:586 file:/C:/Users/lsevereijns/Documents/nafigator/tests/data/example.naf.xml:29:0:ERROR:VALID:DTD_UNKNOWN_ATTRIBUTE: No declaration for attribute length of element page
&#x1b;[1m&#x1b;[31mERROR   &#x1b;[0m root:nafdocument.py:586 file:/C:/Users/lsevereijns/Documents/nafigator/tests/data/example.naf.xml:29:0:ERROR:VALID:DTD_UNKNOWN_ATTRIBUTE: No declaration for attribute offset of element page
&#x1b;[1m&#x1b;[31mERROR   &#x1b;[0m root:nafdocument.py:586 file:/C:/Users/lsevereijns/Documents/nafigator/tests/data/example.naf.xml:30:0:ERROR:VALID:DTD_UNKNOWN_ELEM: No declaration for element textbox
&#x1b;[1m&#x1b;[31mERROR   &#x1b;[0m root:nafdocument.py:586 file:/C:/Users/lsevereijns/Documents/nafigator/tests/data/example.naf.xml:31:0:ERROR:VALID:DTD_UNKNOWN_ELEM: No declaration for element textline
&#x1b;[1m&#x1b;[31mERROR   &#x1b;[0m root:nafdocument.py:586 file:/C:/Users/lsevereijns/Documents/nafigator/tests/data/example.naf.xml:32:0:ERROR:VALID:DTD_CONTENT_MODEL: Element text content does not follow the DTD, expecting (wf)+, got (CDATA)
&#x1b;[1m&#x1b;[31mERROR   &#x1b;[0m root:nafdocument.py:586 file:/C:/Users/lsevereijns/Documents/nafigator/tests/data/example.naf.xml:32:0:ERROR:VALID:DTD_UNKNOWN_ATTRIBUTE: No declaration for attribute font of element text
&#x1b;[1m&#x1b;[31mERROR   &#x1b;[0m root:nafdocument.py:586 file:/C:/Users/lsevereijns/Documents/nafigator/tests/data/example.naf.xml:32:0:ERROR:VALID:DTD_UNKNOWN_ATTRIBUTE: No declaration for attribute size of element text
&#x1b;[1m&#x1b;[31mERROR   &#x1b;[0m root:nafdocument.py:586 file:/C:/Users/lsevereijns/Documents/nafigator/tests/data/example.naf.xml:32:0:ERROR:VALID:DTD_UNKNOWN_ATTRIBUTE: No declaration for attribute length of element text
&#x1b;[1m&#x1b;[31mERROR   &#x1b;[0m root:nafdocument.py:586 file:/C:/Users/lsevereijns/Documents/nafigator/tests/data/example.naf.xml:32:0:ERROR:VALID:DTD_UNKNOWN_ATTRIBUTE: No declaration for attribute offset of element text
&#x1b;[1m&#x1b;[31mERROR   &#x1b;[0m root:nafdocument.py:586 file:/C:/Users/lsevereijns/Documents/nafigator/tests/data/example.naf.xml:34:0:ERROR:VALID:DTD_UNKNOWN_ELEM: No declaration for element textline
&#x1b;[1m&#x1b;[31mERROR   &#x1b;[0m root:nafdocument.py:586 file:/C:/Users/lsevereijns/Documents/nafigator/tests/data/example.naf.xml:35:0:ERROR:VALID:DTD_CONTENT_MODEL: Element text content does not follow the DTD, expecting (wf)+, got (CDATA)
&#x1b;[1m&#x1b;[31mERROR   &#x1b;[0m root:nafdocument.py:586 file:/C:/Users/lsevereijns/Documents/nafigator/tests/data/example.naf.xml:35:0:ERROR:VALID:DTD_UNKNOWN_ATTRIBUTE: No declaration for attribute font of element text
&#x1b;[1m&#x1b;[31mERROR   &#x1b;[0m root:nafdocument.py:586 file:/C:/Users/lsevereijns/Documents/nafigator/tests/data/example.naf.xml:35:0:ERROR:VALID:DTD_UNKNOWN_ATTRIBUTE: No declaration for attribute size of element text
&#x1b;[1m&#x1b;[31mERROR   &#x1b;[0m root:nafdocument.py:586 file:/C:/Users/lsevereijns/Documents/nafigator/tests/data/example.naf.xml:35:0:ERROR:VALID:DTD_UNKNOWN_ATTRIBUTE: No declaration for attribute length of element text
&#x1b;[1m&#x1b;[31mERROR   &#x1b;[0m root:nafdocument.py:586 file:/C:/Users/lsevereijns/Documents/nafigator/tests/data/example.naf.xml:35:0:ERROR:VALID:DTD_UNKNOWN_ATTRIBUTE: No declaration for attribute offset of element text
&#x1b;[1m&#x1b;[31mERROR   &#x1b;[0m root:nafdocument.py:586 file:/C:/Users/lsevereijns/Documents/nafigator/tests/data/example.naf.xml:38:0:ERROR:VALID:DTD_UNKNOWN_ELEM: No declaration for element textbox
&#x1b;[1m&#x1b;[31mERROR   &#x1b;[0m root:nafdocument.py:586 file:/C:/Users/lsevereijns/Documents/nafigator/tests/data/example.naf.xml:39:0:ERROR:VALID:DTD_UNKNOWN_ELEM: No declaration for element textline
&#x1b;[1m&#x1b;[31mERROR   &#x1b;[0m root:nafdocument.py:586 file:/C:/Users/lsevereijns/Documents/nafigator/tests/data/example.naf.xml:40:0:ERROR:VALID:DTD_CONTENT_MODEL: Element text content does not follow the DTD, expecting (wf)+, got (CDATA)
&#x1b;[1m&#x1b;[31mERROR   &#x1b;[0m root:nafdocument.py:586 file:/C:/Users/lsevereijns/Documents/nafigator/tests/data/example.naf.xml:40:0:ERROR:VALID:DTD_UNKNOWN_ATTRIBUTE: No declaration for attribute font of element text
&#x1b;[1m&#x1b;[31mERROR   &#x1b;[0m root:nafdocument.py:586 file:/C:/Users/lsevereijns/Documents/nafigator/tests/data/example.naf.xml:40:0:ERROR:VALID:DTD_UNKNOWN_ATTRIBUTE: No declaration for attribute size of element text
&#x1b;[1m&#x1b;[31mERROR   &#x1b;[0m root:nafdocument.py:586 file:/C:/Users/lsevereijns/Documents/nafigator/tests/data/example.naf.xml:40:0:ERROR:VALID:DTD_UNKNOWN_ATTRIBUTE: No declaration for attribute length of element text
&#x1b;[1m&#x1b;[31mERROR   &#x1b;[0m root:nafdocument.py:586 file:/C:/Users/lsevereijns/Documents/nafigator/tests/data/example.naf.xml:40:0:ERROR:VALID:DTD_UNKNOWN_ATTRIBUTE: No declaration for attribute offset of element text
&#x1b;[1m&#x1b;[31mERROR   &#x1b;[0m root:nafdocument.py:586 file:/C:/Users/lsevereijns/Documents/nafigator/tests/data/example.naf.xml:42:0:ERROR:VALID:DTD_UNKNOWN_ELEM: No declaration for element textline
&#x1b;[1m&#x1b;[31mERROR   &#x1b;[0m root:nafdocument.py:586 file:/C:/Users/lsevereijns/Documents/nafigator/tests/data/example.naf.xml:43:0:ERROR:VALID:DTD_CONTENT_MODEL: Element text content does not follow the DTD, expecting (wf)+, got (CDATA)
&#x1b;[1m&#x1b;[31mERROR   &#x1b;[0m root:nafdocument.py:586 file:/C:/Users/lsevereijns/Documents/nafigator/tests/data/example.naf.xml:43:0:ERROR:VALID:DTD_UNKNOWN_ATTRIBUTE: No declaration for attribute font of element text
&#x1b;[1m&#x1b;[31mERROR   &#x1b;[0m root:nafdocument.py:586 file:/C:/Users/lsevereijns/Documents/nafigator/tests/data/example.naf.xml:43:0:ERROR:VALID:DTD_UNKNOWN_ATTRIBUTE: No declaration for attribute size of element text
&#x1b;[1m&#x1b;[31mERROR   &#x1b;[0m root:nafdocument.py:586 file:/C:/Users/lsevereijns/Documents/nafigator/tests/data/example.naf.xml:43:0:ERROR:VALID:DTD_UNKNOWN_ATTRIBUTE: No declaration for attribute length of element text
&#x1b;[1m&#x1b;[31mERROR   &#x1b;[0m root:nafdocument.py:586 file:/C:/Users/lsevereijns/Documents/nafigator/tests/data/example.naf.xml:43:0:ERROR:VALID:DTD_UNKNOWN_ATTRIBUTE: No declaration for attribute offset of element text
&#x1b;[1m&#x1b;[31mERROR   &#x1b;[0m root:nafdocument.py:586 file:/C:/Users/lsevereijns/Documents/nafigator/tests/data/example.naf.xml:418:0:ERROR:VALID:DTD_MISSING_ATTRIBUTE: Element dep does not carry attribute from
&#x1b;[1m&#x1b;[31mERROR   &#x1b;[0m root:nafdocument.py:586 file:/C:/Users/lsevereijns/Documents/nafigator/tests/data/example.naf.xml:418:0:ERROR:VALID:DTD_MISSING_ATTRIBUTE: Element dep does not carry attribute to
&#x1b;[1m&#x1b;[31mERROR   &#x1b;[0m root:nafdocument.py:586 file:/C:/Users/lsevereijns/Documents/nafigator/tests/data/example.naf.xml:418:0:ERROR:VALID:DTD_UNKNOWN_ATTRIBUTE: No declaration for attribute from_term of element dep
&#x1b;[1m&#x1b;[31mERROR   &#x1b;[0m root:nafdocument.py:586 file:/C:/Users/lsevereijns/Documents/nafigator/tests/data/example.naf.xml:418:0:ERROR:VALID:DTD_UNKNOWN_ATTRIBUTE: No declaration for attribute to_term of element dep
&#x1b;[1m&#x1b;[31mERROR   &#x1b;[0m root:nafdocument.py:586 file:/C:/Users/lsevereijns/Documents/nafigator/tests/data/example.naf.xml:420:0:ERROR:VALID:DTD_MISSING_ATTRIBUTE: Element dep does not carry attribute from
&#x1b;[1m&#x1b;[31mERROR   &#x1b;[0m root:nafdocument.py:586 file:/C:/Users/lsevereijns/Documents/nafigator/tests/data/example.naf.xml:420:0:ERROR:VALID:DTD_MISSING_ATTRIBUTE: Element dep does not carry attribute to
&#x1b;[1m&#x1b;[31mERROR   &#x1b;[0m root:nafdocument.py:586 file:/C:/Users/lsevereijns/Documents/nafigator/tests/data/example.naf.xml:420:0:ERROR:VALID:DTD_UNKNOWN_ATTRIBUTE: No declaration for attribute from_term of element dep
&#x1b;[1m&#x1b;[31mERROR   &#x1b;[0m root:nafdocument.py:586 file:/C:/Users/lsevereijns/Documents/nafigator/tests/data/example.naf.xml:420:0:ERROR:VALID:DTD_UNKNOWN_ATTRIBUTE: No declaration for attribute to_term of element dep
&#x1b;[1m&#x1b;[31mERROR   &#x1b;[0m root:nafdocument.py:586 file:/C:/Users/lsevereijns/Documents/nafigator/tests/data/example.naf.xml:422:0:ERROR:VALID:DTD_MISSING_ATTRIBUTE: Element dep does not carry attribute from
&#x1b;[1m&#x1b;[31mERROR   &#x1b;[0m root:nafdocument.py:586 file:/C:/Users/lsevereijns/Documents/nafigator/tests/data/example.naf.xml:422:0:ERROR:VALID:DTD_MISSING_ATTRIBUTE: Element dep does not carry attribute to
&#x1b;[1m&#x1b;[31mERROR   &#x1b;[0m root:nafdocument.py:586 file:/C:/Users/lsevereijns/Documents/nafigator/tests/data/example.naf.xml:422:0:ERROR:VALID:DTD_UNKNOWN_ATTRIBUTE: No declaration for attribute from_term of element dep
&#x1b;[1m&#x1b;[31mERROR   &#x1b;[0m root:nafdocument.py:586 file:/C:/Users/lsevereijns/Documents/nafigator/tests/data/example.naf.xml:422:0:ERROR:VALID:DTD_UNKNOWN_ATTRIBUTE: No declaration for attribute to_term of element dep
&#x1b;[1m&#x1b;[31mERROR   &#x1b;[0m root:nafdocument.py:586 file:/C:/Users/lsevereijns/Documents/nafigator/tests/data/example.naf.xml:424:0:ERROR:VALID:DTD_MISSING_ATTRIBUTE: Element dep does not carry attribute from
&#x1b;[1m&#x1b;[31mERROR   &#x1b;[0m root:nafdocument.py:586 file:/C:/Users/lsevereijns/Documents/nafigator/tests/data/example.naf.xml:424:0:ERROR:VALID:DTD_MISSING_ATTRIBUTE: Element dep does not carry attribute to
&#x1b;[1m&#x1b;[31mERROR   &#x1b;[0m root:nafdocument.py:586 file:/C:/Users/lsevereijns/Documents/nafigator/tests/data/example.naf.xml:424:0:ERROR:VALID:DTD_UNKNOWN_ATTRIBUTE: No declaration for attribute from_term of element dep
&#x1b;[1m&#x1b;[31mERROR   &#x1b;[0m root:nafdocument.py:586 file:/C:/Users/lsevereijns/Documents/nafigator/tests/data/example.naf.xml:424:0:ERROR:VALID:DTD_UNKNOWN_ATTRIBUTE: No declaration for attribute to_term of element dep
&#x1b;[1m&#x1b;[31mERROR   &#x1b;[0m root:nafdocument.py:586 file:/C:/Users/lsevereijns/Documents/nafigator/tests/data/example.naf.xml:426:0:ERROR:VALID:DTD_MISSING_ATTRIBUTE: Element dep does not carry attribute from
&#x1b;[1m&#x1b;[31mERROR   &#x1b;[0m root:nafdocument.py:586 file:/C:/Users/lsevereijns/Documents/nafigator/tests/data/example.naf.xml:426:0:ERROR:VALID:DTD_MISSING_ATTRIBUTE: Element dep does not carry attribute to
&#x1b;[1m&#x1b;[31mERROR   &#x1b;[0m root:nafdocument.py:586 file:/C:/Users/lsevereijns/Documents/nafigator/tests/data/example.naf.xml:426:0:ERROR:VALID:DTD_UNKNOWN_ATTRIBUTE: No declaration for attribute from_term of element dep
&#x1b;[1m&#x1b;[31mERROR   &#x1b;[0m root:nafdocument.py:586 file:/C:/Users/lsevereijns/Documents/nafigator/tests/data/example.naf.xml:426:0:ERROR:VALID:DTD_UNKNOWN_ATTRIBUTE: No declaration for attribute to_term of element dep
&#x1b;[1m&#x1b;[31mERROR   &#x1b;[0m root:nafdocument.py:586 file:/C:/Users/lsevereijns/Documents/nafigator/tests/data/example.naf.xml:428:0:ERROR:VALID:DTD_MISSING_ATTRIBUTE: Element dep does not carry attribute from
&#x1b;[1m&#x1b;[31mERROR   &#x1b;[0m root:nafdocument.py:586 file:/C:/Users/lsevereijns/Documents/nafigator/tests/data/example.naf.xml:428:0:ERROR:VALID:DTD_MISSING_ATTRIBUTE: Element dep does not carry attribute to
&#x1b;[1m&#x1b;[31mERROR   &#x1b;[0m root:nafdocument.py:586 file:/C:/Users/lsevereijns/Documents/nafigator/tests/data/example.naf.xml:428:0:ERROR:VALID:DTD_UNKNOWN_ATTRIBUTE: No declaration for attribute from_term of element dep
&#x1b;[1m&#x1b;[31mERROR   &#x1b;[0m root:nafdocument.py:586 file:/C:/Users/lsevereijns/Documents/nafigator/tests/data/example.naf.xml:428:0:ERROR:VALID:DTD_UNKNOWN_ATTRIBUTE: No declaration for attribute to_term of element dep
&#x1b;[1m&#x1b;[31mERROR   &#x1b;[0m root:nafdocument.py:586 file:/C:/Users/lsevereijns/Documents/nafigator/tests/data/example.naf.xml:430:0:ERROR:VALID:DTD_MISSING_ATTRIBUTE: Element dep does not carry attribute from
&#x1b;[1m&#x1b;[31mERROR   &#x1b;[0m root:nafdocument.py:586 file:/C:/Users/lsevereijns/Documents/nafigator/tests/data/example.naf.xml:430:0:ERROR:VALID:DTD_MISSING_ATTRIBUTE: Element dep does not carry attribute to
&#x1b;[1m&#x1b;[31mERROR   &#x1b;[0m root:nafdocument.py:586 file:/C:/Users/lsevereijns/Documents/nafigator/tests/data/example.naf.xml:430:0:ERROR:VALID:DTD_UNKNOWN_ATTRIBUTE: No declaration for attribute from_term of element dep
&#x1b;[1m&#x1b;[31mERROR   &#x1b;[0m root:nafdocument.py:586 file:/C:/Users/lsevereijns/Documents/nafigator/tests/data/example.naf.xml:430:0:ERROR:VALID:DTD_UNKNOWN_ATTRIBUTE: No declaration for attribute to_term of element dep
&#x1b;[1m&#x1b;[31mERROR   &#x1b;[0m root:nafdocument.py:586 file:/C:/Users/lsevereijns/Documents/nafigator/tests/data/example.naf.xml:432:0:ERROR:VALID:DTD_MISSING_ATTRIBUTE: Element dep does not carry attribute from
&#x1b;[1m&#x1b;[31mERROR   &#x1b;[0m root:nafdocument.py:586 file:/C:/Users/lsevereijns/Documents/nafigator/tests/data/example.naf.xml:432:0:ERROR:VALID:DTD_MISSING_ATTRIBUTE: Element dep does not carry attribute to
&#x1b;[1m&#x1b;[31mERROR   &#x1b;[0m root:nafdocument.py:586 file:/C:/Users/lsevereijns/Documents/nafigator/tests/data/example.naf.xml:432:0:ERROR:VALID:DTD_UNKNOWN_ATTRIBUTE: No declaration for attribute from_term of element dep
&#x1b;[1m&#x1b;[31mERROR   &#x1b;[0m root:nafdocument.py:586 file:/C:/Users/lsevereijns/Documents/nafigator/tests/data/example.naf.xml:432:0:ERROR:VALID:DTD_UNKNOWN_ATTRIBUTE: No declaration for attribute to_term of element dep
&#x1b;[1m&#x1b;[31mERROR   &#x1b;[0m root:nafdocument.py:586 file:/C:/Users/lsevereijns/Documents/nafigator/tests/data/example.naf.xml:434:0:ERROR:VALID:DTD_MISSING_ATTRIBUTE: Element dep does not carry attribute from
&#x1b;[1m&#x1b;[31mERROR   &#x1b;[0m root:nafdocument.py:586 file:/C:/Users/lsevereijns/Documents/nafigator/tests/data/example.naf.xml:434:0:ERROR:VALID:DTD_MISSING_ATTRIBUTE: Element dep does not carry attribute to
&#x1b;[1m&#x1b;[31mERROR   &#x1b;[0m root:nafdocument.py:586 file:/C:/Users/lsevereijns/Documents/nafigator/tests/data/example.naf.xml:434:0:ERROR:VALID:DTD_UNKNOWN_ATTRIBUTE: No declaration for attribute from_term of element dep
&#x1b;[1m&#x1b;[31mERROR   &#x1b;[0m root:nafdocument.py:586 file:/C:/Users/lsevereijns/Documents/nafigator/tests/data/example.naf.xml:434:0:ERROR:VALID:DTD_UNKNOWN_ATTRIBUTE: No declaration for attribute to_term of element dep
&#x1b;[1m&#x1b;[31mERROR   &#x1b;[0m root:nafdocument.py:586 file:/C:/Users/lsevereijns/Documents/nafigator/tests/data/example.naf.xml:436:0:ERROR:VALID:DTD_MISSING_ATTRIBUTE: Element dep does not carry attribute from
&#x1b;[1m&#x1b;[31mERROR   &#x1b;[0m root:nafdocument.py:586 file:/C:/Users/lsevereijns/Documents/nafigator/tests/data/example.naf.xml:436:0:ERROR:VALID:DTD_MISSING_ATTRIBUTE: Element dep does not carry attribute to
&#x1b;[1m&#x1b;[31mERROR   &#x1b;[0m root:nafdocument.py:586 file:/C:/Users/lsevereijns/Documents/nafigator/tests/data/example.naf.xml:436:0:ERROR:VALID:DTD_UNKNOWN_ATTRIBUTE: No declaration for attribute from_term of element dep
&#x1b;[1m&#x1b;[31mERROR   &#x1b;[0m root:nafdocument.py:586 file:/C:/Users/lsevereijns/Documents/nafigator/tests/data/example.naf.xml:436:0:ERROR:VALID:DTD_UNKNOWN_ATTRIBUTE: No declaration for attribute to_term of element dep
&#x1b;[1m&#x1b;[31mERROR   &#x1b;[0m root:nafdocument.py:586 file:/C:/Users/lsevereijns/Documents/nafigator/tests/data/example.naf.xml:438:0:ERROR:VALID:DTD_MISSING_ATTRIBUTE: Element dep does not carry attribute from
&#x1b;[1m&#x1b;[31mERROR   &#x1b;[0m root:nafdocument.py:586 file:/C:/Users/lsevereijns/Documents/nafigator/tests/data/example.naf.xml:438:0:ERROR:VALID:DTD_MISSING_ATTRIBUTE: Element dep does not carry attribute to
&#x1b;[1m&#x1b;[31mERROR   &#x1b;[0m root:nafdocument.py:586 file:/C:/Users/lsevereijns/Documents/nafigator/tests/data/example.naf.xml:438:0:ERROR:VALID:DTD_UNKNOWN_ATTRIBUTE: No declaration for attribute from_term of element dep
&#x1b;[1m&#x1b;[31mERROR   &#x1b;[0m root:nafdocument.py:586 file:/C:/Users/lsevereijns/Documents/nafigator/tests/data/example.naf.xml:438:0:ERROR:VALID:DTD_UNKNOWN_ATTRIBUTE: No declaration for attribute to_term of element dep
&#x1b;[1m&#x1b;[31mERROR   &#x1b;[0m root:nafdocument.py:586 file:/C:/Users/lsevereijns/Documents/nafigator/tests/data/example.naf.xml:440:0:ERROR:VALID:DTD_MISSING_ATTRIBUTE: Element dep does not carry attribute from
&#x1b;[1m&#x1b;[31mERROR   &#x1b;[0m root:nafdocument.py:586 file:/C:/Users/lsevereijns/Documents/nafigator/tests/data/example.naf.xml:440:0:ERROR:VALID:DTD_MISSING_ATTRIBUTE: Element dep does not carry attribute to
&#x1b;[1m&#x1b;[31mERROR   &#x1b;[0m root:nafdocument.py:586 file:/C:/Users/lsevereijns/Documents/nafigator/tests/data/example.naf.xml:440:0:ERROR:VALID:DTD_UNKNOWN_ATTRIBUTE: No declaration for attribute from_term of element dep
&#x1b;[1m&#x1b;[31mERROR   &#x1b;[0m root:nafdocument.py:586 file:/C:/Users/lsevereijns/Documents/nafigator/tests/data/example.naf.xml:440:0:ERROR:VALID:DTD_UNKNOWN_ATTRIBUTE: No declaration for attribute to_term of element dep
&#x1b;[1m&#x1b;[31mERROR   &#x1b;[0m root:nafdocument.py:586 file:/C:/Users/lsevereijns/Documents/nafigator/tests/data/example.naf.xml:442:0:ERROR:VALID:DTD_MISSING_ATTRIBUTE: Element dep does not carry attribute from
&#x1b;[1m&#x1b;[31mERROR   &#x1b;[0m root:nafdocument.py:586 file:/C:/Users/lsevereijns/Documents/nafigator/tests/data/example.naf.xml:442:0:ERROR:VALID:DTD_MISSING_ATTRIBUTE: Element dep does not carry attribute to
&#x1b;[1m&#x1b;[31mERROR   &#x1b;[0m root:nafdocument.py:586 file:/C:/Users/lsevereijns/Documents/nafigator/tests/data/example.naf.xml:442:0:ERROR:VALID:DTD_UNKNOWN_ATTRIBUTE: No declaration for attribute from_term of element dep
&#x1b;[1m&#x1b;[31mERROR   &#x1b;[0m root:nafdocument.py:586 file:/C:/Users/lsevereijns/Documents/nafigator/tests/data/example.naf.xml:442:0:ERROR:VALID:DTD_UNKNOWN_ATTRIBUTE: No declaration for attribute to_term of element dep
&#x1b;[1m&#x1b;[31mERROR   &#x1b;[0m root:nafdocument.py:586 file:/C:/Users/lsevereijns/Documents/nafigator/tests/data/example.naf.xml:444:0:ERROR:VALID:DTD_MISSING_ATTRIBUTE: Element dep does not carry attribute from
&#x1b;[1m&#x1b;[31mERROR   &#x1b;[0m root:nafdocument.py:586 file:/C:/Users/lsevereijns/Documents/nafigator/tests/data/example.naf.xml:444:0:ERROR:VALID:DTD_MISSING_ATTRIBUTE: Element dep does not carry attribute to
&#x1b;[1m&#x1b;[31mERROR   &#x1b;[0m root:nafdocument.py:586 file:/C:/Users/lsevereijns/Documents/nafigator/tests/data/example.naf.xml:444:0:ERROR:VALID:DTD_UNKNOWN_ATTRIBUTE: No declaration for attribute from_term of element dep
&#x1b;[1m&#x1b;[31mERROR   &#x1b;[0m root:nafdocument.py:586 file:/C:/Users/lsevereijns/Documents/nafigator/tests/data/example.naf.xml:444:0:ERROR:VALID:DTD_UNKNOWN_ATTRIBUTE: No declaration for attribute to_term of element dep
&#x1b;[1m&#x1b;[31mERROR   &#x1b;[0m root:nafdocument.py:586 file:/C:/Users/lsevereijns/Documents/nafigator/tests/data/example.naf.xml:446:0:ERROR:VALID:DTD_MISSING_ATTRIBUTE: Element dep does not carry attribute from
&#x1b;[1m&#x1b;[31mERROR   &#x1b;[0m root:nafdocument.py:586 file:/C:/Users/lsevereijns/Documents/nafigator/tests/data/example.naf.xml:446:0:ERROR:VALID:DTD_MISSING_ATTRIBUTE: Element dep does not carry attribute to
&#x1b;[1m&#x1b;[31mERROR   &#x1b;[0m root:nafdocument.py:586 file:/C:/Users/lsevereijns/Documents/nafigator/tests/data/example.naf.xml:446:0:ERROR:VALID:DTD_UNKNOWN_ATTRIBUTE: No declaration for attribute from_term of element dep
&#x1b;[1m&#x1b;[31mERROR   &#x1b;[0m root:nafdocument.py:586 file:/C:/Users/lsevereijns/Documents/nafigator/tests/data/example.naf.xml:446:0:ERROR:VALID:DTD_UNKNOWN_ATTRIBUTE: No declaration for attribute to_term of element dep
&#x1b;[1m&#x1b;[31mERROR   &#x1b;[0m root:nafdocument.py:586 file:/C:/Users/lsevereijns/Documents/nafigator/tests/data/example.naf.xml:448:0:ERROR:VALID:DTD_MISSING_ATTRIBUTE: Element dep does not carry attribute from
&#x1b;[1m&#x1b;[31mERROR   &#x1b;[0m root:nafdocument.py:586 file:/C:/Users/lsevereijns/Documents/nafigator/tests/data/example.naf.xml:448:0:ERROR:VALID:DTD_MISSING_ATTRIBUTE: Element dep does not carry attribute to
&#x1b;[1m&#x1b;[31mERROR   &#x1b;[0m root:nafdocument.py:586 file:/C:/Users/lsevereijns/Documents/nafigator/tests/data/example.naf.xml:448:0:ERROR:VALID:DTD_UNKNOWN_ATTRIBUTE: No declaration for attribute from_term of element dep
&#x1b;[1m&#x1b;[31mERROR   &#x1b;[0m root:nafdocument.py:586 file:/C:/Users/lsevereijns/Documents/nafigator/tests/data/example.naf.xml:448:0:ERROR:VALID:DTD_UNKNOWN_ATTRIBUTE: No declaration for attribute to_term of element dep
&#x1b;[1m&#x1b;[31mERROR   &#x1b;[0m root:nafdocument.py:586 file:/C:/Users/lsevereijns/Documents/nafigator/tests/data/example.naf.xml:450:0:ERROR:VALID:DTD_MISSING_ATTRIBUTE: Element dep does not carry attribute from
&#x1b;[1m&#x1b;[31mERROR   &#x1b;[0m root:nafdocument.py:586 file:/C:/Users/lsevereijns/Documents/nafigator/tests/data/example.naf.xml:450:0:ERROR:VALID:DTD_MISSING_ATTRIBUTE: Element dep does not carry attribute to
&#x1b;[1m&#x1b;[31mERROR   &#x1b;[0m root:nafdocument.py:586 file:/C:/Users/lsevereijns/Documents/nafigator/tests/data/example.naf.xml:450:0:ERROR:VALID:DTD_UNKNOWN_ATTRIBUTE: No declaration for attribute from_term of element dep
&#x1b;[1m&#x1b;[31mERROR   &#x1b;[0m root:nafdocument.py:586 file:/C:/Users/lsevereijns/Documents/nafigator/tests/data/example.naf.xml:450:0:ERROR:VALID:DTD_UNKNOWN_ATTRIBUTE: No declaration for attribute to_term of element dep
&#x1b;[1m&#x1b;[31mERROR   &#x1b;[0m root:nafdocument.py:586 file:/C:/Users/lsevereijns/Documents/nafigator/tests/data/example.naf.xml:452:0:ERROR:VALID:DTD_MISSING_ATTRIBUTE: Element dep does not carry attribute from
&#x1b;[1m&#x1b;[31mERROR   &#x1b;[0m root:nafdocument.py:586 file:/C:/Users/lsevereijns/Documents/nafigator/tests/data/example.naf.xml:452:0:ERROR:VALID:DTD_MISSING_ATTRIBUTE: Element dep does not carry attribute to
&#x1b;[1m&#x1b;[31mERROR   &#x1b;[0m root:nafdocument.py:586 file:/C:/Users/lsevereijns/Documents/nafigator/tests/data/example.naf.xml:452:0:ERROR:VALID:DTD_UNKNOWN_ATTRIBUTE: No declaration for attribute from_term of element dep
&#x1b;[1m&#x1b;[31mERROR   &#x1b;[0m root:nafdocument.py:586 file:/C:/Users/lsevereijns/Documents/nafigator/tests/data/example.naf.xml:452:0:ERROR:VALID:DTD_UNKNOWN_ATTRIBUTE: No declaration for attribute to_term of element dep
&#x1b;[1m&#x1b;[31mERROR   &#x1b;[0m root:nafdocument.py:586 file:/C:/Users/lsevereijns/Documents/nafigator/tests/data/example.naf.xml:454:0:ERROR:VALID:DTD_MISSING_ATTRIBUTE: Element dep does not carry attribute from
&#x1b;[1m&#x1b;[31mERROR   &#x1b;[0m root:nafdocument.py:586 file:/C:/Users/lsevereijns/Documents/nafigator/tests/data/example.naf.xml:454:0:ERROR:VALID:DTD_MISSING_ATTRIBUTE: Element dep does not carry attribute to
&#x1b;[1m&#x1b;[31mERROR   &#x1b;[0m root:nafdocument.py:586 file:/C:/Users/lsevereijns/Documents/nafigator/tests/data/example.naf.xml:454:0:ERROR:VALID:DTD_UNKNOWN_ATTRIBUTE: No declaration for attribute from_term of element dep
&#x1b;[1m&#x1b;[31mERROR   &#x1b;[0m root:nafdocument.py:586 file:/C:/Users/lsevereijns/Documents/nafigator/tests/data/example.naf.xml:454:0:ERROR:VALID:DTD_UNKNOWN_ATTRIBUTE: No declaration for attribute to_term of element dep
&#x1b;[1m&#x1b;[31mERROR   &#x1b;[0m root:nafdocument.py:586 file:/C:/Users/lsevereijns/Documents/nafigator/tests/data/example.naf.xml:456:0:ERROR:VALID:DTD_MISSING_ATTRIBUTE: Element dep does not carry attribute from
&#x1b;[1m&#x1b;[31mERROR   &#x1b;[0m root:nafdocument.py:586 file:/C:/Users/lsevereijns/Documents/nafigator/tests/data/example.naf.xml:456:0:ERROR:VALID:DTD_MISSING_ATTRIBUTE: Element dep does not carry attribute to
&#x1b;[1m&#x1b;[31mERROR   &#x1b;[0m root:nafdocument.py:586 file:/C:/Users/lsevereijns/Documents/nafigator/tests/data/example.naf.xml:456:0:ERROR:VALID:DTD_UNKNOWN_ATTRIBUTE: No declaration for attribute from_term of element dep
&#x1b;[1m&#x1b;[31mERROR   &#x1b;[0m root:nafdocument.py:586 file:/C:/Users/lsevereijns/Documents/nafigator/tests/data/example.naf.xml:456:0:ERROR:VALID:DTD_UNKNOWN_ATTRIBUTE: No declaration for attribute to_term of element dep
&#x1b;[1m&#x1b;[31mERROR   &#x1b;[0m root:nafdocument.py:586 file:/C:/Users/lsevereijns/Documents/nafigator/tests/data/example.naf.xml:458:0:ERROR:VALID:DTD_MISSING_ATTRIBUTE: Element dep does not carry attribute from
&#x1b;[1m&#x1b;[31mERROR   &#x1b;[0m root:nafdocument.py:586 file:/C:/Users/lsevereijns/Documents/nafigator/tests/data/example.naf.xml:458:0:ERROR:VALID:DTD_MISSING_ATTRIBUTE: Element dep does not carry attribute to
&#x1b;[1m&#x1b;[31mERROR   &#x1b;[0m root:nafdocument.py:586 file:/C:/Users/lsevereijns/Documents/nafigator/tests/data/example.naf.xml:458:0:ERROR:VALID:DTD_UNKNOWN_ATTRIBUTE: No declaration for attribute from_term of element dep
&#x1b;[1m&#x1b;[31mERROR   &#x1b;[0m root:nafdocument.py:586 file:/C:/Users/lsevereijns/Documents/nafigator/tests/data/example.naf.xml:458:0:ERROR:VALID:DTD_UNKNOWN_ATTRIBUTE: No declaration for attribute to_term of element dep
&#x1b;[1m&#x1b;[31mERROR   &#x1b;[0m root:nafdocument.py:586 file:/C:/Users/lsevereijns/Documents/nafigator/tests/data/example.naf.xml:460:0:ERROR:VALID:DTD_MISSING_ATTRIBUTE: Element dep does not carry attribute from
&#x1b;[1m&#x1b;[31mERROR   &#x1b;[0m root:nafdocument.py:586 file:/C:/Users/lsevereijns/Documents/nafigator/tests/data/example.naf.xml:460:0:ERROR:VALID:DTD_MISSING_ATTRIBUTE: Element dep does not carry attribute to
&#x1b;[1m&#x1b;[31mERROR   &#x1b;[0m root:nafdocument.py:586 file:/C:/Users/lsevereijns/Documents/nafigator/tests/data/example.naf.xml:460:0:ERROR:VALID:DTD_UNKNOWN_ATTRIBUTE: No declaration for attribute from_term of element dep
&#x1b;[1m&#x1b;[31mERROR   &#x1b;[0m root:nafdocument.py:586 file:/C:/Users/lsevereijns/Documents/nafigator/tests/data/example.naf.xml:460:0:ERROR:VALID:DTD_UNKNOWN_ATTRIBUTE: No declaration for attribute to_term of element dep
&#x1b;[1m&#x1b;[31mERROR   &#x1b;[0m root:nafdocument.py:586 file:/C:/Users/lsevereijns/Documents/nafigator/tests/data/example.naf.xml:462:0:ERROR:VALID:DTD_MISSING_ATTRIBUTE: Element dep does not carry attribute from
&#x1b;[1m&#x1b;[31mERROR   &#x1b;[0m root:nafdocument.py:586 file:/C:/Users/lsevereijns/Documents/nafigator/tests/data/example.naf.xml:462:0:ERROR:VALID:DTD_MISSING_ATTRIBUTE: Element dep does not carry attribute to
&#x1b;[1m&#x1b;[31mERROR   &#x1b;[0m root:nafdocument.py:586 file:/C:/Users/lsevereijns/Documents/nafigator/tests/data/example.naf.xml:462:0:ERROR:VALID:DTD_UNKNOWN_ATTRIBUTE: No declaration for attribute from_term of element dep
&#x1b;[1m&#x1b;[31mERROR   &#x1b;[0m root:nafdocument.py:586 file:/C:/Users/lsevereijns/Documents/nafigator/tests/data/example.naf.xml:462:0:ERROR:VALID:DTD_UNKNOWN_ATTRIBUTE: No declaration for attribute to_term of element dep
&#x1b;[1m&#x1b;[31mERROR   &#x1b;[0m root:nafdocument.py:586 file:/C:/Users/lsevereijns/Documents/nafigator/tests/data/example.naf.xml:464:0:ERROR:VALID:DTD_MISSING_ATTRIBUTE: Element dep does not carry attribute from
&#x1b;[1m&#x1b;[31mERROR   &#x1b;[0m root:nafdocument.py:586 file:/C:/Users/lsevereijns/Documents/nafigator/tests/data/example.naf.xml:464:0:ERROR:VALID:DTD_MISSING_ATTRIBUTE: Element dep does not carry attribute to
&#x1b;[1m&#x1b;[31mERROR   &#x1b;[0m root:nafdocument.py:586 file:/C:/Users/lsevereijns/Documents/nafigator/tests/data/example.naf.xml:464:0:ERROR:VALID:DTD_UNKNOWN_ATTRIBUTE: No declaration for attribute from_term of element dep
&#x1b;[1m&#x1b;[31mERROR   &#x1b;[0m root:nafdocument.py:586 file:/C:/Users/lsevereijns/Documents/nafigator/tests/data/example.naf.xml:464:0:ERROR:VALID:DTD_UNKNOWN_ATTRIBUTE: No declaration for attribute to_term of element dep
&#x1b;[1m&#x1b;[31mERROR   &#x1b;[0m root:nafdocument.py:586 file:/C:/Users/lsevereijns/Documents/nafigator/tests/data/example.naf.xml:466:0:ERROR:VALID:DTD_MISSING_ATTRIBUTE: Element dep does not carry attribute from
&#x1b;[1m&#x1b;[31mERROR   &#x1b;[0m root:nafdocument.py:586 file:/C:/Users/lsevereijns/Documents/nafigator/tests/data/example.naf.xml:466:0:ERROR:VALID:DTD_MISSING_ATTRIBUTE: Element dep does not carry attribute to
&#x1b;[1m&#x1b;[31mERROR   &#x1b;[0m root:nafdocument.py:586 file:/C:/Users/lsevereijns/Documents/nafigator/tests/data/example.naf.xml:466:0:ERROR:VALID:DTD_UNKNOWN_ATTRIBUTE: No declaration for attribute from_term of element dep
&#x1b;[1m&#x1b;[31mERROR   &#x1b;[0m root:nafdocument.py:586 file:/C:/Users/lsevereijns/Documents/nafigator/tests/data/example.naf.xml:466:0:ERROR:VALID:DTD_UNKNOWN_ATTRIBUTE: No declaration for attribute to_term of element dep
&#x1b;[1m&#x1b;[31mERROR   &#x1b;[0m root:nafdocument.py:586 file:/C:/Users/lsevereijns/Documents/nafigator/tests/data/example.naf.xml:468:0:ERROR:VALID:DTD_MISSING_ATTRIBUTE: Element dep does not carry attribute from
&#x1b;[1m&#x1b;[31mERROR   &#x1b;[0m root:nafdocument.py:586 file:/C:/Users/lsevereijns/Documents/nafigator/tests/data/example.naf.xml:468:0:ERROR:VALID:DTD_MISSING_ATTRIBUTE: Element dep does not carry attribute to
&#x1b;[1m&#x1b;[31mERROR   &#x1b;[0m root:nafdocument.py:586 file:/C:/Users/lsevereijns/Documents/nafigator/tests/data/example.naf.xml:468:0:ERROR:VALID:DTD_UNKNOWN_ATTRIBUTE: No declaration for attribute from_term of element dep
&#x1b;[1m&#x1b;[31mERROR   &#x1b;[0m root:nafdocument.py:586 file:/C:/Users/lsevereijns/Documents/nafigator/tests/data/example.naf.xml:468:0:ERROR:VALID:DTD_UNKNOWN_ATTRIBUTE: No declaration for attribute to_term of element dep
&#x1b;[1m&#x1b;[31mERROR   &#x1b;[0m root:nafdocument.py:586 file:/C:/Users/lsevereijns/Documents/nafigator/tests/data/example.naf.xml:470:0:ERROR:VALID:DTD_MISSING_ATTRIBUTE: Element dep does not carry attribute from
&#x1b;[1m&#x1b;[31mERROR   &#x1b;[0m root:nafdocument.py:586 file:/C:/Users/lsevereijns/Documents/nafigator/tests/data/example.naf.xml:470:0:ERROR:VALID:DTD_MISSING_ATTRIBUTE: Element dep does not carry attribute to
&#x1b;[1m&#x1b;[31mERROR   &#x1b;[0m root:nafdocument.py:586 file:/C:/Users/lsevereijns/Documents/nafigator/tests/data/example.naf.xml:470:0:ERROR:VALID:DTD_UNKNOWN_ATTRIBUTE: No declaration for attribute from_term of element dep
&#x1b;[1m&#x1b;[31mERROR   &#x1b;[0m root:nafdocument.py:586 file:/C:/Users/lsevereijns/Documents/nafigator/tests/data/example.naf.xml:470:0:ERROR:VALID:DTD_UNKNOWN_ATTRIBUTE: No declaration for attribute to_term of element dep
&#x1b;[1m&#x1b;[31mERROR   &#x1b;[0m root:nafdocument.py:586 file:/C:/Users/lsevereijns/Documents/nafigator/tests/data/example.naf.xml:472:0:ERROR:VALID:DTD_MISSING_ATTRIBUTE: Element dep does not carry attribute from
&#x1b;[1m&#x1b;[31mERROR   &#x1b;[0m root:nafdocument.py:586 file:/C:/Users/lsevereijns/Documents/nafigator/tests/data/example.naf.xml:472:0:ERROR:VALID:DTD_MISSING_ATTRIBUTE: Element dep does not carry attribute to
&#x1b;[1m&#x1b;[31mERROR   &#x1b;[0m root:nafdocument.py:586 file:/C:/Users/lsevereijns/Documents/nafigator/tests/data/example.naf.xml:472:0:ERROR:VALID:DTD_UNKNOWN_ATTRIBUTE: No declaration for attribute from_term of element dep
&#x1b;[1m&#x1b;[31mERROR   &#x1b;[0m root:nafdocument.py:586 file:/C:/Users/lsevereijns/Documents/nafigator/tests/data/example.naf.xml:472:0:ERROR:VALID:DTD_UNKNOWN_ATTRIBUTE: No declaration for attribute to_term of element dep
&#x1b;[1m&#x1b;[31mERROR   &#x1b;[0m root:nafdocument.py:586 file:/C:/Users/lsevereijns/Documents/nafigator/tests/data/example.naf.xml:474:0:ERROR:VALID:DTD_MISSING_ATTRIBUTE: Element dep does not carry attribute from
&#x1b;[1m&#x1b;[31mERROR   &#x1b;[0m root:nafdocument.py:586 file:/C:/Users/lsevereijns/Documents/nafigator/tests/data/example.naf.xml:474:0:ERROR:VALID:DTD_MISSING_ATTRIBUTE: Element dep does not carry attribute to
&#x1b;[1m&#x1b;[31mERROR   &#x1b;[0m root:nafdocument.py:586 file:/C:/Users/lsevereijns/Documents/nafigator/tests/data/example.naf.xml:474:0:ERROR:VALID:DTD_UNKNOWN_ATTRIBUTE: No declaration for attribute from_term of element dep
&#x1b;[1m&#x1b;[31mERROR   &#x1b;[0m root:nafdocument.py:586 file:/C:/Users/lsevereijns/Documents/nafigator/tests/data/example.naf.xml:474:0:ERROR:VALID:DTD_UNKNOWN_ATTRIBUTE: No declaration for attribute to_term of element dep
&#x1b;[1m&#x1b;[31mERROR   &#x1b;[0m root:nafdocument.py:586 file:/C:/Users/lsevereijns/Documents/nafigator/tests/data/example.naf.xml:476:0:ERROR:VALID:DTD_MISSING_ATTRIBUTE: Element dep does not carry attribute from
&#x1b;[1m&#x1b;[31mERROR   &#x1b;[0m root:nafdocument.py:586 file:/C:/Users/lsevereijns/Documents/nafigator/tests/data/example.naf.xml:476:0:ERROR:VALID:DTD_MISSING_ATTRIBUTE: Element dep does not carry attribute to
&#x1b;[1m&#x1b;[31mERROR   &#x1b;[0m root:nafdocument.py:586 file:/C:/Users/lsevereijns/Documents/nafigator/tests/data/example.naf.xml:476:0:ERROR:VALID:DTD_UNKNOWN_ATTRIBUTE: No declaration for attribute from_term of element dep
&#x1b;[1m&#x1b;[31mERROR   &#x1b;[0m root:nafdocument.py:586 file:/C:/Users/lsevereijns/Documents/nafigator/tests/data/example.naf.xml:476:0:ERROR:VALID:DTD_UNKNOWN_ATTRIBUTE: No declaration for attribute to_term of element dep
&#x1b;[1m&#x1b;[31mERROR   &#x1b;[0m root:nafdocument.py:586 file:/C:/Users/lsevereijns/Documents/nafigator/tests/data/example.naf.xml:478:0:ERROR:VALID:DTD_MISSING_ATTRIBUTE: Element dep does not carry attribute from
&#x1b;[1m&#x1b;[31mERROR   &#x1b;[0m root:nafdocument.py:586 file:/C:/Users/lsevereijns/Documents/nafigator/tests/data/example.naf.xml:478:0:ERROR:VALID:DTD_MISSING_ATTRIBUTE: Element dep does not carry attribute to
&#x1b;[1m&#x1b;[31mERROR   &#x1b;[0m root:nafdocument.py:586 file:/C:/Users/lsevereijns/Documents/nafigator/tests/data/example.naf.xml:478:0:ERROR:VALID:DTD_UNKNOWN_ATTRIBUTE: No declaration for attribute from_term of element dep
&#x1b;[1m&#x1b;[31mERROR   &#x1b;[0m root:nafdocument.py:586 file:/C:/Users/lsevereijns/Documents/nafigator/tests/data/example.naf.xml:478:0:ERROR:VALID:DTD_UNKNOWN_ATTRIBUTE: No declaration for attribute to_term of element dep
&#x1b;[1m&#x1b;[31mERROR   &#x1b;[0m root:nafdocument.py:586 file:/C:/Users/lsevereijns/Documents/nafigator/tests/data/example.naf.xml:480:0:ERROR:VALID:DTD_MISSING_ATTRIBUTE: Element dep does not carry attribute from
&#x1b;[1m&#x1b;[31mERROR   &#x1b;[0m root:nafdocument.py:586 file:/C:/Users/lsevereijns/Documents/nafigator/tests/data/example.naf.xml:480:0:ERROR:VALID:DTD_MISSING_ATTRIBUTE: Element dep does not carry attribute to
&#x1b;[1m&#x1b;[31mERROR   &#x1b;[0m root:nafdocument.py:586 file:/C:/Users/lsevereijns/Documents/nafigator/tests/data/example.naf.xml:480:0:ERROR:VALID:DTD_UNKNOWN_ATTRIBUTE: No declaration for attribute from_term of element dep
&#x1b;[1m&#x1b;[31mERROR   &#x1b;[0m root:nafdocument.py:586 file:/C:/Users/lsevereijns/Documents/nafigator/tests/data/example.naf.xml:480:0:ERROR:VALID:DTD_UNKNOWN_ATTRIBUTE: No declaration for attribute to_term of element dep
&#x1b;[1m&#x1b;[31mERROR   &#x1b;[0m root:nafdocument.py:586 file:/C:/Users/lsevereijns/Documents/nafigator/tests/data/example.naf.xml:482:0:ERROR:VALID:DTD_MISSING_ATTRIBUTE: Element dep does not carry attribute from
&#x1b;[1m&#x1b;[31mERROR   &#x1b;[0m root:nafdocument.py:586 file:/C:/Users/lsevereijns/Documents/nafigator/tests/data/example.naf.xml:482:0:ERROR:VALID:DTD_MISSING_ATTRIBUTE: Element dep does not carry attribute to
&#x1b;[1m&#x1b;[31mERROR   &#x1b;[0m root:nafdocument.py:586 file:/C:/Users/lsevereijns/Documents/nafigator/tests/data/example.naf.xml:482:0:ERROR:VALID:DTD_UNKNOWN_ATTRIBUTE: No declaration for attribute from_term of element dep
&#x1b;[1m&#x1b;[31mERROR   &#x1b;[0m root:nafdocument.py:586 file:/C:/Users/lsevereijns/Documents/nafigator/tests/data/example.naf.xml:482:0:ERROR:VALID:DTD_UNKNOWN_ATTRIBUTE: No declaration for attribute to_term of element dep
&#x1b;[1m&#x1b;[31mERROR   &#x1b;[0m root:nafdocument.py:586 file:/C:/Users/lsevereijns/Documents/nafigator/tests/data/example.naf.xml:484:0:ERROR:VALID:DTD_MISSING_ATTRIBUTE: Element dep does not carry attribute from
&#x1b;[1m&#x1b;[31mERROR   &#x1b;[0m root:nafdocument.py:586 file:/C:/Users/lsevereijns/Documents/nafigator/tests/data/example.naf.xml:484:0:ERROR:VALID:DTD_MISSING_ATTRIBUTE: Element dep does not carry attribute to
&#x1b;[1m&#x1b;[31mERROR   &#x1b;[0m root:nafdocument.py:586 file:/C:/Users/lsevereijns/Documents/nafigator/tests/data/example.naf.xml:484:0:ERROR:VALID:DTD_UNKNOWN_ATTRIBUTE: No declaration for attribute from_term of element dep
&#x1b;[1m&#x1b;[31mERROR   &#x1b;[0m root:nafdocument.py:586 file:/C:/Users/lsevereijns/Documents/nafigator/tests/data/example.naf.xml:484:0:ERROR:VALID:DTD_UNKNOWN_ATTRIBUTE: No declaration for attribute to_term of element dep
&#x1b;[1m&#x1b;[31mERROR   &#x1b;[0m root:nafdocument.py:586 file:/C:/Users/lsevereijns/Documents/nafigator/tests/data/example.naf.xml:486:0:ERROR:VALID:DTD_MISSING_ATTRIBUTE: Element dep does not carry attribute from
&#x1b;[1m&#x1b;[31mERROR   &#x1b;[0m root:nafdocument.py:586 file:/C:/Users/lsevereijns/Documents/nafigator/tests/data/example.naf.xml:486:0:ERROR:VALID:DTD_MISSING_ATTRIBUTE: Element dep does not carry attribute to
&#x1b;[1m&#x1b;[31mERROR   &#x1b;[0m root:nafdocument.py:586 file:/C:/Users/lsevereijns/Documents/nafigator/tests/data/example.naf.xml:486:0:ERROR:VALID:DTD_UNKNOWN_ATTRIBUTE: No declaration for attribute from_term of element dep
&#x1b;[1m&#x1b;[31mERROR   &#x1b;[0m root:nafdocument.py:586 file:/C:/Users/lsevereijns/Documents/nafigator/tests/data/example.naf.xml:486:0:ERROR:VALID:DTD_UNKNOWN_ATTRIBUTE: No declaration for attribute to_term of element dep
&#x1b;[1m&#x1b;[31mERROR   &#x1b;[0m root:nafdocument.py:586 file:/C:/Users/lsevereijns/Documents/nafigator/tests/data/example.naf.xml:488:0:ERROR:VALID:DTD_MISSING_ATTRIBUTE: Element dep does not carry attribute from
&#x1b;[1m&#x1b;[31mERROR   &#x1b;[0m root:nafdocument.py:586 file:/C:/Users/lsevereijns/Documents/nafigator/tests/data/example.naf.xml:488:0:ERROR:VALID:DTD_MISSING_ATTRIBUTE: Element dep does not carry attribute to
&#x1b;[1m&#x1b;[31mERROR   &#x1b;[0m root:nafdocument.py:586 file:/C:/Users/lsevereijns/Documents/nafigator/tests/data/example.naf.xml:488:0:ERROR:VALID:DTD_UNKNOWN_ATTRIBUTE: No declaration for attribute from_term of element dep
&#x1b;[1m&#x1b;[31mERROR   &#x1b;[0m root:nafdocument.py:586 file:/C:/Users/lsevereijns/Documents/nafigator/tests/data/example.naf.xml:488:0:ERROR:VALID:DTD_UNKNOWN_ATTRIBUTE: No declaration for attribute to_term of element dep
&#x1b;[1m&#x1b;[31mERROR   &#x1b;[0m root:nafdocument.py:586 file:/C:/Users/lsevereijns/Documents/nafigator/tests/data/example.naf.xml:490:0:ERROR:VALID:DTD_MISSING_ATTRIBUTE: Element dep does not carry attribute from
&#x1b;[1m&#x1b;[31mERROR   &#x1b;[0m root:nafdocument.py:586 file:/C:/Users/lsevereijns/Documents/nafigator/tests/data/example.naf.xml:490:0:ERROR:VALID:DTD_MISSING_ATTRIBUTE: Element dep does not carry attribute to
&#x1b;[1m&#x1b;[31mERROR   &#x1b;[0m root:nafdocument.py:586 file:/C:/Users/lsevereijns/Documents/nafigator/tests/data/example.naf.xml:490:0:ERROR:VALID:DTD_UNKNOWN_ATTRIBUTE: No declaration for attribute from_term of element dep
&#x1b;[1m&#x1b;[31mERROR   &#x1b;[0m root:nafdocument.py:586 file:/C:/Users/lsevereijns/Documents/nafigator/tests/data/example.naf.xml:490:0:ERROR:VALID:DTD_UNKNOWN_ATTRIBUTE: No declaration for attribute to_term of element dep
&#x1b;[1m&#x1b;[31mERROR   &#x1b;[0m root:nafdocument.py:586 file:/C:/Users/lsevereijns/Documents/nafigator/tests/data/example.naf.xml:492:0:ERROR:VALID:DTD_MISSING_ATTRIBUTE: Element dep does not carry attribute from
&#x1b;[1m&#x1b;[31mERROR   &#x1b;[0m root:nafdocument.py:586 file:/C:/Users/lsevereijns/Documents/nafigator/tests/data/example.naf.xml:492:0:ERROR:VALID:DTD_MISSING_ATTRIBUTE: Element dep does not carry attribute to
&#x1b;[1m&#x1b;[31mERROR   &#x1b;[0m root:nafdocument.py:586 file:/C:/Users/lsevereijns/Documents/nafigator/tests/data/example.naf.xml:492:0:ERROR:VALID:DTD_UNKNOWN_ATTRIBUTE: No declaration for attribute from_term of element dep
&#x1b;[1m&#x1b;[31mERROR   &#x1b;[0m root:nafdocument.py:586 file:/C:/Users/lsevereijns/Documents/nafigator/tests/data/example.naf.xml:492:0:ERROR:VALID:DTD_UNKNOWN_ATTRIBUTE: No declaration for attribute to_term of element dep
&#x1b;[1m&#x1b;[31mERROR   &#x1b;[0m root:nafdocument.py:586 file:/C:/Users/lsevereijns/Documents/nafigator/tests/data/example.naf.xml:494:0:ERROR:VALID:DTD_MISSING_ATTRIBUTE: Element dep does not carry attribute from
&#x1b;[1m&#x1b;[31mERROR   &#x1b;[0m root:nafdocument.py:586 file:/C:/Users/lsevereijns/Documents/nafigator/tests/data/example.naf.xml:494:0:ERROR:VALID:DTD_MISSING_ATTRIBUTE: Element dep does not carry attribute to
&#x1b;[1m&#x1b;[31mERROR   &#x1b;[0m root:nafdocument.py:586 file:/C:/Users/lsevereijns/Documents/nafigator/tests/data/example.naf.xml:494:0:ERROR:VALID:DTD_UNKNOWN_ATTRIBUTE: No declaration for attribute from_term of element dep
&#x1b;[1m&#x1b;[31mERROR   &#x1b;[0m root:nafdocument.py:586 file:/C:/Users/lsevereijns/Documents/nafigator/tests/data/example.naf.xml:494:0:ERROR:VALID:DTD_UNKNOWN_ATTRIBUTE: No declaration for attribute to_term of element dep
&#x1b;[1m&#x1b;[31mERROR   &#x1b;[0m root:nafdocument.py:586 file:/C:/Users/lsevereijns/Documents/nafigator/tests/data/example.naf.xml:496:0:ERROR:VALID:DTD_MISSING_ATTRIBUTE: Element dep does not carry attribute from
&#x1b;[1m&#x1b;[31mERROR   &#x1b;[0m root:nafdocument.py:586 file:/C:/Users/lsevereijns/Documents/nafigator/tests/data/example.naf.xml:496:0:ERROR:VALID:DTD_MISSING_ATTRIBUTE: Element dep does not carry attribute to
&#x1b;[1m&#x1b;[31mERROR   &#x1b;[0m root:nafdocument.py:586 file:/C:/Users/lsevereijns/Documents/nafigator/tests/data/example.naf.xml:496:0:ERROR:VALID:DTD_UNKNOWN_ATTRIBUTE: No declaration for attribute from_term of element dep
&#x1b;[1m&#x1b;[31mERROR   &#x1b;[0m root:nafdocument.py:586 file:/C:/Users/lsevereijns/Documents/nafigator/tests/data/example.naf.xml:496:0:ERROR:VALID:DTD_UNKNOWN_ATTRIBUTE: No declaration for attribute to_term of element dep
&#x1b;[1m&#x1b;[31mERROR   &#x1b;[0m root:nafdocument.py:586 file:/C:/Users/lsevereijns/Documents/nafigator/tests/data/example.naf.xml:498:0:ERROR:VALID:DTD_MISSING_ATTRIBUTE: Element dep does not carry attribute from
&#x1b;[1m&#x1b;[31mERROR   &#x1b;[0m root:nafdocument.py:586 file:/C:/Users/lsevereijns/Documents/nafigator/tests/data/example.naf.xml:498:0:ERROR:VALID:DTD_MISSING_ATTRIBUTE: Element dep does not carry attribute to
&#x1b;[1m&#x1b;[31mERROR   &#x1b;[0m root:nafdocument.py:586 file:/C:/Users/lsevereijns/Documents/nafigator/tests/data/example.naf.xml:498:0:ERROR:VALID:DTD_UNKNOWN_ATTRIBUTE: No declaration for attribute from_term of element dep
&#x1b;[1m&#x1b;[31mERROR   &#x1b;[0m root:nafdocument.py:586 file:/C:/Users/lsevereijns/Documents/nafigator/tests/data/example.naf.xml:498:0:ERROR:VALID:DTD_UNKNOWN_ATTRIBUTE: No declaration for attribute to_term of element dep
&#x1b;[1m&#x1b;[31mERROR   &#x1b;[0m root:nafdocument.py:586 file:/C:/Users/lsevereijns/Documents/nafigator/tests/data/example.naf.xml:500:0:ERROR:VALID:DTD_MISSING_ATTRIBUTE: Element dep does not carry attribute from
&#x1b;[1m&#x1b;[31mERROR   &#x1b;[0m root:nafdocument.py:586 file:/C:/Users/lsevereijns/Documents/nafigator/tests/data/example.naf.xml:500:0:ERROR:VALID:DTD_MISSING_ATTRIBUTE: Element dep does not carry attribute to
&#x1b;[1m&#x1b;[31mERROR   &#x1b;[0m root:nafdocument.py:586 file:/C:/Users/lsevereijns/Documents/nafigator/tests/data/example.naf.xml:500:0:ERROR:VALID:DTD_UNKNOWN_ATTRIBUTE: No declaration for attribute from_term of element dep
&#x1b;[1m&#x1b;[31mERROR   &#x1b;[0m root:nafdocument.py:586 file:/C:/Users/lsevereijns/Documents/nafigator/tests/data/example.naf.xml:500:0:ERROR:VALID:DTD_UNKNOWN_ATTRIBUTE: No declaration for attribute to_term of element dep
&#x1b;[1m&#x1b;[31mERROR   &#x1b;[0m root:nafdocument.py:586 file:/C:/Users/lsevereijns/Documents/nafigator/tests/data/example.naf.xml:502:0:ERROR:VALID:DTD_MISSING_ATTRIBUTE: Element dep does not carry attribute from
&#x1b;[1m&#x1b;[31mERROR   &#x1b;[0m root:nafdocument.py:586 file:/C:/Users/lsevereijns/Documents/nafigator/tests/data/example.naf.xml:502:0:ERROR:VALID:DTD_MISSING_ATTRIBUTE: Element dep does not carry attribute to
&#x1b;[1m&#x1b;[31mERROR   &#x1b;[0m root:nafdocument.py:586 file:/C:/Users/lsevereijns/Documents/nafigator/tests/data/example.naf.xml:502:0:ERROR:VALID:DTD_UNKNOWN_ATTRIBUTE: No declaration for attribute from_term of element dep
&#x1b;[1m&#x1b;[31mERROR   &#x1b;[0m root:nafdocument.py:586 file:/C:/Users/lsevereijns/Documents/nafigator/tests/data/example.naf.xml:502:0:ERROR:VALID:DTD_UNKNOWN_ATTRIBUTE: No declaration for attribute to_term of element dep
&#x1b;[1m&#x1b;[31mERROR   &#x1b;[0m root:nafdocument.py:586 file:/C:/Users/lsevereijns/Documents/nafigator/tests/data/example.naf.xml:504:0:ERROR:VALID:DTD_MISSING_ATTRIBUTE: Element dep does not carry attribute from
&#x1b;[1m&#x1b;[31mERROR   &#x1b;[0m root:nafdocument.py:586 file:/C:/Users/lsevereijns/Documents/nafigator/tests/data/example.naf.xml:504:0:ERROR:VALID:DTD_MISSING_ATTRIBUTE: Element dep does not carry attribute to
&#x1b;[1m&#x1b;[31mERROR   &#x1b;[0m root:nafdocument.py:586 file:/C:/Users/lsevereijns/Documents/nafigator/tests/data/example.naf.xml:504:0:ERROR:VALID:DTD_UNKNOWN_ATTRIBUTE: No declaration for attribute from_term of element dep
&#x1b;[1m&#x1b;[31mERROR   &#x1b;[0m root:nafdocument.py:586 file:/C:/Users/lsevereijns/Documents/nafigator/tests/data/example.naf.xml:504:0:ERROR:VALID:DTD_UNKNOWN_ATTRIBUTE: No declaration for attribute to_term of element dep
&#x1b;[1m&#x1b;[31mERROR   &#x1b;[0m root:nafdocument.py:586 file:/C:/Users/lsevereijns/Documents/nafigator/tests/data/example.naf.xml:506:0:ERROR:VALID:DTD_MISSING_ATTRIBUTE: Element dep does not carry attribute from
&#x1b;[1m&#x1b;[31mERROR   &#x1b;[0m root:nafdocument.py:586 file:/C:/Users/lsevereijns/Documents/nafigator/tests/data/example.naf.xml:506:0:ERROR:VALID:DTD_MISSING_ATTRIBUTE: Element dep does not carry attribute to
&#x1b;[1m&#x1b;[31mERROR   &#x1b;[0m root:nafdocument.py:586 file:/C:/Users/lsevereijns/Documents/nafigator/tests/data/example.naf.xml:506:0:ERROR:VALID:DTD_UNKNOWN_ATTRIBUTE: No declaration for attribute from_term of element dep
&#x1b;[1m&#x1b;[31mERROR   &#x1b;[0m root:nafdocument.py:586 file:/C:/Users/lsevereijns/Documents/nafigator/tests/data/example.naf.xml:506:0:ERROR:VALID:DTD_UNKNOWN_ATTRIBUTE: No declaration for attribute to_term of element dep
&#x1b;[1m&#x1b;[31mERROR   &#x1b;[0m root:nafdocument.py:586 file:/C:/Users/lsevereijns/Documents/nafigator/tests/data/example.naf.xml:508:0:ERROR:VALID:DTD_MISSING_ATTRIBUTE: Element dep does not carry attribute from
&#x1b;[1m&#x1b;[31mERROR   &#x1b;[0m root:nafdocument.py:586 file:/C:/Users/lsevereijns/Documents/nafigator/tests/data/example.naf.xml:508:0:ERROR:VALID:DTD_MISSING_ATTRIBUTE: Element dep does not carry attribute to
&#x1b;[1m&#x1b;[31mERROR   &#x1b;[0m root:nafdocument.py:586 file:/C:/Users/lsevereijns/Documents/nafigator/tests/data/example.naf.xml:508:0:ERROR:VALID:DTD_UNKNOWN_ATTRIBUTE: No declaration for attribute from_term of element dep
&#x1b;[1m&#x1b;[31mERROR   &#x1b;[0m root:nafdocument.py:586 file:/C:/Users/lsevereijns/Documents/nafigator/tests/data/example.naf.xml:508:0:ERROR:VALID:DTD_UNKNOWN_ATTRIBUTE: No declaration for attribute to_term of element dep
&#x1b;[1m&#x1b;[31mERROR   &#x1b;[0m root:nafdocument.py:586 file:/C:/Users/lsevereijns/Documents/nafigator/tests/data/example.naf.xml:510:0:ERROR:VALID:DTD_MISSING_ATTRIBUTE: Element dep does not carry attribute from
&#x1b;[1m&#x1b;[31mERROR   &#x1b;[0m root:nafdocument.py:586 file:/C:/Users/lsevereijns/Documents/nafigator/tests/data/example.naf.xml:510:0:ERROR:VALID:DTD_MISSING_ATTRIBUTE: Element dep does not carry attribute to
&#x1b;[1m&#x1b;[31mERROR   &#x1b;[0m root:nafdocument.py:586 file:/C:/Users/lsevereijns/Documents/nafigator/tests/data/example.naf.xml:510:0:ERROR:VALID:DTD_UNKNOWN_ATTRIBUTE: No declaration for attribute from_term of element dep
&#x1b;[1m&#x1b;[31mERROR   &#x1b;[0m root:nafdocument.py:586 file:/C:/Users/lsevereijns/Documents/nafigator/tests/data/example.naf.xml:510:0:ERROR:VALID:DTD_UNKNOWN_ATTRIBUTE: No declaration for attribute to_term of element dep
&#x1b;[1m&#x1b;[31mERROR   &#x1b;[0m root:nafdocument.py:586 file:/C:/Users/lsevereijns/Documents/nafigator/tests/data/example.naf.xml:512:0:ERROR:VALID:DTD_MISSING_ATTRIBUTE: Element dep does not carry attribute from
&#x1b;[1m&#x1b;[31mERROR   &#x1b;[0m root:nafdocument.py:586 file:/C:/Users/lsevereijns/Documents/nafigator/tests/data/example.naf.xml:512:0:ERROR:VALID:DTD_MISSING_ATTRIBUTE: Element dep does not carry attribute to
&#x1b;[1m&#x1b;[31mERROR   &#x1b;[0m root:nafdocument.py:586 file:/C:/Users/lsevereijns/Documents/nafigator/tests/data/example.naf.xml:512:0:ERROR:VALID:DTD_UNKNOWN_ATTRIBUTE: No declaration for attribute from_term of element dep
&#x1b;[1m&#x1b;[31mERROR   &#x1b;[0m root:nafdocument.py:586 file:/C:/Users/lsevereijns/Documents/nafigator/tests/data/example.naf.xml:512:0:ERROR:VALID:DTD_UNKNOWN_ATTRIBUTE: No declaration for attribute to_term of element dep]]></output></test-case><test-case id="109" name="tests/test_nafdocument.py::TestNafDocument::test_get_attributes" fullname="tests/test_nafdocument.py::TestNafDocument::test_get_attributes" methodname="test_get_attributes" classname="TestNafDocument" runstate="Runnable" seed="1" result="Passed" label="test data of attributes output&#10;        input: etree._ElementTree + dictlike OPTIONAL = [namespace-str, exclude-list]&#10;        level: 0&#10;        scenarios: check attributes vs input&#10;        # TODO namespace not included yet in test. Add once namespaces are" start-time="2023-03-16 13:35:16.741505" end-time="2023-03-16 13:35:16.742503" duration="0.000998" asserts="0"><properties><property name="python-version" value="3.9.13 (main, Aug 25 2022, 23:51:50) [MSC v.1916 64 bit (AMD64)]" /><property name="fspath" value="tests/test_nafdocument.py" /></properties><environment framework-version="3.6.2" clr-version="3.9.13 (main, Aug 25 2022, 23:51:50) [MSC v.1916 64 bit (AMD64)]" os-version="10" platform="Windows" cwd="C:\Users\lsevereijns\Documents\nafigator" machine-name="AMD64" user="" user-domain="" culture="en_US" uiculture="en_US" os-architecture="64bit" /><failure><message><![CDATA[]]></message><stack-trace><![CDATA[None]]></stack-trace></failure><reason><message><![CDATA[]]></message></reason><output><![CDATA[]]></output></test-case><test-case id="110" name="tests/test_nafdocument.py::TestNafDocument::test_layer" fullname="tests/test_nafdocument.py::TestNafDocument::test_layer" methodname="test_layer" classname="TestNafDocument" runstate="Runnable" seed="1" result="Passed" label="test layer output&#10;        input: etree._ElementTree + str&#10;        level: 0&#10;        scenarios: check layer output" start-time="2023-03-16 13:35:16.743503" end-time="2023-03-16 13:35:16.744504" duration="0.001001" asserts="0"><properties><property name="python-version" value="3.9.13 (main, Aug 25 2022, 23:51:50) [MSC v.1916 64 bit (AMD64)]" /><property name="fspath" value="tests/test_nafdocument.py" /></properties><environment framework-version="3.6.2" clr-version="3.9.13 (main, Aug 25 2022, 23:51:50) [MSC v.1916 64 bit (AMD64)]" os-version="10" platform="Windows" cwd="C:\Users\lsevereijns\Documents\nafigator" machine-name="AMD64" user="" user-domain="" culture="en_US" uiculture="en_US" os-architecture="64bit" /><failure><message><![CDATA[]]></message><stack-trace><![CDATA[None]]></stack-trace></failure><reason><message><![CDATA[]]></message></reason><output><![CDATA[]]></output></test-case><test-case id="111" name="tests/test_nafdocument.py::TestNafDocument::test_add_filedesc_element" fullname="tests/test_nafdocument.py::TestNafDocument::test_add_filedesc_element" methodname="test_add_filedesc_element" classname="TestNafDocument" runstate="Runnable" seed="1" result="Passed" label="test added filedescription element&#10;        input: etree._ElementTree + dict&#10;        level: 1&#10;        scenarios: test elements vs input" start-time="2023-03-16 13:35:16.745504" end-time="2023-03-16 13:35:16.746503" duration="0.000999" asserts="0"><properties><property name="python-version" value="3.9.13 (main, Aug 25 2022, 23:51:50) [MSC v.1916 64 bit (AMD64)]" /><property name="fspath" value="tests/test_nafdocument.py" /></properties><environment framework-version="3.6.2" clr-version="3.9.13 (main, Aug 25 2022, 23:51:50) [MSC v.1916 64 bit (AMD64)]" os-version="10" platform="Windows" cwd="C:\Users\lsevereijns\Documents\nafigator" machine-name="AMD64" user="" user-domain="" culture="en_US" uiculture="en_US" os-architecture="64bit" /><failure><message><![CDATA[]]></message><stack-trace><![CDATA[None]]></stack-trace></failure><reason><message><![CDATA[]]></message></reason><output><![CDATA[]]></output></test-case><test-case id="112" name="tests/test_nafdocument.py::TestNafDocument::test_add_public_element" fullname="tests/test_nafdocument.py::TestNafDocument::test_add_public_element" methodname="test_add_public_element" classname="TestNafDocument" runstate="Runnable" seed="1" result="Passed" label="test added public element&#10;        input: etree._ElementTree + dict&#10;        level: 1&#10;        scenarios: test elements vs input" start-time="2023-03-16 13:35:16.747504" end-time="2023-03-16 13:35:16.748504" duration="0.001" asserts="0"><properties><property name="python-version" value="3.9.13 (main, Aug 25 2022, 23:51:50) [MSC v.1916 64 bit (AMD64)]" /><property name="fspath" value="tests/test_nafdocument.py" /></properties><environment framework-version="3.6.2" clr-version="3.9.13 (main, Aug 25 2022, 23:51:50) [MSC v.1916 64 bit (AMD64)]" os-version="10" platform="Windows" cwd="C:\Users\lsevereijns\Documents\nafigator" machine-name="AMD64" user="" user-domain="" culture="en_US" uiculture="en_US" os-architecture="64bit" /><failure><message><![CDATA[]]></message><stack-trace><![CDATA[None]]></stack-trace></failure><reason><message><![CDATA[]]></message></reason><output><![CDATA[]]></output></test-case><test-case id="113" name="tests/test_nafdocument.py::TestNafDocument::test_add_wf_element[plain text]" fullname="tests/test_nafdocument.py::TestNafDocument::test_add_wf_element[plain text]" methodname="test_add_wf_element[plain text]" classname="TestNafDocument" runstate="Runnable" seed="1" result="Passed" label="test added wf element&#10;        input: etree._ElementTree + wordform element + boolean&#10;        level: 1&#10;        scenarios: test elements vs input" start-time="2023-03-16 13:35:16.749505" end-time="2023-03-16 13:35:16.750505" duration="0.001" asserts="0"><properties><property name="python-version" value="3.9.13 (main, Aug 25 2022, 23:51:50) [MSC v.1916 64 bit (AMD64)]" /><property name="fspath" value="tests/test_nafdocument.py" /></properties><environment framework-version="3.6.2" clr-version="3.9.13 (main, Aug 25 2022, 23:51:50) [MSC v.1916 64 bit (AMD64)]" os-version="10" platform="Windows" cwd="C:\Users\lsevereijns\Documents\nafigator" machine-name="AMD64" user="" user-domain="" culture="en_US" uiculture="en_US" os-architecture="64bit" /><failure><message><![CDATA[]]></message><stack-trace><![CDATA[None]]></stack-trace></failure><reason><message><![CDATA[]]></message></reason><output><![CDATA[]]></output></test-case><test-case id="114" name="tests/test_nafdocument.py::TestNafDocument::test_add_wf_element[text with ]]&gt; more text]" fullname="tests/test_nafdocument.py::TestNafDocument::test_add_wf_element[text with ]]&gt; more text]" methodname="test_add_wf_element[text with ]]&gt; more text]" classname="TestNafDocument" runstate="Runnable" seed="1" result="Passed" label="test added wf element&#10;        input: etree._ElementTree + wordform element + boolean&#10;        level: 1&#10;        scenarios: test elements vs input" start-time="2023-03-16 13:35:16.752504" end-time="2023-03-16 13:35:16.753504" duration="0.001" asserts="0"><properties><property name="python-version" value="3.9.13 (main, Aug 25 2022, 23:51:50) [MSC v.1916 64 bit (AMD64)]" /><property name="fspath" value="tests/test_nafdocument.py" /></properties><environment framework-version="3.6.2" clr-version="3.9.13 (main, Aug 25 2022, 23:51:50) [MSC v.1916 64 bit (AMD64)]" os-version="10" platform="Windows" cwd="C:\Users\lsevereijns\Documents\nafigator" machine-name="AMD64" user="" user-domain="" culture="en_US" uiculture="en_US" os-architecture="64bit" /><failure><message><![CDATA[]]></message><stack-trace><![CDATA[None]]></stack-trace></failure><reason><message><![CDATA[]]></message></reason><output><![CDATA[]]></output></test-case><test-case id="115" name="tests/test_nafdocument.py::TestNafDocument::test_add_raw_text_element" fullname="tests/test_nafdocument.py::TestNafDocument::test_add_raw_text_element" methodname="test_add_raw_text_element" classname="TestNafDocument" runstate="Runnable" seed="1" result="Passed" label="test added wf element&#10;        input: etree._ElementTree + DependencyRelation + boolean&#10;        level: 1&#10;        scenarios: test elements vs input" start-time="2023-03-16 13:35:16.755505" end-time="2023-03-16 13:35:16.756505" duration="0.001" asserts="0"><properties><property name="python-version" value="3.9.13 (main, Aug 25 2022, 23:51:50) [MSC v.1916 64 bit (AMD64)]" /><property name="fspath" value="tests/test_nafdocument.py" /></properties><environment framework-version="3.6.2" clr-version="3.9.13 (main, Aug 25 2022, 23:51:50) [MSC v.1916 64 bit (AMD64)]" os-version="10" platform="Windows" cwd="C:\Users\lsevereijns\Documents\nafigator" machine-name="AMD64" user="" user-domain="" culture="en_US" uiculture="en_US" os-architecture="64bit" /><failure><message><![CDATA[]]></message><stack-trace><![CDATA[None]]></stack-trace></failure><reason><message><![CDATA[]]></message></reason><output><![CDATA[]]></output></test-case><test-case id="116" name="tests/test_nafdocument.py::TestNafDocument::test_add_entity_element[span0-ext_refs0]" fullname="tests/test_nafdocument.py::TestNafDocument::test_add_entity_element[span0-ext_refs0]" methodname="test_add_entity_element[span0-ext_refs0]" classname="TestNafDocument" runstate="Runnable" seed="1" result="Passed" label="test added entity element&#10;        input: etree._ElementTree + EntityElement + str + boolean&#10;        level: 1&#10;        scenarios: test elements vs input" start-time="2023-03-16 13:35:16.757506" end-time="2023-03-16 13:35:16.758505" duration="0.000999" asserts="0"><properties><property name="python-version" value="3.9.13 (main, Aug 25 2022, 23:51:50) [MSC v.1916 64 bit (AMD64)]" /><property name="fspath" value="tests/test_nafdocument.py" /></properties><environment framework-version="3.6.2" clr-version="3.9.13 (main, Aug 25 2022, 23:51:50) [MSC v.1916 64 bit (AMD64)]" os-version="10" platform="Windows" cwd="C:\Users\lsevereijns\Documents\nafigator" machine-name="AMD64" user="" user-domain="" culture="en_US" uiculture="en_US" os-architecture="64bit" /><failure><message><![CDATA[]]></message><stack-trace><![CDATA[None]]></stack-trace></failure><reason><message><![CDATA[]]></message></reason><output><![CDATA[]]></output></test-case><test-case id="117" name="tests/test_nafdocument.py::TestNafDocument::test_add_entity_element[span1-ext_refs1]" fullname="tests/test_nafdocument.py::TestNafDocument::test_add_entity_element[span1-ext_refs1]" methodname="test_add_entity_element[span1-ext_refs1]" classname="TestNafDocument" runstate="Runnable" seed="1" result="Passed" label="test added entity element&#10;        input: etree._ElementTree + EntityElement + str + boolean&#10;        level: 1&#10;        scenarios: test elements vs input" start-time="2023-03-16 13:35:16.760505" end-time="2023-03-16 13:35:16.764509" duration="0.004004" asserts="0"><properties><property name="python-version" value="3.9.13 (main, Aug 25 2022, 23:51:50) [MSC v.1916 64 bit (AMD64)]" /><property name="fspath" value="tests/test_nafdocument.py" /></properties><environment framework-version="3.6.2" clr-version="3.9.13 (main, Aug 25 2022, 23:51:50) [MSC v.1916 64 bit (AMD64)]" os-version="10" platform="Windows" cwd="C:\Users\lsevereijns\Documents\nafigator" machine-name="AMD64" user="" user-domain="" culture="en_US" uiculture="en_US" os-architecture="64bit" /><failure><message><![CDATA[]]></message><stack-trace><![CDATA[None]]></stack-trace></failure><reason><message><![CDATA[]]></message></reason><output><![CDATA[]]></output></test-case><test-case id="118" name="tests/test_nafdocument.py::TestNafDocument::test_add_term_element[span0-ext_refs0]" fullname="tests/test_nafdocument.py::TestNafDocument::test_add_term_element[span0-ext_refs0]" methodname="test_add_term_element[span0-ext_refs0]" classname="TestNafDocument" runstate="Runnable" seed="1" result="Passed" label="test added term element&#10;        input: etree._ElementTree + TermElement + str + boolean&#10;        level: 2&#10;        scenarios: test elements vs input" start-time="2023-03-16 13:35:16.766510" end-time="2023-03-16 13:35:16.767511" duration="0.001001" asserts="0"><properties><property name="python-version" value="3.9.13 (main, Aug 25 2022, 23:51:50) [MSC v.1916 64 bit (AMD64)]" /><property name="fspath" value="tests/test_nafdocument.py" /></properties><environment framework-version="3.6.2" clr-version="3.9.13 (main, Aug 25 2022, 23:51:50) [MSC v.1916 64 bit (AMD64)]" os-version="10" platform="Windows" cwd="C:\Users\lsevereijns\Documents\nafigator" machine-name="AMD64" user="" user-domain="" culture="en_US" uiculture="en_US" os-architecture="64bit" /><failure><message><![CDATA[]]></message><stack-trace><![CDATA[None]]></stack-trace></failure><reason><message><![CDATA[]]></message></reason><output><![CDATA[]]></output></test-case><test-case id="119" name="tests/test_nafdocument.py::TestNafDocument::test_add_term_element[span1-ext_refs1]" fullname="tests/test_nafdocument.py::TestNafDocument::test_add_term_element[span1-ext_refs1]" methodname="test_add_term_element[span1-ext_refs1]" classname="TestNafDocument" runstate="Runnable" seed="1" result="Passed" label="test added term element&#10;        input: etree._ElementTree + TermElement + str + boolean&#10;        level: 2&#10;        scenarios: test elements vs input" start-time="2023-03-16 13:35:16.771508" end-time="2023-03-16 13:35:16.773506" duration="0.001998" asserts="0"><properties><property name="python-version" value="3.9.13 (main, Aug 25 2022, 23:51:50) [MSC v.1916 64 bit (AMD64)]" /><property name="fspath" value="tests/test_nafdocument.py" /></properties><environment framework-version="3.6.2" clr-version="3.9.13 (main, Aug 25 2022, 23:51:50) [MSC v.1916 64 bit (AMD64)]" os-version="10" platform="Windows" cwd="C:\Users\lsevereijns\Documents\nafigator" machine-name="AMD64" user="" user-domain="" culture="en_US" uiculture="en_US" os-architecture="64bit" /><failure><message><![CDATA[]]></message><stack-trace><![CDATA[None]]></stack-trace></failure><reason><message><![CDATA[]]></message></reason><output><![CDATA[]]></output></test-case><test-case id="120" name="tests/test_nafdocument.py::TestNafDocument::test_add_chunk_element[span0]" fullname="tests/test_nafdocument.py::TestNafDocument::test_add_chunk_element[span0]" methodname="test_add_chunk_element[span0]" classname="TestNafDocument" runstate="Runnable" seed="1" result="Passed" label="test added chunk element&#10;        input: etree._ElementTree + ChunkElement + boolean&#10;        level: 2&#10;        scenarios: test elements vs input" start-time="2023-03-16 13:35:16.774506" end-time="2023-03-16 13:35:16.775506" duration="0.001" asserts="0"><properties><property name="python-version" value="3.9.13 (main, Aug 25 2022, 23:51:50) [MSC v.1916 64 bit (AMD64)]" /><property name="fspath" value="tests/test_nafdocument.py" /></properties><environment framework-version="3.6.2" clr-version="3.9.13 (main, Aug 25 2022, 23:51:50) [MSC v.1916 64 bit (AMD64)]" os-version="10" platform="Windows" cwd="C:\Users\lsevereijns\Documents\nafigator" machine-name="AMD64" user="" user-domain="" culture="en_US" uiculture="en_US" os-architecture="64bit" /><failure><message><![CDATA[]]></message><stack-trace><![CDATA[None]]></stack-trace></failure><reason><message><![CDATA[]]></message></reason><output><![CDATA[]]></output></test-case><test-case id="121" name="tests/test_nafdocument.py::TestNafDocument::test_add_chunk_element[span1]" fullname="tests/test_nafdocument.py::TestNafDocument::test_add_chunk_element[span1]" methodname="test_add_chunk_element[span1]" classname="TestNafDocument" runstate="Runnable" seed="1" result="Passed" label="test added chunk element&#10;        input: etree._ElementTree + ChunkElement + boolean&#10;        level: 2&#10;        scenarios: test elements vs input" start-time="2023-03-16 13:35:16.777510" end-time="2023-03-16 13:35:16.778507" duration="0.000997" asserts="0"><properties><property name="python-version" value="3.9.13 (main, Aug 25 2022, 23:51:50) [MSC v.1916 64 bit (AMD64)]" /><property name="fspath" value="tests/test_nafdocument.py" /></properties><environment framework-version="3.6.2" clr-version="3.9.13 (main, Aug 25 2022, 23:51:50) [MSC v.1916 64 bit (AMD64)]" os-version="10" platform="Windows" cwd="C:\Users\lsevereijns\Documents\nafigator" machine-name="AMD64" user="" user-domain="" culture="en_US" uiculture="en_US" os-architecture="64bit" /><failure><message><![CDATA[]]></message><stack-trace><![CDATA[None]]></stack-trace></failure><reason><message><![CDATA[]]></message></reason><output><![CDATA[]]></output></test-case><test-case id="122" name="tests/test_nafdocument.py::TestNafDocument::test_add_span_element" fullname="tests/test_nafdocument.py::TestNafDocument::test_add_span_element" methodname="test_add_span_element" classname="TestNafDocument" runstate="Runnable" seed="1" result="Passed" label="test added span element&#10;        input: etree._ElementTree + tree._ElementTree(2) + dictlike OPTIONAL [comments-boolean, naf_version str]&#10;        level: 1&#10;        scenarios: test elements vs input" start-time="2023-03-16 13:35:16.779507" end-time="2023-03-16 13:35:16.779507" duration="0.0" asserts="0"><properties><property name="python-version" value="3.9.13 (main, Aug 25 2022, 23:51:50) [MSC v.1916 64 bit (AMD64)]" /><property name="fspath" value="tests/test_nafdocument.py" /></properties><environment framework-version="3.6.2" clr-version="3.9.13 (main, Aug 25 2022, 23:51:50) [MSC v.1916 64 bit (AMD64)]" os-version="10" platform="Windows" cwd="C:\Users\lsevereijns\Documents\nafigator" machine-name="AMD64" user="" user-domain="" culture="en_US" uiculture="en_US" os-architecture="64bit" /><failure><message><![CDATA[]]></message><stack-trace><![CDATA[None]]></stack-trace></failure><reason><message><![CDATA[]]></message></reason><output><![CDATA[]]></output></test-case><test-case id="123" name="tests/test_nafdocument.py::TestNafDocument::test_add_external_reference_element[ext_refs0]" fullname="tests/test_nafdocument.py::TestNafDocument::test_add_external_reference_element[ext_refs0]" methodname="test_add_external_reference_element[ext_refs0]" classname="TestNafDocument" runstate="Runnable" seed="1" result="Passed" label="test added external reference element&#10;        input: etree._ElementTree + tree._ElementTree(2) + list&#10;        level: 1&#10;        scenarios: test elements vs input" start-time="2023-03-16 13:35:16.781507" end-time="2023-03-16 13:35:16.782508" duration="0.001001" asserts="0"><properties><property name="python-version" value="3.9.13 (main, Aug 25 2022, 23:51:50) [MSC v.1916 64 bit (AMD64)]" /><property name="fspath" value="tests/test_nafdocument.py" /></properties><environment framework-version="3.6.2" clr-version="3.9.13 (main, Aug 25 2022, 23:51:50) [MSC v.1916 64 bit (AMD64)]" os-version="10" platform="Windows" cwd="C:\Users\lsevereijns\Documents\nafigator" machine-name="AMD64" user="" user-domain="" culture="en_US" uiculture="en_US" os-architecture="64bit" /><failure><message><![CDATA[]]></message><stack-trace><![CDATA[None]]></stack-trace></failure><reason><message><![CDATA[]]></message></reason><output><![CDATA[]]></output></test-case><test-case id="124" name="tests/test_nafdocument.py::TestNafDocument::test_add_external_reference_element[ext_refs1]" fullname="tests/test_nafdocument.py::TestNafDocument::test_add_external_reference_element[ext_refs1]" methodname="test_add_external_reference_element[ext_refs1]" classname="TestNafDocument" runstate="Runnable" seed="1" result="Passed" label="test added external reference element&#10;        input: etree._ElementTree + tree._ElementTree(2) + list&#10;        level: 1&#10;        scenarios: test elements vs input" start-time="2023-03-16 13:35:16.783511" end-time="2023-03-16 13:35:16.784511" duration="0.001" asserts="0"><properties><property name="python-version" value="3.9.13 (main, Aug 25 2022, 23:51:50) [MSC v.1916 64 bit (AMD64)]" /><property name="fspath" value="tests/test_nafdocument.py" /></properties><environment framework-version="3.6.2" clr-version="3.9.13 (main, Aug 25 2022, 23:51:50) [MSC v.1916 64 bit (AMD64)]" os-version="10" platform="Windows" cwd="C:\Users\lsevereijns\Documents\nafigator" machine-name="AMD64" user="" user-domain="" culture="en_US" uiculture="en_US" os-architecture="64bit" /><failure><message><![CDATA[]]></message><stack-trace><![CDATA[None]]></stack-trace></failure><reason><message><![CDATA[]]></message></reason><output><![CDATA[]]></output></test-case><test-case id="125" name="tests/test_nafdocument.py::TestNafDocument::test_add_multiword_element[span0-components0-lemma0]" fullname="tests/test_nafdocument.py::TestNafDocument::test_add_multiword_element[span0-components0-lemma0]" methodname="test_add_multiword_element[span0-components0-lemma0]" classname="TestNafDocument" runstate="Runnable" seed="1" result="Passed" label="test added multiword element&#10;        input: etree._ElementTree + MultiwordElement&#10;        level: 1&#10;        scenarios: test elements vs input" start-time="2023-03-16 13:35:16.786512" end-time="2023-03-16 13:35:16.787508" duration="0.000996" asserts="0"><properties><property name="python-version" value="3.9.13 (main, Aug 25 2022, 23:51:50) [MSC v.1916 64 bit (AMD64)]" /><property name="fspath" value="tests/test_nafdocument.py" /></properties><environment framework-version="3.6.2" clr-version="3.9.13 (main, Aug 25 2022, 23:51:50) [MSC v.1916 64 bit (AMD64)]" os-version="10" platform="Windows" cwd="C:\Users\lsevereijns\Documents\nafigator" machine-name="AMD64" user="" user-domain="" culture="en_US" uiculture="en_US" os-architecture="64bit" /><failure><message><![CDATA[]]></message><stack-trace><![CDATA[None]]></stack-trace></failure><reason><message><![CDATA[]]></message></reason><output><![CDATA[]]></output></test-case><test-case id="126" name="tests/test_nafdocument.py::TestNafDocument::test_add_multiword_element[span1-components1-lemma1]" fullname="tests/test_nafdocument.py::TestNafDocument::test_add_multiword_element[span1-components1-lemma1]" methodname="test_add_multiword_element[span1-components1-lemma1]" classname="TestNafDocument" runstate="Runnable" seed="1" result="Passed" label="test added multiword element&#10;        input: etree._ElementTree + MultiwordElement&#10;        level: 1&#10;        scenarios: test elements vs input" start-time="2023-03-16 13:35:16.788508" end-time="2023-03-16 13:35:16.790509" duration="0.002001" asserts="0"><properties><property name="python-version" value="3.9.13 (main, Aug 25 2022, 23:51:50) [MSC v.1916 64 bit (AMD64)]" /><property name="fspath" value="tests/test_nafdocument.py" /></properties><environment framework-version="3.6.2" clr-version="3.9.13 (main, Aug 25 2022, 23:51:50) [MSC v.1916 64 bit (AMD64)]" os-version="10" platform="Windows" cwd="C:\Users\lsevereijns\Documents\nafigator" machine-name="AMD64" user="" user-domain="" culture="en_US" uiculture="en_US" os-architecture="64bit" /><failure><message><![CDATA[]]></message><stack-trace><![CDATA[None]]></stack-trace></failure><reason><message><![CDATA[]]></message></reason><output><![CDATA[]]></output></test-case><test-case id="127" name="tests/test_nafdocument.py::TestNafDocument::test_add_formats_copy_element" fullname="tests/test_nafdocument.py::TestNafDocument::test_add_formats_copy_element" methodname="test_add_formats_copy_element" classname="TestNafDocument" runstate="Runnable" seed="1" result="Passed" label="test added formats copy element&#10;        input: etree._ElementTree + src str + formats str&#10;        level: 0&#10;        scenarios: test elements vs input" start-time="2023-03-16 13:35:16.790509" end-time="2023-03-16 13:35:16.791511" duration="0.001002" asserts="0"><properties><property name="python-version" value="3.9.13 (main, Aug 25 2022, 23:51:50) [MSC v.1916 64 bit (AMD64)]" /><property name="fspath" value="tests/test_nafdocument.py" /></properties><environment framework-version="3.6.2" clr-version="3.9.13 (main, Aug 25 2022, 23:51:50) [MSC v.1916 64 bit (AMD64)]" os-version="10" platform="Windows" cwd="C:\Users\lsevereijns\Documents\nafigator" machine-name="AMD64" user="" user-domain="" culture="en_US" uiculture="en_US" os-architecture="64bit" /><failure><message><![CDATA[]]></message><stack-trace><![CDATA[None]]></stack-trace></failure><reason><message><![CDATA[]]></message></reason><output><![CDATA[]]></output></test-case><test-case id="128" name="tests/test_nafdocument.py::TestNafDocument::test_add_formats_element" fullname="tests/test_nafdocument.py::TestNafDocument::test_add_formats_element" methodname="test_add_formats_element" classname="TestNafDocument" runstate="Runnable" seed="1" result="Passed" label="test added formats element&#10;        input: etree._ElementTree + src str + formats str + bool Optional: [camelot.core.TableList]&#10;        level: 1&#10;        scenarios: test elements vs input" start-time="2023-03-16 13:35:16.793510" end-time="2023-03-16 13:35:16.795510" duration="0.002" asserts="0"><properties><property name="python-version" value="3.9.13 (main, Aug 25 2022, 23:51:50) [MSC v.1916 64 bit (AMD64)]" /><property name="fspath" value="tests/test_nafdocument.py" /></properties><environment framework-version="3.6.2" clr-version="3.9.13 (main, Aug 25 2022, 23:51:50) [MSC v.1916 64 bit (AMD64)]" os-version="10" platform="Windows" cwd="C:\Users\lsevereijns\Documents\nafigator" machine-name="AMD64" user="" user-domain="" culture="en_US" uiculture="en_US" os-architecture="64bit" /><failure><message><![CDATA[]]></message><stack-trace><![CDATA[None]]></stack-trace></failure><reason><message><![CDATA[]]></message></reason><output><![CDATA[]]></output></test-case><environment framework-version="3.6.2" clr-version="3.9.13 (main, Aug 25 2022, 23:51:50) [MSC v.1916 64 bit (AMD64)]" os-version="10" platform="Windows" cwd="C:\Users\lsevereijns\Documents\nafigator" machine-name="AMD64" user="" user-domain="" culture="en_US" uiculture="en_US" os-architecture="64bit" /></test-suite></test-run>